<?xml version="1.0" encoding="utf-8"?>
<TestRun id="2e7ac05d-c8b8-4010-8fa2-79baae29a294" name="@b0cf5c89b820 2026-01-05 10:53:14" xmlns="http://microsoft.com/schemas/VisualStudio/TeamTest/2010">
  <Times creation="2026-01-05T10:53:14.6337159+00:00" queuing="2026-01-05T10:53:14.6337160+00:00" start="2026-01-05T10:53:14.0082802+00:00" finish="2026-01-05T10:53:15.2597442+00:00" />
  <TestSettings name="default" id="06e7ee4b-b4c3-42c3-9fb0-7bc589cb0aad">
    <Deployment runDeploymentRoot="_b0cf5c89b820_2026-01-05_10_53_14" />
  </TestSettings>
  <Results>
    <UnitTestResult executionId="c52a91d7-b63f-4e70-967c-44ea16fca978" testId="c63f3eb3-6c37-a213-8184-26236ea27044" testName="TourManagement.Infrastructure.Data.Configurations.Tests.TourConfigurationTests.Configure_TourName_ShouldHaveMaxLength" computerName="b0cf5c89b820" duration="00:00:00.0003999" startTime="2026-01-05T10:53:14.9705031+00:00" endTime="2026-01-05T10:53:14.9705031+00:00" testType="13cdc9d9-ddb5-4fa4-a97d-d965ccfc6d4b" outcome="Passed" testListId="8c84fa94-04c1-424b-9868-57a2d4851a1d" relativeResultsDirectory="c52a91d7-b63f-4e70-967c-44ea16fca978" />
    <UnitTestResult executionId="ec51e879-432b-4fdd-b914-bbafa049f93c" testId="b806dfb8-a48e-7454-6cf7-a43fad88770b" testName="TourManagement.Infrastructure.Data.Configurations.Tests.TourConfigurationTests.Configure_Bookings_ShouldHaveRelationship" computerName="b0cf5c89b820" duration="00:00:00.0003642" startTime="2026-01-05T10:53:14.9695487+00:00" endTime="2026-01-05T10:53:14.9695487+00:00" testType="13cdc9d9-ddb5-4fa4-a97d-d965ccfc6d4b" outcome="Passed" testListId="8c84fa94-04c1-424b-9868-57a2d4851a1d" relativeResultsDirectory="ec51e879-432b-4fdd-b914-bbafa049f93c" />
    <UnitTestResult executionId="29e0ade8-693d-402d-9bc0-003ab1cda280" testId="f96c6ffe-3a41-1518-1f38-647acd7b082f" testName="TourManagement.Infrastructure.Data.Configurations.Tests.BookingConfigurationTests.Configure_ShouldSetPrimaryKey" computerName="b0cf5c89b820" duration="00:00:00.0006904" startTime="2026-01-05T10:53:14.9682340+00:00" endTime="2026-01-05T10:53:14.9682341+00:00" testType="13cdc9d9-ddb5-4fa4-a97d-d965ccfc6d4b" outcome="Passed" testListId="8c84fa94-04c1-424b-9868-57a2d4851a1d" relativeResultsDirectory="29e0ade8-693d-402d-9bc0-003ab1cda280" />
    <UnitTestResult executionId="cc1a3e06-c1d3-4ccd-aff5-e1f73b002814" testId="fb758fd9-c517-2bd6-8c6a-be69dc1b448e" testName="TourManagement.Infrastructure.Repositories.Tests.BookingRepositoryTests.GetAllAsync_WithNoBookings_ShouldReturnEmptyList" computerName="b0cf5c89b820" duration="00:00:00.0007657" startTime="2026-01-05T10:53:15.1837615+00:00" endTime="2026-01-05T10:53:15.1837616+00:00" testType="13cdc9d9-ddb5-4fa4-a97d-d965ccfc6d4b" outcome="Passed" testListId="8c84fa94-04c1-424b-9868-57a2d4851a1d" relativeResultsDirectory="cc1a3e06-c1d3-4ccd-aff5-e1f73b002814" />
    <UnitTestResult executionId="a974d79e-4bff-47ad-80cf-7dc4b3fa48b4" testId="b41db816-283d-02ed-8322-c59acf454680" testName="TourManagement.Infrastructure.Data.Configurations.Tests.TourConfigurationTests.Configure_Place_ShouldBeRequired" computerName="b0cf5c89b820" duration="00:00:00.0004496" startTime="2026-01-05T10:53:14.9684536+00:00" endTime="2026-01-05T10:53:14.9684537+00:00" testType="13cdc9d9-ddb5-4fa4-a97d-d965ccfc6d4b" outcome="Passed" testListId="8c84fa94-04c1-424b-9868-57a2d4851a1d" relativeResultsDirectory="a974d79e-4bff-47ad-80cf-7dc4b3fa48b4" />
    <UnitTestResult executionId="1dc904f2-607d-41d1-ae42-8b0b6b222628" testId="750f79c3-2150-f848-f2f4-04c00df83300" testName="TourManagement.Infrastructure.Repositories.Tests.TourRepositoryTests.SearchAsync_WithMatchingPlace_ShouldReturnTours" computerName="b0cf5c89b820" duration="00:00:00.0129126" startTime="2026-01-05T10:53:15.0928848+00:00" endTime="2026-01-05T10:53:15.0928849+00:00" testType="13cdc9d9-ddb5-4fa4-a97d-d965ccfc6d4b" outcome="Passed" testListId="8c84fa94-04c1-424b-9868-57a2d4851a1d" relativeResultsDirectory="1dc904f2-607d-41d1-ae42-8b0b6b222628" />
    <UnitTestResult executionId="0e9e67bb-22b4-43e9-ad6f-1ebbf477eafb" testId="b1c8dc78-04dd-1e7b-cc0a-f53237b5dfd9" testName="TourManagement.Infrastructure.Repositories.Tests.BookingRepositoryTests.ExistsAsync_WithValidId_ShouldReturnTrue" computerName="b0cf5c89b820" duration="00:00:00.0008963" startTime="2026-01-05T10:53:15.1868232+00:00" endTime="2026-01-05T10:53:15.1868232+00:00" testType="13cdc9d9-ddb5-4fa4-a97d-d965ccfc6d4b" outcome="Passed" testListId="8c84fa94-04c1-424b-9868-57a2d4851a1d" relativeResultsDirectory="0e9e67bb-22b4-43e9-ad6f-1ebbf477eafb" />
    <UnitTestResult executionId="a1b1a220-8933-488c-870a-d67acb1a920a" testId="d38b1185-9535-f303-fa11-def76d4b2161" testName="TourManagement.Infrastructure.Data.Tests.TourManagementDbContextTests.Tours_DbSet_ShouldNotBeNull" computerName="b0cf5c89b820" duration="00:00:00.0003398" startTime="2026-01-05T10:53:15.0595222+00:00" endTime="2026-01-05T10:53:15.0595222+00:00" testType="13cdc9d9-ddb5-4fa4-a97d-d965ccfc6d4b" outcome="Passed" testListId="8c84fa94-04c1-424b-9868-57a2d4851a1d" relativeResultsDirectory="a1b1a220-8933-488c-870a-d67acb1a920a" />
    <UnitTestResult executionId="ab8af77c-3486-496d-b520-861ead8b0a06" testId="9ca839bf-1ae9-4608-a0f3-1bfb3efc10b7" testName="TourManagement.Infrastructure.Data.Configurations.Tests.UserConfigurationTests.Configure_LastName_ShouldBeRequired" computerName="b0cf5c89b820" duration="00:00:00.0004734" startTime="2026-01-05T10:53:14.9650989+00:00" endTime="2026-01-05T10:53:14.9650990+00:00" testType="13cdc9d9-ddb5-4fa4-a97d-d965ccfc6d4b" outcome="Passed" testListId="8c84fa94-04c1-424b-9868-57a2d4851a1d" relativeResultsDirectory="ab8af77c-3486-496d-b520-861ead8b0a06" />
    <UnitTestResult executionId="a7153c3b-c047-4a17-938e-67dd19095229" testId="b550e4b3-8e29-5b9c-5b87-7a78a6e25621" testName="TourManagement.Infrastructure.Data.Configurations.Tests.TourConfigurationTests.Configure_Locations_ShouldHaveMaxLength" computerName="b0cf5c89b820" duration="00:00:00.0005384" startTime="2026-01-05T10:53:14.9640233+00:00" endTime="2026-01-05T10:53:14.9640234+00:00" testType="13cdc9d9-ddb5-4fa4-a97d-d965ccfc6d4b" outcome="Passed" testListId="8c84fa94-04c1-424b-9868-57a2d4851a1d" relativeResultsDirectory="a7153c3b-c047-4a17-938e-67dd19095229" />
    <UnitTestResult executionId="199607b7-2fad-4d4e-99bb-dea0f25f90cc" testId="375a2db7-b0e7-436f-146a-c289f6d9e819" testName="TourManagement.Infrastructure.Data.Configurations.Tests.TourConfigurationTests.Configure_TourInfo_ShouldHaveMaxLength" computerName="b0cf5c89b820" duration="00:00:00.0005159" startTime="2026-01-05T10:53:14.9728962+00:00" endTime="2026-01-05T10:53:14.9728963+00:00" testType="13cdc9d9-ddb5-4fa4-a97d-d965ccfc6d4b" outcome="Passed" testListId="8c84fa94-04c1-424b-9868-57a2d4851a1d" relativeResultsDirectory="199607b7-2fad-4d4e-99bb-dea0f25f90cc" />
    <UnitTestResult executionId="86de3e39-5281-4d87-8131-f10c12eb36f8" testId="c60fbdd0-d313-4473-5a00-a5a29c8144dc" testName="TourManagement.Infrastructure.Extensions.Tests.ServiceCollectionExtensionsTests.AddInfrastructureServices_ShouldRegisterUserRepository" computerName="b0cf5c89b820" duration="00:00:00.0002941" startTime="2026-01-05T10:53:14.6041348+00:00" endTime="2026-01-05T10:53:14.6041349+00:00" testType="13cdc9d9-ddb5-4fa4-a97d-d965ccfc6d4b" outcome="Failed" testListId="8c84fa94-04c1-424b-9868-57a2d4851a1d" relativeResultsDirectory="86de3e39-5281-4d87-8131-f10c12eb36f8">
      <Output>
        <ErrorInfo>
          <Message>System.InvalidOperationException : Unable to resolve service for type 'Microsoft.Extensions.Logging.ILogger`1[TourManagement.Infrastructure.Repositories.UserRepository]' while attempting to activate 'TourManagement.Infrastructure.Repositories.UserRepository'.</Message>
          <StackTrace>   at Microsoft.Extensions.DependencyInjection.ServiceLookup.CallSiteFactory.CreateArgumentCallSites(ServiceIdentifier serviceIdentifier, Type implementationType, CallSiteChain callSiteChain, ParameterInfo[] parameters, Boolean throwIfCallSiteNotFound)
   at Microsoft.Extensions.DependencyInjection.ServiceLookup.CallSiteFactory.CreateConstructorCallSite(ResultCache lifetime, ServiceIdentifier serviceIdentifier, Type implementationType, CallSiteChain callSiteChain)
   at Microsoft.Extensions.DependencyInjection.ServiceLookup.CallSiteFactory.TryCreateExact(ServiceDescriptor descriptor, ServiceIdentifier serviceIdentifier, CallSiteChain callSiteChain, Int32 slot)
   at Microsoft.Extensions.DependencyInjection.ServiceLookup.CallSiteFactory.TryCreateExact(ServiceIdentifier serviceIdentifier, CallSiteChain callSiteChain)
   at Microsoft.Extensions.DependencyInjection.ServiceLookup.CallSiteFactory.CreateCallSite(ServiceIdentifier serviceIdentifier, CallSiteChain callSiteChain)
   at Microsoft.Extensions.DependencyInjection.ServiceLookup.CallSiteFactory.GetCallSite(ServiceIdentifier serviceIdentifier, CallSiteChain callSiteChain)
   at Microsoft.Extensions.DependencyInjection.ServiceProvider.CreateServiceAccessor(ServiceIdentifier serviceIdentifier)
   at System.Collections.Concurrent.ConcurrentDictionary`2.GetOrAdd(TKey key, Func`2 valueFactory)
   at Microsoft.Extensions.DependencyInjection.ServiceProvider.GetService(ServiceIdentifier serviceIdentifier, ServiceProviderEngineScope serviceProviderEngineScope)
   at Microsoft.Extensions.DependencyInjection.ServiceProvider.GetService(Type serviceType)
   at Microsoft.Extensions.DependencyInjection.ServiceProviderServiceExtensions.GetService[T](IServiceProvider provider)
   at TourManagement.Infrastructure.Extensions.Tests.ServiceCollectionExtensionsTests.AddInfrastructureServices_ShouldRegisterUserRepository() in /modernize-data/studio-data/TNT1001/APP2730/transformed-code/866/studio-workspace/TMS20/Tests/TourManagement.Infrastructure.Tests/ServiceCollectionExtensionsTests.cs:line 72
   at System.RuntimeMethodHandle.InvokeMethod(Object target, Void** arguments, Signature sig, Boolean isConstructor)
   at System.Reflection.MethodBaseInvoker.InvokeWithNoArgs(Object obj, BindingFlags invokeAttr)</StackTrace>
        </ErrorInfo>
      </Output>
    </UnitTestResult>
    <UnitTestResult executionId="a6036608-1b55-4216-99c1-402019209710" testId="edbbc258-b866-0536-1941-4f2ba3b297fc" testName="TourManagement.Infrastructure.Extensions.Tests.ServiceCollectionExtensionsTests.AddInfrastructureServices_ShouldReturnServiceCollection" computerName="b0cf5c89b820" duration="00:00:00.0063203" startTime="2026-01-05T10:53:14.5530346+00:00" endTime="2026-01-05T10:53:14.5530347+00:00" testType="13cdc9d9-ddb5-4fa4-a97d-d965ccfc6d4b" outcome="Passed" testListId="8c84fa94-04c1-424b-9868-57a2d4851a1d" relativeResultsDirectory="a6036608-1b55-4216-99c1-402019209710" />
    <UnitTestResult executionId="a5d69f1f-4200-4dc9-89fa-c0f972a0604c" testId="ec6caad7-a5d4-9e85-7336-4886b461cabf" testName="TourManagement.Infrastructure.Repositories.Tests.BookingRepositoryTests.GetByIdAsync_WithValidId_ShouldReturnBooking" computerName="b0cf5c89b820" duration="00:00:00.0010893" startTime="2026-01-05T10:53:15.1853150+00:00" endTime="2026-01-05T10:53:15.1853151+00:00" testType="13cdc9d9-ddb5-4fa4-a97d-d965ccfc6d4b" outcome="Failed" testListId="8c84fa94-04c1-424b-9868-57a2d4851a1d" relativeResultsDirectory="a5d69f1f-4200-4dc9-89fa-c0f972a0604c">
      <Output>
        <ErrorInfo>
          <Message>Assert.NotNull() Failure: Value is null</Message>
          <StackTrace>   at TourManagement.Infrastructure.Repositories.Tests.BookingRepositoryTests.GetByIdAsync_WithValidId_ShouldReturnBooking() in /modernize-data/studio-data/TNT1001/APP2730/transformed-code/866/studio-workspace/TMS20/Tests/TourManagement.Infrastructure.Tests/BookingRepositoryTests.cs:line 87
--- End of stack trace from previous location ---</StackTrace>
        </ErrorInfo>
      </Output>
    </UnitTestResult>
    <UnitTestResult executionId="21eb3363-f5fe-4c53-aad1-9b37396dfaab" testId="54fe950d-3a57-40d2-1b06-ee0968d5cb9b" testName="TourManagement.Infrastructure.Extensions.Tests.ServiceCollectionExtensionsTests.AddInfrastructureServices_ShouldRegisterTourRepository" computerName="b0cf5c89b820" duration="00:00:00.0004195" startTime="2026-01-05T10:53:14.6035675+00:00" endTime="2026-01-05T10:53:14.6035676+00:00" testType="13cdc9d9-ddb5-4fa4-a97d-d965ccfc6d4b" outcome="Failed" testListId="8c84fa94-04c1-424b-9868-57a2d4851a1d" relativeResultsDirectory="21eb3363-f5fe-4c53-aad1-9b37396dfaab">
      <Output>
        <ErrorInfo>
          <Message>System.InvalidOperationException : Unable to resolve service for type 'Microsoft.Extensions.Logging.ILogger`1[TourManagement.Infrastructure.Repositories.TourRepository]' while attempting to activate 'TourManagement.Infrastructure.Repositories.TourRepository'.</Message>
          <StackTrace>   at Microsoft.Extensions.DependencyInjection.ServiceLookup.CallSiteFactory.CreateArgumentCallSites(ServiceIdentifier serviceIdentifier, Type implementationType, CallSiteChain callSiteChain, ParameterInfo[] parameters, Boolean throwIfCallSiteNotFound)
   at Microsoft.Extensions.DependencyInjection.ServiceLookup.CallSiteFactory.CreateConstructorCallSite(ResultCache lifetime, ServiceIdentifier serviceIdentifier, Type implementationType, CallSiteChain callSiteChain)
   at Microsoft.Extensions.DependencyInjection.ServiceLookup.CallSiteFactory.TryCreateExact(ServiceDescriptor descriptor, ServiceIdentifier serviceIdentifier, CallSiteChain callSiteChain, Int32 slot)
   at Microsoft.Extensions.DependencyInjection.ServiceLookup.CallSiteFactory.TryCreateExact(ServiceIdentifier serviceIdentifier, CallSiteChain callSiteChain)
   at Microsoft.Extensions.DependencyInjection.ServiceLookup.CallSiteFactory.CreateCallSite(ServiceIdentifier serviceIdentifier, CallSiteChain callSiteChain)
   at Microsoft.Extensions.DependencyInjection.ServiceLookup.CallSiteFactory.GetCallSite(ServiceIdentifier serviceIdentifier, CallSiteChain callSiteChain)
   at Microsoft.Extensions.DependencyInjection.ServiceProvider.CreateServiceAccessor(ServiceIdentifier serviceIdentifier)
   at System.Collections.Concurrent.ConcurrentDictionary`2.GetOrAdd(TKey key, Func`2 valueFactory)
   at Microsoft.Extensions.DependencyInjection.ServiceProvider.GetService(ServiceIdentifier serviceIdentifier, ServiceProviderEngineScope serviceProviderEngineScope)
   at Microsoft.Extensions.DependencyInjection.ServiceProvider.GetService(Type serviceType)
   at Microsoft.Extensions.DependencyInjection.ServiceProviderServiceExtensions.GetService[T](IServiceProvider provider)
   at TourManagement.Infrastructure.Extensions.Tests.ServiceCollectionExtensionsTests.AddInfrastructureServices_ShouldRegisterTourRepository() in /modernize-data/studio-data/TNT1001/APP2730/transformed-code/866/studio-workspace/TMS20/Tests/TourManagement.Infrastructure.Tests/ServiceCollectionExtensionsTests.cs:line 51
   at System.RuntimeMethodHandle.InvokeMethod(Object target, Void** arguments, Signature sig, Boolean isConstructor)
   at System.Reflection.MethodBaseInvoker.InvokeWithNoArgs(Object obj, BindingFlags invokeAttr)</StackTrace>
        </ErrorInfo>
      </Output>
    </UnitTestResult>
    <UnitTestResult executionId="c0d867f1-3d9a-4079-901f-575ed59479a7" testId="af055928-a4e8-60b9-4d06-126b19e8232f" testName="TourManagement.Infrastructure.Repositories.Tests.BookingRepositoryTests.GetByTourIdAsync_WithNoBookings_ShouldReturnEmptyList" computerName="b0cf5c89b820" duration="00:00:00.0008312" startTime="2026-01-05T10:53:15.1924715+00:00" endTime="2026-01-05T10:53:15.1924716+00:00" testType="13cdc9d9-ddb5-4fa4-a97d-d965ccfc6d4b" outcome="Passed" testListId="8c84fa94-04c1-424b-9868-57a2d4851a1d" relativeResultsDirectory="c0d867f1-3d9a-4079-901f-575ed59479a7" />
    <UnitTestResult executionId="1d3f5440-554e-450f-9fcc-a229af885fea" testId="5704fc89-bdd4-e121-3716-b82549dc7cbc" testName="TourManagement.Infrastructure.Repositories.Tests.BookingRepositoryTests.GetByUserIdAsync_ShouldNotReturnInactiveBookings" computerName="b0cf5c89b820" duration="00:00:00.0011593" startTime="2026-01-05T10:53:15.1884144+00:00" endTime="2026-01-05T10:53:15.1884145+00:00" testType="13cdc9d9-ddb5-4fa4-a97d-d965ccfc6d4b" outcome="Failed" testListId="8c84fa94-04c1-424b-9868-57a2d4851a1d" relativeResultsDirectory="1d3f5440-554e-450f-9fcc-a229af885fea">
      <Output>
        <ErrorInfo>
          <Message>Assert.Single() Failure: The collection was empty</Message>
          <StackTrace>   at TourManagement.Infrastructure.Repositories.Tests.BookingRepositoryTests.GetByUserIdAsync_ShouldNotReturnInactiveBookings() in /modernize-data/studio-data/TNT1001/APP2730/transformed-code/866/studio-workspace/TMS20/Tests/TourManagement.Infrastructure.Tests/BookingRepositoryTests.cs:line 176
--- End of stack trace from previous location ---</StackTrace>
        </ErrorInfo>
      </Output>
    </UnitTestResult>
    <UnitTestResult executionId="c17d9f61-642f-40a3-b69b-ac96cc3864fa" testId="d068fa02-b3ec-beee-fc5d-b8938f39ce1d" testName="TourManagement.Infrastructure.Repositories.Tests.TourRepositoryTests.ExistsAsync_WithInactiveTour_ShouldReturnFalse" computerName="b0cf5c89b820" duration="00:00:00.0013175" startTime="2026-01-05T10:53:15.1074732+00:00" endTime="2026-01-05T10:53:15.1074733+00:00" testType="13cdc9d9-ddb5-4fa4-a97d-d965ccfc6d4b" outcome="Passed" testListId="8c84fa94-04c1-424b-9868-57a2d4851a1d" relativeResultsDirectory="c17d9f61-642f-40a3-b69b-ac96cc3864fa" />
    <UnitTestResult executionId="a143c7fb-a022-43a0-8048-a7ead301d42d" testId="3cbc09a6-f584-683e-4157-3f03c84a1dab" testName="TourManagement.Infrastructure.Data.Configurations.Tests.UserConfigurationTests.Configure_PasswordHash_ShouldBeRequired" computerName="b0cf5c89b820" duration="00:00:00.0003356" startTime="2026-01-05T10:53:14.9671623+00:00" endTime="2026-01-05T10:53:14.9671623+00:00" testType="13cdc9d9-ddb5-4fa4-a97d-d965ccfc6d4b" outcome="Passed" testListId="8c84fa94-04c1-424b-9868-57a2d4851a1d" relativeResultsDirectory="a143c7fb-a022-43a0-8048-a7ead301d42d" />
    <UnitTestResult executionId="ddc85817-1aca-4736-940e-e72dda2cfbc9" testId="aeb777e8-3c5f-76de-6258-229ca3fd5310" testName="TourManagement.Infrastructure.Data.Configurations.Tests.TourConfigurationTests.Configure_PictureFileName_ShouldHaveColumnName" computerName="b0cf5c89b820" duration="00:00:00.0003811" startTime="2026-01-05T10:53:14.9612257+00:00" endTime="2026-01-05T10:53:14.9612258+00:00" testType="13cdc9d9-ddb5-4fa4-a97d-d965ccfc6d4b" outcome="Passed" testListId="8c84fa94-04c1-424b-9868-57a2d4851a1d" relativeResultsDirectory="ddc85817-1aca-4736-940e-e72dda2cfbc9" />
    <UnitTestResult executionId="43132a56-8491-4d4c-8a56-f56ac108a086" testId="bfc3a712-5305-efab-afd2-6ae64671ebb7" testName="TourManagement.Infrastructure.Data.Configurations.Tests.UserConfigurationTests.Configure_Street_ShouldHaveMaxLength" computerName="b0cf5c89b820" duration="00:00:00.0004237" startTime="2026-01-05T10:53:14.9720868+00:00" endTime="2026-01-05T10:53:14.9720870+00:00" testType="13cdc9d9-ddb5-4fa4-a97d-d965ccfc6d4b" outcome="Passed" testListId="8c84fa94-04c1-424b-9868-57a2d4851a1d" relativeResultsDirectory="43132a56-8491-4d4c-8a56-f56ac108a086" />
    <UnitTestResult executionId="7382f754-2ae0-46c7-9357-5f1b8be3135b" testId="6d8b2bd7-f708-edd8-c127-be08dbcbadfb" testName="TourManagement.Infrastructure.Repositories.Tests.TourRepositoryTests.DeleteAsync_ShouldMarkTourAsInactive" computerName="b0cf5c89b820" duration="00:00:00.0018638" startTime="2026-01-05T10:53:15.1151481+00:00" endTime="2026-01-05T10:53:15.1151481+00:00" testType="13cdc9d9-ddb5-4fa4-a97d-d965ccfc6d4b" outcome="Passed" testListId="8c84fa94-04c1-424b-9868-57a2d4851a1d" relativeResultsDirectory="7382f754-2ae0-46c7-9357-5f1b8be3135b" />
    <UnitTestResult executionId="2dc15ae8-baf4-4c4b-80c5-8ddbf569af10" testId="3aad359d-2b24-ad21-b965-5c6e930c37fa" testName="TourManagement.Infrastructure.Data.Configurations.Tests.TourConfigurationTests.Configure_Locations_ShouldHaveColumnName" computerName="b0cf5c89b820" duration="00:00:00.0004288" startTime="2026-01-05T10:53:14.9680130+00:00" endTime="2026-01-05T10:53:14.9680131+00:00" testType="13cdc9d9-ddb5-4fa4-a97d-d965ccfc6d4b" outcome="Passed" testListId="8c84fa94-04c1-424b-9868-57a2d4851a1d" relativeResultsDirectory="2dc15ae8-baf4-4c4b-80c5-8ddbf569af10" />
    <UnitTestResult executionId="e9c5a9b8-a98f-426f-b880-2de9e17ad29c" testId="f55d33b1-ae65-b652-39ce-7ec5fe8317c8" testName="TourManagement.Infrastructure.Data.Configurations.Tests.TourConfigurationTests.Configure_TourId_ShouldHaveColumnName" computerName="b0cf5c89b820" duration="00:00:00.4200096" startTime="2026-01-05T10:53:14.9349548+00:00" endTime="2026-01-05T10:53:14.9349549+00:00" testType="13cdc9d9-ddb5-4fa4-a97d-d965ccfc6d4b" outcome="Passed" testListId="8c84fa94-04c1-424b-9868-57a2d4851a1d" relativeResultsDirectory="e9c5a9b8-a98f-426f-b880-2de9e17ad29c" />
    <UnitTestResult executionId="4c6a1e8b-d216-4122-add9-a15b2357da3c" testId="9e9749db-c92f-bc4a-7802-80b9db44e1b4" testName="TourManagement.Infrastructure.Repositories.Tests.BookingRepositoryTests.Constructor_ShouldCreateInstance" computerName="b0cf5c89b820" duration="00:00:00.1647221" startTime="2026-01-05T10:53:14.6758866+00:00" endTime="2026-01-05T10:53:14.6758869+00:00" testType="13cdc9d9-ddb5-4fa4-a97d-d965ccfc6d4b" outcome="Passed" testListId="8c84fa94-04c1-424b-9868-57a2d4851a1d" relativeResultsDirectory="4c6a1e8b-d216-4122-add9-a15b2357da3c" />
    <UnitTestResult executionId="0199f2c7-7acc-4d70-bb58-1ea8cc0f2ee9" testId="9841e8c4-3cbc-4f98-5ee7-577e1b65c13a" testName="TourManagement.Infrastructure.Data.Tests.TourManagementDbContextTests.Bookings_AddEntity_ShouldSucceed" computerName="b0cf5c89b820" duration="00:00:00.0233315" startTime="2026-01-05T10:53:15.1214547+00:00" endTime="2026-01-05T10:53:15.1214548+00:00" testType="13cdc9d9-ddb5-4fa4-a97d-d965ccfc6d4b" outcome="Passed" testListId="8c84fa94-04c1-424b-9868-57a2d4851a1d" relativeResultsDirectory="0199f2c7-7acc-4d70-bb58-1ea8cc0f2ee9" />
    <UnitTestResult executionId="aa4f4041-9166-402b-ac33-f62f5196760d" testId="1b1278f5-2c74-1624-72e9-52a36427347e" testName="TourManagement.Infrastructure.Data.Configurations.Tests.UserConfigurationTests.Configure_LastName_ShouldHaveMaxLength" computerName="b0cf5c89b820" duration="00:00:00.0004000" startTime="2026-01-05T10:53:14.9705182+00:00" endTime="2026-01-05T10:53:14.9705182+00:00" testType="13cdc9d9-ddb5-4fa4-a97d-d965ccfc6d4b" outcome="Passed" testListId="8c84fa94-04c1-424b-9868-57a2d4851a1d" relativeResultsDirectory="aa4f4041-9166-402b-ac33-f62f5196760d" />
    <UnitTestResult executionId="5993d7bf-b88e-413f-b1e0-c4395fb2e9ab" testId="0eed3b95-e86a-dbbb-a7af-702e4e56013e" testName="TourManagement.Infrastructure.Repositories.Tests.TourRepositoryTests.GetByIdAsync_WithValidId_ShouldReturnTour" computerName="b0cf5c89b820" duration="00:00:00.0013732" startTime="2026-01-05T10:53:15.1118077+00:00" endTime="2026-01-05T10:53:15.1118078+00:00" testType="13cdc9d9-ddb5-4fa4-a97d-d965ccfc6d4b" outcome="Passed" testListId="8c84fa94-04c1-424b-9868-57a2d4851a1d" relativeResultsDirectory="5993d7bf-b88e-413f-b1e0-c4395fb2e9ab" />
    <UnitTestResult executionId="17187137-e369-42ca-ad5e-a50deb1577b4" testId="36088ebd-cbab-dc79-09b4-13f70ed34f7e" testName="TourManagement.Infrastructure.Data.Configurations.Tests.TourConfigurationTests.Configure_TourName_ShouldHaveColumnName" computerName="b0cf5c89b820" duration="00:00:00.0004537" startTime="2026-01-05T10:53:14.9645503+00:00" endTime="2026-01-05T10:53:14.9645504+00:00" testType="13cdc9d9-ddb5-4fa4-a97d-d965ccfc6d4b" outcome="Passed" testListId="8c84fa94-04c1-424b-9868-57a2d4851a1d" relativeResultsDirectory="17187137-e369-42ca-ad5e-a50deb1577b4" />
    <UnitTestResult executionId="73f3838e-1742-4445-a1e3-2ad9a4c9a028" testId="8554979c-aa68-1834-0dc1-a478734eed8e" testName="TourManagement.Infrastructure.Data.Configurations.Tests.BookingConfigurationTests.Configure_Tour_ShouldHaveRelationship" computerName="b0cf5c89b820" duration="00:00:00.0003188" startTime="2026-01-05T10:53:14.9686177+00:00" endTime="2026-01-05T10:53:14.9686178+00:00" testType="13cdc9d9-ddb5-4fa4-a97d-d965ccfc6d4b" outcome="Passed" testListId="8c84fa94-04c1-424b-9868-57a2d4851a1d" relativeResultsDirectory="73f3838e-1742-4445-a1e3-2ad9a4c9a028" />
    <UnitTestResult executionId="05f9905f-1f8d-4506-8552-0847bc9586d5" testId="a935c195-edb4-edd5-2d5f-ac5b46682c57" testName="TourManagement.Infrastructure.Data.Configurations.Tests.UserConfigurationTests.Configure_PasswordHash_ShouldHaveColumnName" computerName="b0cf5c89b820" duration="00:00:00.0004104" startTime="2026-01-05T10:53:14.9664426+00:00" endTime="2026-01-05T10:53:14.9664427+00:00" testType="13cdc9d9-ddb5-4fa4-a97d-d965ccfc6d4b" outcome="Passed" testListId="8c84fa94-04c1-424b-9868-57a2d4851a1d" relativeResultsDirectory="05f9905f-1f8d-4506-8552-0847bc9586d5" />
    <UnitTestResult executionId="b2f700bd-9183-48b9-b644-359cc5e6b48a" testId="399a42f9-53d8-ac15-b4bd-75ede8585915" testName="TourManagement.Infrastructure.Repositories.Tests.UserRepositoryTests.GetAllAsync_ShouldReturnActiveUsers" computerName="b0cf5c89b820" duration="00:00:00.0016663" startTime="2026-01-05T10:53:15.1352566+00:00" endTime="2026-01-05T10:53:15.1352566+00:00" testType="13cdc9d9-ddb5-4fa4-a97d-d965ccfc6d4b" outcome="Passed" testListId="8c84fa94-04c1-424b-9868-57a2d4851a1d" relativeResultsDirectory="b2f700bd-9183-48b9-b644-359cc5e6b48a" />
    <UnitTestResult executionId="863c780d-58fa-4293-b971-9f57f2563255" testId="3c123dc3-fc2a-2a6d-f0b8-802c8ebe4e73" testName="TourManagement.Infrastructure.Repositories.Tests.BookingRepositoryTests.GetByUserIdAsync_WithNoBookings_ShouldReturnEmptyList" computerName="b0cf5c89b820" duration="00:00:00.0174023" startTime="2026-01-05T10:53:15.1379331+00:00" endTime="2026-01-05T10:53:15.1379332+00:00" testType="13cdc9d9-ddb5-4fa4-a97d-d965ccfc6d4b" outcome="Passed" testListId="8c84fa94-04c1-424b-9868-57a2d4851a1d" relativeResultsDirectory="863c780d-58fa-4293-b971-9f57f2563255" />
    <UnitTestResult executionId="8fa2c426-46ce-4434-9d28-d162b01761f9" testId="cf2a6816-e78b-392b-7125-5ee339028761" testName="TourManagement.Infrastructure.Repositories.Tests.BookingRepositoryTests.AddAsync_ShouldAddBooking" computerName="b0cf5c89b820" duration="00:00:00.0015946" startTime="2026-01-05T10:53:15.1818462+00:00" endTime="2026-01-05T10:53:15.1818463+00:00" testType="13cdc9d9-ddb5-4fa4-a97d-d965ccfc6d4b" outcome="Passed" testListId="8c84fa94-04c1-424b-9868-57a2d4851a1d" relativeResultsDirectory="8fa2c426-46ce-4434-9d28-d162b01761f9" />
    <UnitTestResult executionId="2092ad52-48bc-4859-acd2-364543a12412" testId="dd87dda7-96ed-2247-e6ac-cbc7047f9bd8" testName="TourManagement.Infrastructure.Data.Configurations.Tests.BookingConfigurationTests.Configure_NumberOfPeople_ShouldBeRequired" computerName="b0cf5c89b820" duration="00:00:00.0003975" startTime="2026-01-05T10:53:14.9638485+00:00" endTime="2026-01-05T10:53:14.9638486+00:00" testType="13cdc9d9-ddb5-4fa4-a97d-d965ccfc6d4b" outcome="Passed" testListId="8c84fa94-04c1-424b-9868-57a2d4851a1d" relativeResultsDirectory="2092ad52-48bc-4859-acd2-364543a12412" />
    <UnitTestResult executionId="5cf6763f-ba7b-42af-a756-a634846646e2" testId="938b02dc-f70b-5438-e1fc-dd3771ce2e64" testName="TourManagement.Infrastructure.Data.Configurations.Tests.UserConfigurationTests.Configure_FirstName_ShouldHaveMaxLength" computerName="b0cf5c89b820" duration="00:00:00.0005540" startTime="2026-01-05T10:53:14.9640673+00:00" endTime="2026-01-05T10:53:14.9640674+00:00" testType="13cdc9d9-ddb5-4fa4-a97d-d965ccfc6d4b" outcome="Passed" testListId="8c84fa94-04c1-424b-9868-57a2d4851a1d" relativeResultsDirectory="5cf6763f-ba7b-42af-a756-a634846646e2" />
    <UnitTestResult executionId="a66362ff-f82a-43e8-8b9b-cf1b90c46a47" testId="0bd18fbd-e4e5-4cc9-4ba4-c5dad33f01b0" testName="TourManagement.Infrastructure.Data.Configurations.Tests.UserConfigurationTests.Configure_FirstName_ShouldBeRequired" computerName="b0cf5c89b820" duration="00:00:00.0004089" startTime="2026-01-05T10:53:14.9700594+00:00" endTime="2026-01-05T10:53:14.9700594+00:00" testType="13cdc9d9-ddb5-4fa4-a97d-d965ccfc6d4b" outcome="Passed" testListId="8c84fa94-04c1-424b-9868-57a2d4851a1d" relativeResultsDirectory="a66362ff-f82a-43e8-8b9b-cf1b90c46a47" />
    <UnitTestResult executionId="f8dac170-81ba-4703-bb33-2b168e2dd86b" testId="91cbe201-df2f-a721-72b9-02786cb8169a" testName="TourManagement.Infrastructure.Data.Configurations.Tests.UserConfigurationTests.Configure_Email_ShouldHaveMaxLength" computerName="b0cf5c89b820" duration="00:00:00.0004414" startTime="2026-01-05T10:53:14.9695579+00:00" endTime="2026-01-05T10:53:14.9695579+00:00" testType="13cdc9d9-ddb5-4fa4-a97d-d965ccfc6d4b" outcome="Passed" testListId="8c84fa94-04c1-424b-9868-57a2d4851a1d" relativeResultsDirectory="f8dac170-81ba-4703-bb33-2b168e2dd86b" />
    <UnitTestResult executionId="4815b793-fb8f-4903-8922-80493e7cbec1" testId="dc7ec74d-cd46-f23c-4caf-e0c58a7f9047" testName="TourManagement.Infrastructure.Repositories.Tests.UserRepositoryTests.DeleteAsync_ShouldMarkUserAsInactive" computerName="b0cf5c89b820" duration="00:00:00.0025919" startTime="2026-01-05T10:53:15.1207201+00:00" endTime="2026-01-05T10:53:15.1207202+00:00" testType="13cdc9d9-ddb5-4fa4-a97d-d965ccfc6d4b" outcome="Passed" testListId="8c84fa94-04c1-424b-9868-57a2d4851a1d" relativeResultsDirectory="4815b793-fb8f-4903-8922-80493e7cbec1" />
    <UnitTestResult executionId="c0eef207-95f2-4fd0-8f38-9a307a7967ca" testId="99830251-de0b-71cd-a736-f3b0cdf9bbab" testName="TourManagement.Infrastructure.Repositories.Tests.UserRepositoryTests.GetByEmailAsync_WithInvalidEmail_ShouldReturnNull" computerName="b0cf5c89b820" duration="00:00:00.0010293" startTime="2026-01-05T10:53:15.1088011+00:00" endTime="2026-01-05T10:53:15.1088012+00:00" testType="13cdc9d9-ddb5-4fa4-a97d-d965ccfc6d4b" outcome="Passed" testListId="8c84fa94-04c1-424b-9868-57a2d4851a1d" relativeResultsDirectory="c0eef207-95f2-4fd0-8f38-9a307a7967ca" />
    <UnitTestResult executionId="8ec4192c-4e9d-4ced-bddf-f40962be3823" testId="16ed9475-41a5-b2e9-dc9a-f29c19d19ba1" testName="TourManagement.Infrastructure.Repositories.Tests.TourRepositoryTests.AddAsync_ShouldAddTour" computerName="b0cf5c89b820" duration="00:00:00.0017633" startTime="2026-01-05T10:53:15.1103432+00:00" endTime="2026-01-05T10:53:15.1103433+00:00" testType="13cdc9d9-ddb5-4fa4-a97d-d965ccfc6d4b" outcome="Passed" testListId="8c84fa94-04c1-424b-9868-57a2d4851a1d" relativeResultsDirectory="8ec4192c-4e9d-4ced-bddf-f40962be3823" />
    <UnitTestResult executionId="63d70d3f-0a23-4fa7-b412-256511fbab3e" testId="547b4d37-f0b0-a15a-eeec-76c3320f7c7b" testName="TourManagement.Infrastructure.Repositories.Tests.UserRepositoryTests.ExistsAsync_WithInactiveUser_ShouldReturnFalse" computerName="b0cf5c89b820" duration="00:00:00.0013123" startTime="2026-01-05T10:53:15.1366309+00:00" endTime="2026-01-05T10:53:15.1366309+00:00" testType="13cdc9d9-ddb5-4fa4-a97d-d965ccfc6d4b" outcome="Passed" testListId="8c84fa94-04c1-424b-9868-57a2d4851a1d" relativeResultsDirectory="63d70d3f-0a23-4fa7-b412-256511fbab3e" />
    <UnitTestResult executionId="47d8f7a1-53d7-42e7-b762-bf0281fbcc21" testId="7993c7be-26f3-e77b-7579-4526964d44a0" testName="TourManagement.Infrastructure.Data.Configurations.Tests.UserConfigurationTests.Configure_DateOfBirth_ShouldHaveColumnName" computerName="b0cf5c89b820" duration="00:00:00.4199493" startTime="2026-01-05T10:53:14.9348948+00:00" endTime="2026-01-05T10:53:14.9348949+00:00" testType="13cdc9d9-ddb5-4fa4-a97d-d965ccfc6d4b" outcome="Passed" testListId="8c84fa94-04c1-424b-9868-57a2d4851a1d" relativeResultsDirectory="47d8f7a1-53d7-42e7-b762-bf0281fbcc21" />
    <UnitTestResult executionId="3c463518-c148-4840-990b-918aba087355" testId="be3f3752-6f57-1746-fc04-8e6750c939b0" testName="TourManagement.Infrastructure.Data.Tests.TourManagementDbContextTests.Bookings_DbSet_ShouldNotBeNull" computerName="b0cf5c89b820" duration="00:00:00.0002141" startTime="2026-01-05T10:53:15.0594659+00:00" endTime="2026-01-05T10:53:15.0594660+00:00" testType="13cdc9d9-ddb5-4fa4-a97d-d965ccfc6d4b" outcome="Passed" testListId="8c84fa94-04c1-424b-9868-57a2d4851a1d" relativeResultsDirectory="3c463518-c148-4840-990b-918aba087355" />
    <UnitTestResult executionId="759fef28-3d04-4a5a-b93c-654fa0f8f1d7" testId="92479f47-6535-de6e-5b9e-5cece07c8e16" testName="TourManagement.Infrastructure.Data.Configurations.Tests.UserConfigurationTests.Configure_PasswordHash_ShouldHaveMaxLength" computerName="b0cf5c89b820" duration="00:00:00.0004043" startTime="2026-01-05T10:53:14.9717638+00:00" endTime="2026-01-05T10:53:14.9717639+00:00" testType="13cdc9d9-ddb5-4fa4-a97d-d965ccfc6d4b" outcome="Passed" testListId="8c84fa94-04c1-424b-9868-57a2d4851a1d" relativeResultsDirectory="759fef28-3d04-4a5a-b93c-654fa0f8f1d7" />
    <UnitTestResult executionId="506446d4-f577-4bb9-b1ba-516e855f6b1b" testId="c8e3b433-a682-efa0-64f9-43ee4c52ee80" testName="TourManagement.Infrastructure.Repositories.Tests.BookingRepositoryTests.GetByUserIdAsync_ShouldReturnUserBookings" computerName="b0cf5c89b820" duration="00:00:00.0012539" startTime="2026-01-05T10:53:15.1899216+00:00" endTime="2026-01-05T10:53:15.1899218+00:00" testType="13cdc9d9-ddb5-4fa4-a97d-d965ccfc6d4b" outcome="Failed" testListId="8c84fa94-04c1-424b-9868-57a2d4851a1d" relativeResultsDirectory="506446d4-f577-4bb9-b1ba-516e855f6b1b">
      <Output>
        <ErrorInfo>
          <Message>Assert.Equal() Failure: Values differ
Expected: 2
Actual:   0</Message>
          <StackTrace>   at TourManagement.Infrastructure.Repositories.Tests.BookingRepositoryTests.GetByUserIdAsync_ShouldReturnUserBookings() in /modernize-data/studio-data/TNT1001/APP2730/transformed-code/866/studio-workspace/TMS20/Tests/TourManagement.Infrastructure.Tests/BookingRepositoryTests.cs:line 141
--- End of stack trace from previous location ---</StackTrace>
        </ErrorInfo>
      </Output>
    </UnitTestResult>
    <UnitTestResult executionId="a7564ed9-c269-45a5-b85e-ae95a913dcf5" testId="38bf0efd-cf50-0b02-0498-9bc5a03947d6" testName="TourManagement.Infrastructure.Repositories.Tests.BookingRepositoryTests.GetByTourIdAsync_ShouldReturnTourBookings" computerName="b0cf5c89b820" duration="00:00:00.0012936" startTime="2026-01-05T10:53:15.1974493+00:00" endTime="2026-01-05T10:53:15.1974494+00:00" testType="13cdc9d9-ddb5-4fa4-a97d-d965ccfc6d4b" outcome="Failed" testListId="8c84fa94-04c1-424b-9868-57a2d4851a1d" relativeResultsDirectory="a7564ed9-c269-45a5-b85e-ae95a913dcf5">
      <Output>
        <ErrorInfo>
          <Message>Assert.Equal() Failure: Values differ
Expected: 2
Actual:   0</Message>
          <StackTrace>   at TourManagement.Infrastructure.Repositories.Tests.BookingRepositoryTests.GetByTourIdAsync_ShouldReturnTourBookings() in /modernize-data/studio-data/TNT1001/APP2730/transformed-code/866/studio-workspace/TMS20/Tests/TourManagement.Infrastructure.Tests/BookingRepositoryTests.cs:line 197
--- End of stack trace from previous location ---</StackTrace>
        </ErrorInfo>
      </Output>
    </UnitTestResult>
    <UnitTestResult executionId="32e0dfb7-1886-4e69-b839-c36e0b694e5d" testId="1b571cd7-458f-3230-70a4-a740b6b38a8a" testName="TourManagement.Infrastructure.Data.Configurations.Tests.UserConfigurationTests.Configure_State_ShouldHaveMaxLength" computerName="b0cf5c89b820" duration="00:00:00.0004611" startTime="2026-01-05T10:53:14.9646015+00:00" endTime="2026-01-05T10:53:14.9646016+00:00" testType="13cdc9d9-ddb5-4fa4-a97d-d965ccfc6d4b" outcome="Passed" testListId="8c84fa94-04c1-424b-9868-57a2d4851a1d" relativeResultsDirectory="32e0dfb7-1886-4e69-b839-c36e0b694e5d" />
    <UnitTestResult executionId="edf3fb37-0cab-42b6-b122-e1d71f30eb3a" testId="b4ebca07-4ce1-8c3b-a804-53e95e2773c9" testName="TourManagement.Infrastructure.Data.Configurations.Tests.TourConfigurationTests.Configure_Days_ShouldBeRequired" computerName="b0cf5c89b820" duration="00:00:00.0004193" startTime="2026-01-05T10:53:14.9725464+00:00" endTime="2026-01-05T10:53:14.9725465+00:00" testType="13cdc9d9-ddb5-4fa4-a97d-d965ccfc6d4b" outcome="Passed" testListId="8c84fa94-04c1-424b-9868-57a2d4851a1d" relativeResultsDirectory="edf3fb37-0cab-42b6-b122-e1d71f30eb3a" />
    <UnitTestResult executionId="a5f3f70e-950e-411c-b4c8-8c43ac3c1924" testId="5e11d94f-c364-b402-a8bc-07f710cf3e49" testName="TourManagement.Infrastructure.Repositories.Tests.UserRepositoryTests.GetByIdAsync_WithInvalidId_ShouldReturnNull" computerName="b0cf5c89b820" duration="00:00:00.0009727" startTime="2026-01-05T10:53:15.1163415+00:00" endTime="2026-01-05T10:53:15.1163416+00:00" testType="13cdc9d9-ddb5-4fa4-a97d-d965ccfc6d4b" outcome="Passed" testListId="8c84fa94-04c1-424b-9868-57a2d4851a1d" relativeResultsDirectory="a5f3f70e-950e-411c-b4c8-8c43ac3c1924" />
    <UnitTestResult executionId="97dd2a64-09c9-4b0e-92df-c54bb09f7daf" testId="380fbd2c-262f-7e41-fade-944061e8dafe" testName="TourManagement.Infrastructure.Repositories.Tests.TourRepositoryTests.SearchAsync_ShouldNotReturnInactiveTours" computerName="b0cf5c89b820" duration="00:00:00.0022835" startTime="2026-01-05T10:53:15.1043053+00:00" endTime="2026-01-05T10:53:15.1043054+00:00" testType="13cdc9d9-ddb5-4fa4-a97d-d965ccfc6d4b" outcome="Passed" testListId="8c84fa94-04c1-424b-9868-57a2d4851a1d" relativeResultsDirectory="97dd2a64-09c9-4b0e-92df-c54bb09f7daf" />
    <UnitTestResult executionId="d763322f-63d5-4c6b-9d30-19e7d21bad8b" testId="223238e5-ea8a-0bb6-ea30-a78cc6c5dd2b" testName="TourManagement.Infrastructure.Data.Configurations.Tests.BookingConfigurationTests.Configure_Status_ShouldHaveMaxLength" computerName="b0cf5c89b820" duration="00:00:00.0284871" startTime="2026-01-05T10:53:14.9633482+00:00" endTime="2026-01-05T10:53:14.9633483+00:00" testType="13cdc9d9-ddb5-4fa4-a97d-d965ccfc6d4b" outcome="Passed" testListId="8c84fa94-04c1-424b-9868-57a2d4851a1d" relativeResultsDirectory="d763322f-63d5-4c6b-9d30-19e7d21bad8b" />
    <UnitTestResult executionId="de23c496-55d2-4a05-a78f-ef120de0546a" testId="96b39aaa-1fa0-12ba-f0d2-057557ce2941" testName="TourManagement.Infrastructure.Data.Configurations.Tests.TourConfigurationTests.Configure_Place_ShouldHaveMaxLength" computerName="b0cf5c89b820" duration="00:00:00.0016419" startTime="2026-01-05T10:53:14.9633851+00:00" endTime="2026-01-05T10:53:14.9633852+00:00" testType="13cdc9d9-ddb5-4fa4-a97d-d965ccfc6d4b" outcome="Passed" testListId="8c84fa94-04c1-424b-9868-57a2d4851a1d" relativeResultsDirectory="de23c496-55d2-4a05-a78f-ef120de0546a" />
    <UnitTestResult executionId="edd019f3-17b5-458f-bed3-7f5c9d7b0594" testId="6d87e3cd-ca53-5735-e485-2e0dd1916318" testName="TourManagement.Infrastructure.Repositories.Tests.UserRepositoryTests.GetAllAsync_WithNoUsers_ShouldReturnEmptyList" computerName="b0cf5c89b820" duration="00:00:00.0068532" startTime="2026-01-05T10:53:15.1321726+00:00" endTime="2026-01-05T10:53:15.1321727+00:00" testType="13cdc9d9-ddb5-4fa4-a97d-d965ccfc6d4b" outcome="Passed" testListId="8c84fa94-04c1-424b-9868-57a2d4851a1d" relativeResultsDirectory="edd019f3-17b5-458f-bed3-7f5c9d7b0594" />
    <UnitTestResult executionId="ac07fa9c-0ef4-497c-a659-b5e14566f61d" testId="b27823be-35ea-56c1-9e32-6f8309386b8c" testName="TourManagement.Infrastructure.Repositories.Tests.UserRepositoryTests.GetByIdAsync_WithInactiveUser_ShouldReturnNull" computerName="b0cf5c89b820" duration="00:00:00.0090808" startTime="2026-01-05T10:53:15.1047722+00:00" endTime="2026-01-05T10:53:15.1047723+00:00" testType="13cdc9d9-ddb5-4fa4-a97d-d965ccfc6d4b" outcome="Passed" testListId="8c84fa94-04c1-424b-9868-57a2d4851a1d" relativeResultsDirectory="ac07fa9c-0ef4-497c-a659-b5e14566f61d" />
    <UnitTestResult executionId="c3a50d31-a8b7-4488-ba12-144fbad5c7a9" testId="316b0c67-bc6d-ec7a-fbf2-ae8f9edabab1" testName="TourManagement.Infrastructure.Extensions.Tests.ServiceCollectionExtensionsTests.AddInfrastructureServices_WithNullConfiguration_ShouldThrowException" computerName="b0cf5c89b820" duration="00:00:00.0125693" startTime="2026-01-05T10:53:14.5478915+00:00" endTime="2026-01-05T10:53:14.5479550+00:00" testType="13cdc9d9-ddb5-4fa4-a97d-d965ccfc6d4b" outcome="Failed" testListId="8c84fa94-04c1-424b-9868-57a2d4851a1d" relativeResultsDirectory="c3a50d31-a8b7-4488-ba12-144fbad5c7a9">
      <Output>
        <ErrorInfo>
          <Message>Assert.Throws() Failure: No exception was thrown
Expected: typeof(System.ArgumentNullException)</Message>
          <StackTrace>   at TourManagement.Infrastructure.Extensions.Tests.ServiceCollectionExtensionsTests.AddInfrastructureServices_WithNullConfiguration_ShouldThrowException() in /modernize-data/studio-data/TNT1001/APP2730/transformed-code/866/studio-workspace/TMS20/Tests/TourManagement.Infrastructure.Tests/ServiceCollectionExtensionsTests.cs:line 124
   at System.RuntimeMethodHandle.InvokeMethod(Object target, Void** arguments, Signature sig, Boolean isConstructor)
   at System.Reflection.MethodBaseInvoker.InvokeWithNoArgs(Object obj, BindingFlags invokeAttr)</StackTrace>
        </ErrorInfo>
      </Output>
    </UnitTestResult>
    <UnitTestResult executionId="b94bc3df-eb86-4c5a-913d-79e0e9064450" testId="a91927a1-a86f-8daf-5149-f40e874c8c03" testName="TourManagement.Infrastructure.Repositories.Tests.TourRepositoryTests.GetAllAsync_WithNoTours_ShouldReturnEmptyList" computerName="b0cf5c89b820" duration="00:00:00.0010009" startTime="2026-01-05T10:53:15.1085226+00:00" endTime="2026-01-05T10:53:15.1085228+00:00" testType="13cdc9d9-ddb5-4fa4-a97d-d965ccfc6d4b" outcome="Passed" testListId="8c84fa94-04c1-424b-9868-57a2d4851a1d" relativeResultsDirectory="b94bc3df-eb86-4c5a-913d-79e0e9064450" />
    <UnitTestResult executionId="a2d7d3da-1a92-4505-b0e0-fb9e804c82a3" testId="05064261-17b2-f676-04fa-0feb2acca66e" testName="TourManagement.Infrastructure.Repositories.Tests.TourRepositoryTests.SearchAsync_WithMatchingTourName_ShouldReturnTours" computerName="b0cf5c89b820" duration="00:00:00.0015617" startTime="2026-01-05T10:53:15.1167809+00:00" endTime="2026-01-05T10:53:15.1167810+00:00" testType="13cdc9d9-ddb5-4fa4-a97d-d965ccfc6d4b" outcome="Passed" testListId="8c84fa94-04c1-424b-9868-57a2d4851a1d" relativeResultsDirectory="a2d7d3da-1a92-4505-b0e0-fb9e804c82a3" />
    <UnitTestResult executionId="a3fceb80-518f-48dc-be24-86a2d7f57552" testId="b5edba08-e9b4-3fc9-2729-07600a5e3eda" testName="TourManagement.Infrastructure.Repositories.Tests.UserRepositoryTests.UpdateAsync_ShouldUpdateUser" computerName="b0cf5c89b820" duration="00:00:00.0014368" startTime="2026-01-05T10:53:15.1232557+00:00" endTime="2026-01-05T10:53:15.1232558+00:00" testType="13cdc9d9-ddb5-4fa4-a97d-d965ccfc6d4b" outcome="Passed" testListId="8c84fa94-04c1-424b-9868-57a2d4851a1d" relativeResultsDirectory="a3fceb80-518f-48dc-be24-86a2d7f57552" />
    <UnitTestResult executionId="dfe02bd2-7710-4a9a-92df-54a91ff962f6" testId="396f9847-55b0-d3b4-5336-c1fa9aa61f9b" testName="TourManagement.Infrastructure.Repositories.Tests.UserRepositoryTests.AddAsync_ShouldAddUser" computerName="b0cf5c89b820" duration="00:00:00.0016006" startTime="2026-01-05T10:53:15.1249363+00:00" endTime="2026-01-05T10:53:15.1249364+00:00" testType="13cdc9d9-ddb5-4fa4-a97d-d965ccfc6d4b" outcome="Passed" testListId="8c84fa94-04c1-424b-9868-57a2d4851a1d" relativeResultsDirectory="dfe02bd2-7710-4a9a-92df-54a91ff962f6" />
    <UnitTestResult executionId="e924ff2b-ee4f-4fca-83be-95b2086669aa" testId="c1cf5627-68a4-0f9d-9870-d6ed337ba05d" testName="TourManagement.Infrastructure.Data.Configurations.Tests.TourConfigurationTests.Configure_Price_ShouldBeRequired" computerName="b0cf5c89b820" duration="00:00:00.0005421" startTime="2026-01-05T10:53:14.9603719+00:00" endTime="2026-01-05T10:53:14.9603720+00:00" testType="13cdc9d9-ddb5-4fa4-a97d-d965ccfc6d4b" outcome="Passed" testListId="8c84fa94-04c1-424b-9868-57a2d4851a1d" relativeResultsDirectory="e924ff2b-ee4f-4fca-83be-95b2086669aa" />
    <UnitTestResult executionId="0f0bae30-39f4-4c0b-9490-97ced9ca5368" testId="a43848f5-31f1-eee0-8e03-6d2200db1365" testName="TourManagement.Infrastructure.Data.Configurations.Tests.TourConfigurationTests.Configure_Place_ShouldHaveColumnName" computerName="b0cf5c89b820" duration="00:00:00.0003646" startTime="2026-01-05T10:53:14.9607955+00:00" endTime="2026-01-05T10:53:14.9607956+00:00" testType="13cdc9d9-ddb5-4fa4-a97d-d965ccfc6d4b" outcome="Passed" testListId="8c84fa94-04c1-424b-9868-57a2d4851a1d" relativeResultsDirectory="0f0bae30-39f4-4c0b-9490-97ced9ca5368" />
    <UnitTestResult executionId="13d55646-2696-4207-9767-40f913d18c83" testId="c6ba8dc8-89f3-a492-3556-8bd30bba08f5" testName="TourManagement.Infrastructure.Data.Configurations.Tests.TourConfigurationTests.Configure_ShouldSetTableName" computerName="b0cf5c89b820" duration="00:00:00.0006489" startTime="2026-01-05T10:53:14.9694949+00:00" endTime="2026-01-05T10:53:14.9694950+00:00" testType="13cdc9d9-ddb5-4fa4-a97d-d965ccfc6d4b" outcome="Passed" testListId="8c84fa94-04c1-424b-9868-57a2d4851a1d" relativeResultsDirectory="13d55646-2696-4207-9767-40f913d18c83" />
    <UnitTestResult executionId="7fcb8cdc-ba20-4fb3-9fc4-90a88f12633d" testId="2a8dcd9e-a54b-cc9e-3e4a-08354c8857fd" testName="TourManagement.Infrastructure.Data.Configurations.Tests.BookingConfigurationTests.Configure_TotalPrice_ShouldHaveColumnType" computerName="b0cf5c89b820" duration="00:00:00.0011695" startTime="2026-01-05T10:53:14.9659797+00:00" endTime="2026-01-05T10:53:14.9659798+00:00" testType="13cdc9d9-ddb5-4fa4-a97d-d965ccfc6d4b" outcome="Failed" testListId="8c84fa94-04c1-424b-9868-57a2d4851a1d" relativeResultsDirectory="7fcb8cdc-ba20-4fb3-9fc4-90a88f12633d">
      <Output>
        <ErrorInfo>
          <Message>System.InvalidCastException : Unable to cast object of type 'Microsoft.EntityFrameworkCore.InMemory.Storage.Internal.InMemoryTypeMapping' to type 'Microsoft.EntityFrameworkCore.Storage.RelationalTypeMapping'.</Message>
          <StackTrace>   at Microsoft.EntityFrameworkCore.RelationalPropertyExtensions.FindRelationalTypeMapping(IReadOnlyProperty property)
   at Microsoft.EntityFrameworkCore.RelationalPropertyExtensions.GetColumnType(IReadOnlyProperty property)
   at Microsoft.EntityFrameworkCore.RelationalPropertyExtensions.GetColumnType(IProperty property)
   at TourManagement.Infrastructure.Data.Configurations.Tests.BookingConfigurationTests.Configure_TotalPrice_ShouldHaveColumnType() in /modernize-data/studio-data/TNT1001/APP2730/transformed-code/866/studio-workspace/TMS20/Tests/TourManagement.Infrastructure.Tests/BookingConfigurationTests.cs:line 143
   at System.RuntimeMethodHandle.InvokeMethod(Object target, Void** arguments, Signature sig, Boolean isConstructor)
   at System.Reflection.MethodBaseInvoker.InvokeWithNoArgs(Object obj, BindingFlags invokeAttr)</StackTrace>
        </ErrorInfo>
      </Output>
    </UnitTestResult>
    <UnitTestResult executionId="f8a2c8ca-ea1a-4555-9871-12de181d7145" testId="2b4bc4f3-7363-78de-b71b-633063ae0a5c" testName="TourManagement.Infrastructure.Data.Configurations.Tests.TourConfigurationTests.Configure_Price_ShouldHaveColumnName" computerName="b0cf5c89b820" duration="00:00:00.0004205" startTime="2026-01-05T10:53:14.9617059+00:00" endTime="2026-01-05T10:53:14.9617060+00:00" testType="13cdc9d9-ddb5-4fa4-a97d-d965ccfc6d4b" outcome="Passed" testListId="8c84fa94-04c1-424b-9868-57a2d4851a1d" relativeResultsDirectory="f8a2c8ca-ea1a-4555-9871-12de181d7145" />
    <UnitTestResult executionId="173b8b00-dd16-4c21-b0d9-025f04f0dea3" testId="fb363a54-6b53-2b57-877e-d1cc26abbd0b" testName="TourManagement.Infrastructure.Repositories.Tests.BookingRepositoryTests.GetByIdAsync_WithInactiveBooking_ShouldReturnNull" computerName="b0cf5c89b820" duration="00:00:00.0162811" startTime="2026-01-05T10:53:15.1204300+00:00" endTime="2026-01-05T10:53:15.1204301+00:00" testType="13cdc9d9-ddb5-4fa4-a97d-d965ccfc6d4b" outcome="Passed" testListId="8c84fa94-04c1-424b-9868-57a2d4851a1d" relativeResultsDirectory="173b8b00-dd16-4c21-b0d9-025f04f0dea3" />
    <UnitTestResult executionId="0b4d466a-2b60-4ffe-a37f-f7a3aa17ae0e" testId="a1a5ec87-40b1-4606-b6db-39b08ed11192" testName="TourManagement.Infrastructure.Repositories.Tests.TourRepositoryTests.ExistsAsync_WithInvalidId_ShouldReturnFalse" computerName="b0cf5c89b820" duration="00:00:00.0012659" startTime="2026-01-05T10:53:15.1060799+00:00" endTime="2026-01-05T10:53:15.1060801+00:00" testType="13cdc9d9-ddb5-4fa4-a97d-d965ccfc6d4b" outcome="Passed" testListId="8c84fa94-04c1-424b-9868-57a2d4851a1d" relativeResultsDirectory="0b4d466a-2b60-4ffe-a37f-f7a3aa17ae0e" />
    <UnitTestResult executionId="d3c5718f-3177-494f-a25b-ce7324f6a10b" testId="5b9ad897-6f48-de07-c6ae-684f6ec478dd" testName="TourManagement.Infrastructure.Repositories.Tests.BookingRepositoryTests.UpdateAsync_ShouldUpdateBooking" computerName="b0cf5c89b820" duration="00:00:00.0031739" startTime="2026-01-05T10:53:15.1956939+00:00" endTime="2026-01-05T10:53:15.1956940+00:00" testType="13cdc9d9-ddb5-4fa4-a97d-d965ccfc6d4b" outcome="Passed" testListId="8c84fa94-04c1-424b-9868-57a2d4851a1d" relativeResultsDirectory="d3c5718f-3177-494f-a25b-ce7324f6a10b" />
    <UnitTestResult executionId="a9002dd7-6816-43a8-8531-8604448d9df4" testId="684b095a-6bd0-7c13-6878-f1841362b4a3" testName="TourManagement.Infrastructure.Extensions.Tests.ServiceCollectionExtensionsTests.AddInfrastructureServices_ShouldRegisterBookingRepository" computerName="b0cf5c89b820" duration="00:00:00.0213680" startTime="2026-01-05T10:53:14.6025023+00:00" endTime="2026-01-05T10:53:14.6025025+00:00" testType="13cdc9d9-ddb5-4fa4-a97d-d965ccfc6d4b" outcome="Failed" testListId="8c84fa94-04c1-424b-9868-57a2d4851a1d" relativeResultsDirectory="a9002dd7-6816-43a8-8531-8604448d9df4">
      <Output>
        <ErrorInfo>
          <Message>System.InvalidOperationException : Unable to resolve service for type 'Microsoft.Extensions.Logging.ILogger`1[TourManagement.Infrastructure.Repositories.BookingRepository]' while attempting to activate 'TourManagement.Infrastructure.Repositories.BookingRepository'.</Message>
          <StackTrace>   at Microsoft.Extensions.DependencyInjection.ServiceLookup.CallSiteFactory.CreateArgumentCallSites(ServiceIdentifier serviceIdentifier, Type implementationType, CallSiteChain callSiteChain, ParameterInfo[] parameters, Boolean throwIfCallSiteNotFound)
   at Microsoft.Extensions.DependencyInjection.ServiceLookup.CallSiteFactory.CreateConstructorCallSite(ResultCache lifetime, ServiceIdentifier serviceIdentifier, Type implementationType, CallSiteChain callSiteChain)
   at Microsoft.Extensions.DependencyInjection.ServiceLookup.CallSiteFactory.TryCreateExact(ServiceDescriptor descriptor, ServiceIdentifier serviceIdentifier, CallSiteChain callSiteChain, Int32 slot)
   at Microsoft.Extensions.DependencyInjection.ServiceLookup.CallSiteFactory.TryCreateExact(ServiceIdentifier serviceIdentifier, CallSiteChain callSiteChain)
   at Microsoft.Extensions.DependencyInjection.ServiceLookup.CallSiteFactory.CreateCallSite(ServiceIdentifier serviceIdentifier, CallSiteChain callSiteChain)
   at Microsoft.Extensions.DependencyInjection.ServiceLookup.CallSiteFactory.GetCallSite(ServiceIdentifier serviceIdentifier, CallSiteChain callSiteChain)
   at Microsoft.Extensions.DependencyInjection.ServiceProvider.CreateServiceAccessor(ServiceIdentifier serviceIdentifier)
   at System.Collections.Concurrent.ConcurrentDictionary`2.GetOrAdd(TKey key, Func`2 valueFactory)
   at Microsoft.Extensions.DependencyInjection.ServiceProvider.GetService(ServiceIdentifier serviceIdentifier, ServiceProviderEngineScope serviceProviderEngineScope)
   at Microsoft.Extensions.DependencyInjection.ServiceProvider.GetService(Type serviceType)
   at Microsoft.Extensions.DependencyInjection.ServiceProviderServiceExtensions.GetService[T](IServiceProvider provider)
   at TourManagement.Infrastructure.Extensions.Tests.ServiceCollectionExtensionsTests.AddInfrastructureServices_ShouldRegisterBookingRepository() in /modernize-data/studio-data/TNT1001/APP2730/transformed-code/866/studio-workspace/TMS20/Tests/TourManagement.Infrastructure.Tests/ServiceCollectionExtensionsTests.cs:line 93
   at System.RuntimeMethodHandle.InvokeMethod(Object target, Void** arguments, Signature sig, Boolean isConstructor)
   at System.Reflection.MethodBaseInvoker.InvokeWithNoArgs(Object obj, BindingFlags invokeAttr)</StackTrace>
        </ErrorInfo>
      </Output>
    </UnitTestResult>
    <UnitTestResult executionId="6b48081b-3821-41f4-acec-10c024a3c2ec" testId="baa06567-1273-995f-0c2b-5dddb589e7d8" testName="TourManagement.Infrastructure.Data.Configurations.Tests.TourConfigurationTests.Configure_ShouldSetPrimaryKey" computerName="b0cf5c89b820" duration="00:00:00.0028413" startTime="2026-01-05T10:53:14.9674459+00:00" endTime="2026-01-05T10:53:14.9674460+00:00" testType="13cdc9d9-ddb5-4fa4-a97d-d965ccfc6d4b" outcome="Passed" testListId="8c84fa94-04c1-424b-9868-57a2d4851a1d" relativeResultsDirectory="6b48081b-3821-41f4-acec-10c024a3c2ec" />
    <UnitTestResult executionId="be40a858-833b-4830-8f65-6189ff52bd4f" testId="72fa6561-746b-a3ae-7c06-2c452f168f2c" testName="TourManagement.Infrastructure.Data.Configurations.Tests.BookingConfigurationTests.Configure_TourId_ShouldBeRequired" computerName="b0cf5c89b820" duration="00:00:00.0003984" startTime="2026-01-05T10:53:14.9690795+00:00" endTime="2026-01-05T10:53:14.9690797+00:00" testType="13cdc9d9-ddb5-4fa4-a97d-d965ccfc6d4b" outcome="Passed" testListId="8c84fa94-04c1-424b-9868-57a2d4851a1d" relativeResultsDirectory="be40a858-833b-4830-8f65-6189ff52bd4f" />
    <UnitTestResult executionId="65ad702b-d48e-418a-adc2-f1458aaefcb1" testId="db1eebb7-2bbf-d15b-fb16-ef1596388bf7" testName="TourManagement.Infrastructure.Data.Configurations.Tests.UserConfigurationTests.Configure_Email_ShouldBeRequired" computerName="b0cf5c89b820" duration="00:00:00.0004093" startTime="2026-01-05T10:53:14.9667566+00:00" endTime="2026-01-05T10:53:14.9667567+00:00" testType="13cdc9d9-ddb5-4fa4-a97d-d965ccfc6d4b" outcome="Passed" testListId="8c84fa94-04c1-424b-9868-57a2d4851a1d" relativeResultsDirectory="65ad702b-d48e-418a-adc2-f1458aaefcb1" />
    <UnitTestResult executionId="20d2afb2-a8fd-4e14-bdb2-2b9b0419c0f8" testId="b3833a6a-3c93-b5b7-b641-b435434861ce" testName="TourManagement.Infrastructure.Extensions.Tests.ServiceCollectionExtensionsTests.AddInfrastructureServices_ShouldRegisterDbContext" computerName="b0cf5c89b820" duration="00:00:00.0623676" startTime="2026-01-05T10:53:14.6332079+00:00" endTime="2026-01-05T10:53:14.6332080+00:00" testType="13cdc9d9-ddb5-4fa4-a97d-d965ccfc6d4b" outcome="Passed" testListId="8c84fa94-04c1-424b-9868-57a2d4851a1d" relativeResultsDirectory="20d2afb2-a8fd-4e14-bdb2-2b9b0419c0f8" />
    <UnitTestResult executionId="a80f8e26-7a3d-4462-819b-30bb0b545b80" testId="0ce633a7-08ef-9950-dc01-3d5f3b7ac17d" testName="TourManagement.Infrastructure.Data.Tests.TourManagementDbContextTests.SaveChanges_ShouldPersistData" computerName="b0cf5c89b820" duration="00:00:00.0096752" startTime="2026-01-05T10:53:15.0975537+00:00" endTime="2026-01-05T10:53:15.0975539+00:00" testType="13cdc9d9-ddb5-4fa4-a97d-d965ccfc6d4b" outcome="Passed" testListId="8c84fa94-04c1-424b-9868-57a2d4851a1d" relativeResultsDirectory="a80f8e26-7a3d-4462-819b-30bb0b545b80" />
    <UnitTestResult executionId="d70c565a-7bec-48ac-bc84-e19a1f89386c" testId="bc541d96-071c-853b-33d4-3118b7bc5064" testName="TourManagement.Infrastructure.Repositories.Tests.UserRepositoryTests.Constructor_ShouldCreateInstance" computerName="b0cf5c89b820" duration="00:00:00.0002438" startTime="2026-01-05T10:53:15.1252348+00:00" endTime="2026-01-05T10:53:15.1252349+00:00" testType="13cdc9d9-ddb5-4fa4-a97d-d965ccfc6d4b" outcome="Passed" testListId="8c84fa94-04c1-424b-9868-57a2d4851a1d" relativeResultsDirectory="d70c565a-7bec-48ac-bc84-e19a1f89386c" />
    <UnitTestResult executionId="ebdd62ae-afd5-4189-bb40-cee9253f43d5" testId="57ed0987-fa76-125b-12ee-5edbe7c6448e" testName="TourManagement.Infrastructure.Data.Configurations.Tests.TourConfigurationTests.Configure_TourInfo_ShouldHaveColumnName" computerName="b0cf5c89b820" duration="00:00:00.0003594" startTime="2026-01-05T10:53:14.9718372+00:00" endTime="2026-01-05T10:53:14.9718373+00:00" testType="13cdc9d9-ddb5-4fa4-a97d-d965ccfc6d4b" outcome="Passed" testListId="8c84fa94-04c1-424b-9868-57a2d4851a1d" relativeResultsDirectory="ebdd62ae-afd5-4189-bb40-cee9253f43d5" />
    <UnitTestResult executionId="491a3598-5b32-43b8-ba2a-607ba863daf9" testId="6f6f4971-33d2-7dbc-9934-c94fd2801913" testName="TourManagement.Infrastructure.Data.Configurations.Tests.UserConfigurationTests.Configure_ShouldSetTableName" computerName="b0cf5c89b820" duration="00:00:00.0003278" startTime="2026-01-05T10:53:14.9729717+00:00" endTime="2026-01-05T10:53:14.9729718+00:00" testType="13cdc9d9-ddb5-4fa4-a97d-d965ccfc6d4b" outcome="Passed" testListId="8c84fa94-04c1-424b-9868-57a2d4851a1d" relativeResultsDirectory="491a3598-5b32-43b8-ba2a-607ba863daf9" />
    <UnitTestResult executionId="3747b994-a374-401a-90d7-8c10ab49e78d" testId="2bfb7b87-cf36-491b-f933-b84161271621" testName="TourManagement.Infrastructure.Repositories.Tests.BookingRepositoryTests.DeleteAsync_WithInvalidId_ShouldNotThrowException" computerName="b0cf5c89b820" duration="00:00:00.4281199" startTime="2026-01-05T10:53:15.1043585+00:00" endTime="2026-01-05T10:53:15.1043585+00:00" testType="13cdc9d9-ddb5-4fa4-a97d-d965ccfc6d4b" outcome="Passed" testListId="8c84fa94-04c1-424b-9868-57a2d4851a1d" relativeResultsDirectory="3747b994-a374-401a-90d7-8c10ab49e78d" />
    <UnitTestResult executionId="752adb00-c39d-4e4c-919b-a7285172b65e" testId="6879e0c1-5164-f9bc-7842-6013b8b9a228" testName="TourManagement.Infrastructure.Data.Configurations.Tests.TourConfigurationTests.Configure_PictureFileName_ShouldHaveMaxLength" computerName="b0cf5c89b820" duration="00:00:00.0003354" startTime="2026-01-05T10:53:14.9732865+00:00" endTime="2026-01-05T10:53:14.9732867+00:00" testType="13cdc9d9-ddb5-4fa4-a97d-d965ccfc6d4b" outcome="Passed" testListId="8c84fa94-04c1-424b-9868-57a2d4851a1d" relativeResultsDirectory="752adb00-c39d-4e4c-919b-a7285172b65e" />
    <UnitTestResult executionId="c372b7b4-4bd8-4a0a-aa0f-208e9cee574f" testId="8cf5a119-a743-0608-4754-95ea646c82fd" testName="TourManagement.Infrastructure.Repositories.Tests.UserRepositoryTests.ExistsAsync_WithInvalidId_ShouldReturnFalse" computerName="b0cf5c89b820" duration="00:00:00.0009548" startTime="2026-01-05T10:53:15.1217474+00:00" endTime="2026-01-05T10:53:15.1217474+00:00" testType="13cdc9d9-ddb5-4fa4-a97d-d965ccfc6d4b" outcome="Passed" testListId="8c84fa94-04c1-424b-9868-57a2d4851a1d" relativeResultsDirectory="c372b7b4-4bd8-4a0a-aa0f-208e9cee574f" />
    <UnitTestResult executionId="25eef30b-cddf-45f0-9c68-029cff56e25d" testId="17f305ba-8037-d6b8-333e-3ed4fdd7bbb9" testName="TourManagement.Infrastructure.Repositories.Tests.TourRepositoryTests.DeleteAsync_WithInvalidId_ShouldNotThrowException" computerName="b0cf5c89b820" duration="00:00:00.0155412" startTime="2026-01-05T10:53:15.0728200+00:00" endTime="2026-01-05T10:53:15.0728201+00:00" testType="13cdc9d9-ddb5-4fa4-a97d-d965ccfc6d4b" outcome="Passed" testListId="8c84fa94-04c1-424b-9868-57a2d4851a1d" relativeResultsDirectory="25eef30b-cddf-45f0-9c68-029cff56e25d" />
    <UnitTestResult executionId="a6d17ebe-bd96-4d67-b4c6-f8fbaea6f00c" testId="62116e6b-15c6-d4cf-af41-d83c8e5d6722" testName="TourManagement.Infrastructure.Data.Configurations.Tests.UserConfigurationTests.Configure_Email_ShouldHaveUniqueIndex" computerName="b0cf5c89b820" duration="00:00:00.0018899" startTime="2026-01-05T10:53:14.9691043+00:00" endTime="2026-01-05T10:53:14.9691043+00:00" testType="13cdc9d9-ddb5-4fa4-a97d-d965ccfc6d4b" outcome="Passed" testListId="8c84fa94-04c1-424b-9868-57a2d4851a1d" relativeResultsDirectory="a6d17ebe-bd96-4d67-b4c6-f8fbaea6f00c" />
    <UnitTestResult executionId="52b3279f-9601-489f-92b2-ff19e88aa84d" testId="5dd9e7f0-c7e5-16ab-3e33-e7e69e5f2ea2" testName="TourManagement.Infrastructure.Data.Tests.TourManagementDbContextTests.Tours_AddEntity_ShouldSucceed" computerName="b0cf5c89b820" duration="00:00:00.5437993" startTime="2026-01-05T10:53:15.0588601+00:00" endTime="2026-01-05T10:53:15.0588602+00:00" testType="13cdc9d9-ddb5-4fa4-a97d-d965ccfc6d4b" outcome="Passed" testListId="8c84fa94-04c1-424b-9868-57a2d4851a1d" relativeResultsDirectory="52b3279f-9601-489f-92b2-ff19e88aa84d" />
    <UnitTestResult executionId="9ad12f35-c6c0-4e3f-b0c2-f6af6597cd77" testId="6b854ba3-89eb-cb66-3b84-0468dfb5d5ba" testName="TourManagement.Infrastructure.Data.Configurations.Tests.TourConfigurationTests.Configure_Price_ShouldHaveColumnType" computerName="b0cf5c89b820" duration="00:00:00.0007636" startTime="2026-01-05T10:53:14.9717002+00:00" endTime="2026-01-05T10:53:14.9717003+00:00" testType="13cdc9d9-ddb5-4fa4-a97d-d965ccfc6d4b" outcome="Failed" testListId="8c84fa94-04c1-424b-9868-57a2d4851a1d" relativeResultsDirectory="9ad12f35-c6c0-4e3f-b0c2-f6af6597cd77">
      <Output>
        <ErrorInfo>
          <Message>System.InvalidCastException : Unable to cast object of type 'Microsoft.EntityFrameworkCore.InMemory.Storage.Internal.InMemoryTypeMapping' to type 'Microsoft.EntityFrameworkCore.Storage.RelationalTypeMapping'.</Message>
          <StackTrace>   at Microsoft.EntityFrameworkCore.RelationalPropertyExtensions.FindRelationalTypeMapping(IReadOnlyProperty property)
   at Microsoft.EntityFrameworkCore.RelationalPropertyExtensions.GetColumnType(IReadOnlyProperty property)
   at Microsoft.EntityFrameworkCore.RelationalPropertyExtensions.GetColumnType(IProperty property)
   at TourManagement.Infrastructure.Data.Configurations.Tests.TourConfigurationTests.Configure_Price_ShouldHaveColumnType() in /modernize-data/studio-data/TNT1001/APP2730/transformed-code/866/studio-workspace/TMS20/Tests/TourManagement.Infrastructure.Tests/TourConfigurationTests.cs:line 239
   at System.RuntimeMethodHandle.InvokeMethod(Object target, Void** arguments, Signature sig, Boolean isConstructor)
   at System.Reflection.MethodBaseInvoker.InvokeWithNoArgs(Object obj, BindingFlags invokeAttr)</StackTrace>
        </ErrorInfo>
      </Output>
    </UnitTestResult>
    <UnitTestResult executionId="b3d64b11-7498-4f6e-ba75-640047585d98" testId="9255111d-20a7-5b27-b54f-99267a213df2" testName="TourManagement.Infrastructure.Repositories.Tests.UserRepositoryTests.EmailExistsAsync_WithInvalidEmail_ShouldReturnFalse" computerName="b0cf5c89b820" duration="00:00:00.5459652" startTime="2026-01-05T10:53:15.0572675+00:00" endTime="2026-01-05T10:53:15.0572676+00:00" testType="13cdc9d9-ddb5-4fa4-a97d-d965ccfc6d4b" outcome="Passed" testListId="8c84fa94-04c1-424b-9868-57a2d4851a1d" relativeResultsDirectory="b3d64b11-7498-4f6e-ba75-640047585d98" />
    <UnitTestResult executionId="1ef0ef02-1a4d-440a-afe7-ffbe35fd01ba" testId="5934f0ed-e2c9-8f27-4f97-d64988c9f8c8" testName="TourManagement.Infrastructure.Repositories.Tests.BookingRepositoryTests.ExistsAsync_WithInactiveBooking_ShouldReturnFalse" computerName="b0cf5c89b820" duration="00:00:00.0009882" startTime="2026-01-05T10:53:15.1829215+00:00" endTime="2026-01-05T10:53:15.1829216+00:00" testType="13cdc9d9-ddb5-4fa4-a97d-d965ccfc6d4b" outcome="Passed" testListId="8c84fa94-04c1-424b-9868-57a2d4851a1d" relativeResultsDirectory="1ef0ef02-1a4d-440a-afe7-ffbe35fd01ba" />
    <UnitTestResult executionId="9635e41b-3dc6-471c-b630-9f55bf5442c4" testId="8c64fb11-3544-77cc-8cf3-d8254b0b39af" testName="TourManagement.Infrastructure.Repositories.Tests.BookingRepositoryTests.GetByTourIdAsync_ShouldNotReturnInactiveBookings" computerName="b0cf5c89b820" duration="00:00:00.0127943" startTime="2026-01-05T10:53:15.1524539+00:00" endTime="2026-01-05T10:53:15.1524540+00:00" testType="13cdc9d9-ddb5-4fa4-a97d-d965ccfc6d4b" outcome="Failed" testListId="8c84fa94-04c1-424b-9868-57a2d4851a1d" relativeResultsDirectory="9635e41b-3dc6-471c-b630-9f55bf5442c4">
      <Output>
        <ErrorInfo>
          <Message>Assert.Single() Failure: The collection was empty</Message>
          <StackTrace>   at TourManagement.Infrastructure.Repositories.Tests.BookingRepositoryTests.GetByTourIdAsync_ShouldNotReturnInactiveBookings() in /modernize-data/studio-data/TNT1001/APP2730/transformed-code/866/studio-workspace/TMS20/Tests/TourManagement.Infrastructure.Tests/BookingRepositoryTests.cs:line 232
--- End of stack trace from previous location ---</StackTrace>
        </ErrorInfo>
      </Output>
    </UnitTestResult>
    <UnitTestResult executionId="6fc7dcdc-4649-46f5-b137-6fdf2c0b438d" testId="4a05307d-930d-cffd-9ceb-e3b7ca3a550f" testName="TourManagement.Infrastructure.Repositories.Tests.BookingRepositoryTests.GetAllAsync_ShouldReturnActiveBookings" computerName="b0cf5c89b820" duration="00:00:00.0246384" startTime="2026-01-05T10:53:15.1805093+00:00" endTime="2026-01-05T10:53:15.1805093+00:00" testType="13cdc9d9-ddb5-4fa4-a97d-d965ccfc6d4b" outcome="Failed" testListId="8c84fa94-04c1-424b-9868-57a2d4851a1d" relativeResultsDirectory="6fc7dcdc-4649-46f5-b137-6fdf2c0b438d">
      <Output>
        <ErrorInfo>
          <Message>Assert.Equal() Failure: Values differ
Expected: 2
Actual:   0</Message>
          <StackTrace>   at TourManagement.Infrastructure.Repositories.Tests.BookingRepositoryTests.GetAllAsync_ShouldReturnActiveBookings() in /modernize-data/studio-data/TNT1001/APP2730/transformed-code/866/studio-workspace/TMS20/Tests/TourManagement.Infrastructure.Tests/BookingRepositoryTests.cs:line 55
--- End of stack trace from previous location ---</StackTrace>
        </ErrorInfo>
      </Output>
    </UnitTestResult>
    <UnitTestResult executionId="c3a0779e-577b-481a-aab5-8b0a3e65bf3d" testId="b67cdf91-3057-60cf-4748-677d7489aa1e" testName="TourManagement.Infrastructure.Repositories.Tests.UserRepositoryTests.GetByEmailAsync_WithValidEmail_ShouldReturnUser" computerName="b0cf5c89b820" duration="00:00:00.0380455" startTime="2026-01-05T10:53:15.0953201+00:00" endTime="2026-01-05T10:53:15.0953202+00:00" testType="13cdc9d9-ddb5-4fa4-a97d-d965ccfc6d4b" outcome="Passed" testListId="8c84fa94-04c1-424b-9868-57a2d4851a1d" relativeResultsDirectory="c3a0779e-577b-481a-aab5-8b0a3e65bf3d" />
    <UnitTestResult executionId="afd169e7-2ba5-4ec6-9472-a14ddcf08f45" testId="a137cae3-0614-db97-b072-90fee7f019fb" testName="TourManagement.Infrastructure.Repositories.Tests.TourRepositoryTests.GetByIdAsync_WithInactiveTour_ShouldReturnNull" computerName="b0cf5c89b820" duration="00:00:00.0013506" startTime="2026-01-05T10:53:15.1132230+00:00" endTime="2026-01-05T10:53:15.1132231+00:00" testType="13cdc9d9-ddb5-4fa4-a97d-d965ccfc6d4b" outcome="Passed" testListId="8c84fa94-04c1-424b-9868-57a2d4851a1d" relativeResultsDirectory="afd169e7-2ba5-4ec6-9472-a14ddcf08f45" />
    <UnitTestResult executionId="a71d7ae0-a969-4fcf-9181-36b203d724bd" testId="8ed49452-ee64-da5e-abd7-1ce5eaa48875" testName="TourManagement.Infrastructure.Data.Configurations.Tests.BookingConfigurationTests.Configure_TotalPrice_ShouldBeRequired" computerName="b0cf5c89b820" duration="00:00:00.0004194" startTime="2026-01-05T10:53:14.9701342+00:00" endTime="2026-01-05T10:53:14.9701342+00:00" testType="13cdc9d9-ddb5-4fa4-a97d-d965ccfc6d4b" outcome="Passed" testListId="8c84fa94-04c1-424b-9868-57a2d4851a1d" relativeResultsDirectory="a71d7ae0-a969-4fcf-9181-36b203d724bd" />
    <UnitTestResult executionId="afe3d455-aa09-4787-8f66-18009cabae2a" testId="ff0fece3-1bb1-b759-505c-910f44befd63" testName="TourManagement.Infrastructure.Repositories.Tests.TourRepositoryTests.ExistsAsync_WithValidId_ShouldReturnTrue" computerName="b0cf5c89b820" duration="00:00:00.5459868" startTime="2026-01-05T10:53:15.0572372+00:00" endTime="2026-01-05T10:53:15.0572376+00:00" testType="13cdc9d9-ddb5-4fa4-a97d-d965ccfc6d4b" outcome="Passed" testListId="8c84fa94-04c1-424b-9868-57a2d4851a1d" relativeResultsDirectory="afe3d455-aa09-4787-8f66-18009cabae2a" />
    <UnitTestResult executionId="1d2d26b9-1b24-4af1-8713-4b416092408e" testId="52545daf-8d44-3df9-2960-0f0d5e4fc642" testName="TourManagement.Infrastructure.Data.Tests.TourManagementDbContextTests.OnModelCreating_ShouldApplyConfigurations" computerName="b0cf5c89b820" duration="00:00:00.0003172" startTime="2026-01-05T10:53:15.0878109+00:00" endTime="2026-01-05T10:53:15.0878110+00:00" testType="13cdc9d9-ddb5-4fa4-a97d-d965ccfc6d4b" outcome="Passed" testListId="8c84fa94-04c1-424b-9868-57a2d4851a1d" relativeResultsDirectory="1d2d26b9-1b24-4af1-8713-4b416092408e" />
    <UnitTestResult executionId="038e368e-49df-4a8a-b389-904fe271e908" testId="b5d5e330-3e07-d619-2e97-154ac23ca898" testName="TourManagement.Infrastructure.Repositories.Tests.BookingRepositoryTests.ExistsAsync_WithInvalidId_ShouldReturnFalse" computerName="b0cf5c89b820" duration="00:00:00.0032988" startTime="2026-01-05T10:53:15.1552195+00:00" endTime="2026-01-05T10:53:15.1552196+00:00" testType="13cdc9d9-ddb5-4fa4-a97d-d965ccfc6d4b" outcome="Passed" testListId="8c84fa94-04c1-424b-9868-57a2d4851a1d" relativeResultsDirectory="038e368e-49df-4a8a-b389-904fe271e908" />
    <UnitTestResult executionId="e5208015-9b92-43bc-935f-b001a171841d" testId="a47c9948-97fb-dd60-f6ef-cab5292dd40f" testName="TourManagement.Infrastructure.Repositories.Tests.BookingRepositoryTests.DeleteAsync_ShouldMarkBookingAsInactive" computerName="b0cf5c89b820" duration="00:00:00.0016283" startTime="2026-01-05T10:53:15.1917979+00:00" endTime="2026-01-05T10:53:15.1917980+00:00" testType="13cdc9d9-ddb5-4fa4-a97d-d965ccfc6d4b" outcome="Failed" testListId="8c84fa94-04c1-424b-9868-57a2d4851a1d" relativeResultsDirectory="e5208015-9b92-43bc-935f-b001a171841d">
      <Output>
        <ErrorInfo>
          <Message>Assert.False() Failure
Expected: False
Actual:   True</Message>
          <StackTrace>   at TourManagement.Infrastructure.Repositories.Tests.BookingRepositoryTests.DeleteAsync_ShouldMarkBookingAsInactive() in /modernize-data/studio-data/TNT1001/APP2730/transformed-code/866/studio-workspace/TMS20/Tests/TourManagement.Infrastructure.Tests/BookingRepositoryTests.cs:line 292
--- End of stack trace from previous location ---</StackTrace>
        </ErrorInfo>
      </Output>
    </UnitTestResult>
    <UnitTestResult executionId="cfe16a07-7ee5-4aee-b2be-8e3cbf408e6c" testId="eb6a6279-0cde-fe51-dd03-e31b6ec0618f" testName="TourManagement.Infrastructure.Repositories.Tests.UserRepositoryTests.EmailExistsAsync_WithInactiveUser_ShouldReturnFalse" computerName="b0cf5c89b820" duration="00:00:00.0013665" startTime="2026-01-05T10:53:15.1077164+00:00" endTime="2026-01-05T10:53:15.1077165+00:00" testType="13cdc9d9-ddb5-4fa4-a97d-d965ccfc6d4b" outcome="Passed" testListId="8c84fa94-04c1-424b-9868-57a2d4851a1d" relativeResultsDirectory="cfe16a07-7ee5-4aee-b2be-8e3cbf408e6c" />
    <UnitTestResult executionId="de412e1c-ff26-4450-ae7d-8f74c7a48516" testId="feba7c0e-a00c-6b59-0aef-7bacab06b110" testName="TourManagement.Infrastructure.Data.Configurations.Tests.BookingConfigurationTests.Configure_UserId_ShouldBeRequired" computerName="b0cf5c89b820" duration="00:00:00.0003571" startTime="2026-01-05T10:53:14.9679409+00:00" endTime="2026-01-05T10:53:14.9679410+00:00" testType="13cdc9d9-ddb5-4fa4-a97d-d965ccfc6d4b" outcome="Passed" testListId="8c84fa94-04c1-424b-9868-57a2d4851a1d" relativeResultsDirectory="de412e1c-ff26-4450-ae7d-8f74c7a48516" />
    <UnitTestResult executionId="c6ebd7ac-b445-4d37-a531-01334eb09e2c" testId="c436c46c-9827-1d99-0ef7-327afb2966a9" testName="TourManagement.Infrastructure.Data.Configurations.Tests.BookingConfigurationTests.Configure_BookingDate_ShouldBeRequired" computerName="b0cf5c89b820" duration="00:00:00.0005092" startTime="2026-01-05T10:53:14.9696477+00:00" endTime="2026-01-05T10:53:14.9696478+00:00" testType="13cdc9d9-ddb5-4fa4-a97d-d965ccfc6d4b" outcome="Passed" testListId="8c84fa94-04c1-424b-9868-57a2d4851a1d" relativeResultsDirectory="c6ebd7ac-b445-4d37-a531-01334eb09e2c" />
    <UnitTestResult executionId="5e466a15-42f0-4652-94e3-04d850446434" testId="3f8a6f3c-9291-aba5-63d4-135d88cb88aa" testName="TourManagement.Infrastructure.Data.Configurations.Tests.TourConfigurationTests.Configure_TourName_ShouldBeRequired" computerName="b0cf5c89b820" duration="00:00:00.0247738" startTime="2026-01-05T10:53:14.9597711+00:00" endTime="2026-01-05T10:53:14.9597712+00:00" testType="13cdc9d9-ddb5-4fa4-a97d-d965ccfc6d4b" outcome="Passed" testListId="8c84fa94-04c1-424b-9868-57a2d4851a1d" relativeResultsDirectory="5e466a15-42f0-4652-94e3-04d850446434" />
    <UnitTestResult executionId="2bba6402-3702-4877-a6b9-7ca574a1f27a" testId="5dfdab3a-30cc-31f7-61ad-7c3e90afc69b" testName="TourManagement.Infrastructure.Repositories.Tests.UserRepositoryTests.ExistsAsync_WithValidId_ShouldReturnTrue" computerName="b0cf5c89b820" duration="00:00:00.0050478" startTime="2026-01-05T10:53:15.1153057+00:00" endTime="2026-01-05T10:53:15.1153058+00:00" testType="13cdc9d9-ddb5-4fa4-a97d-d965ccfc6d4b" outcome="Passed" testListId="8c84fa94-04c1-424b-9868-57a2d4851a1d" relativeResultsDirectory="2bba6402-3702-4877-a6b9-7ca574a1f27a" />
    <UnitTestResult executionId="83822c6e-20ff-4e84-ad79-2819333ae777" testId="40bb3da5-bb59-6101-bfd1-621285833652" testName="TourManagement.Infrastructure.Data.Configurations.Tests.BookingConfigurationTests.Configure_UserForeignKey_ShouldExist" computerName="b0cf5c89b820" duration="00:00:00.4198226" startTime="2026-01-05T10:53:14.9348083+00:00" endTime="2026-01-05T10:53:14.9348086+00:00" testType="13cdc9d9-ddb5-4fa4-a97d-d965ccfc6d4b" outcome="Passed" testListId="8c84fa94-04c1-424b-9868-57a2d4851a1d" relativeResultsDirectory="83822c6e-20ff-4e84-ad79-2819333ae777" />
    <UnitTestResult executionId="253115e0-84cf-4f46-a52d-a0546b3c8573" testId="a0a7d53b-bc3b-e79d-0b1e-4cdfa3278549" testName="TourManagement.Infrastructure.Repositories.Tests.UserRepositoryTests.EmailExistsAsync_WithValidEmail_ShouldReturnTrue" computerName="b0cf5c89b820" duration="00:00:00.0017697" startTime="2026-01-05T10:53:15.1062754+00:00" endTime="2026-01-05T10:53:15.1062756+00:00" testType="13cdc9d9-ddb5-4fa4-a97d-d965ccfc6d4b" outcome="Passed" testListId="8c84fa94-04c1-424b-9868-57a2d4851a1d" relativeResultsDirectory="253115e0-84cf-4f46-a52d-a0546b3c8573" />
    <UnitTestResult executionId="51345522-cb38-47d8-95e4-02caf7e46a24" testId="0dff3195-37b2-2a54-496f-af7f2008d44a" testName="TourManagement.Infrastructure.Data.Tests.TourManagementDbContextTests.Users_AddEntity_ShouldSucceed" computerName="b0cf5c89b820" duration="00:00:00.0278679" startTime="2026-01-05T10:53:15.0874403+00:00" endTime="2026-01-05T10:53:15.0874404+00:00" testType="13cdc9d9-ddb5-4fa4-a97d-d965ccfc6d4b" outcome="Passed" testListId="8c84fa94-04c1-424b-9868-57a2d4851a1d" relativeResultsDirectory="51345522-cb38-47d8-95e4-02caf7e46a24" />
    <UnitTestResult executionId="15420124-9932-40b5-a607-47135fd4a070" testId="84d7b19a-0eec-9ce6-9ae4-4e2f582b5514" testName="TourManagement.Infrastructure.Repositories.Tests.TourRepositoryTests.GetAllAsync_ShouldReturnActiveTours" computerName="b0cf5c89b820" duration="00:00:00.0057729" startTime="2026-01-05T10:53:15.0986971+00:00" endTime="2026-01-05T10:53:15.0986972+00:00" testType="13cdc9d9-ddb5-4fa4-a97d-d965ccfc6d4b" outcome="Passed" testListId="8c84fa94-04c1-424b-9868-57a2d4851a1d" relativeResultsDirectory="15420124-9932-40b5-a607-47135fd4a070" />
    <UnitTestResult executionId="4bc470a0-3448-442c-9829-e247638412d9" testId="c8869254-b273-b6bb-45d0-ff9375d4c5b6" testName="TourManagement.Infrastructure.Repositories.Tests.BookingRepositoryTests.GetByIdAsync_WithInvalidId_ShouldReturnNull" computerName="b0cf5c89b820" duration="00:00:00.0007289" startTime="2026-01-05T10:53:15.1858772+00:00" endTime="2026-01-05T10:53:15.1858773+00:00" testType="13cdc9d9-ddb5-4fa4-a97d-d965ccfc6d4b" outcome="Passed" testListId="8c84fa94-04c1-424b-9868-57a2d4851a1d" relativeResultsDirectory="4bc470a0-3448-442c-9829-e247638412d9" />
    <UnitTestResult executionId="d3e29051-5001-44e5-b498-da7ff4343f7d" testId="c4e2c6d2-6fda-8d10-3fb3-ba9851e19ad9" testName="TourManagement.Infrastructure.Data.Configurations.Tests.BookingConfigurationTests.Configure_ShouldSetTableName" computerName="b0cf5c89b820" duration="00:00:00.0004070" startTime="2026-01-05T10:53:14.9705807+00:00" endTime="2026-01-05T10:53:14.9705808+00:00" testType="13cdc9d9-ddb5-4fa4-a97d-d965ccfc6d4b" outcome="Passed" testListId="8c84fa94-04c1-424b-9868-57a2d4851a1d" relativeResultsDirectory="d3e29051-5001-44e5-b498-da7ff4343f7d" />
    <UnitTestResult executionId="4304d7bd-3673-4dd7-82ff-91f3eaff8070" testId="00d2db04-b5ad-8dc2-e0d1-02a387ebba70" testName="TourManagement.Infrastructure.Data.Tests.TourManagementDbContextTests.Users_DbSet_ShouldNotBeNull" computerName="b0cf5c89b820" duration="00:00:00.0002293" startTime="2026-01-05T10:53:15.0978475+00:00" endTime="2026-01-05T10:53:15.0978476+00:00" testType="13cdc9d9-ddb5-4fa4-a97d-d965ccfc6d4b" outcome="Passed" testListId="8c84fa94-04c1-424b-9868-57a2d4851a1d" relativeResultsDirectory="4304d7bd-3673-4dd7-82ff-91f3eaff8070" />
    <UnitTestResult executionId="1452608c-fbe6-4840-a924-772a6650b287" testId="3acb5362-1cb9-4cd5-5b51-be34ed235b14" testName="TourManagement.Infrastructure.Data.Configurations.Tests.BookingConfigurationTests.Configure_TourForeignKey_ShouldExist" computerName="b0cf5c89b820" duration="00:00:00.0007571" startTime="2026-01-05T10:53:14.9671009+00:00" endTime="2026-01-05T10:53:14.9671010+00:00" testType="13cdc9d9-ddb5-4fa4-a97d-d965ccfc6d4b" outcome="Passed" testListId="8c84fa94-04c1-424b-9868-57a2d4851a1d" relativeResultsDirectory="1452608c-fbe6-4840-a924-772a6650b287" />
    <UnitTestResult executionId="97d4fd2c-d38b-4bc5-bdf9-33600a9de3ac" testId="f16abc63-2c56-dfb4-d84e-38c785db5297" testName="TourManagement.Infrastructure.Data.Tests.TourManagementDbContextTests.Constructor_ShouldCreateInstance" computerName="b0cf5c89b820" duration="00:00:00.0001812" startTime="2026-01-05T10:53:15.0980754+00:00" endTime="2026-01-05T10:53:15.0980755+00:00" testType="13cdc9d9-ddb5-4fa4-a97d-d965ccfc6d4b" outcome="Passed" testListId="8c84fa94-04c1-424b-9868-57a2d4851a1d" relativeResultsDirectory="97d4fd2c-d38b-4bc5-bdf9-33600a9de3ac" />
    <UnitTestResult executionId="d3a7b470-bff4-4350-9ba6-2d935ffc1cfa" testId="26671775-c6c3-ea91-0fae-994d9254eb44" testName="TourManagement.Infrastructure.Repositories.Tests.TourRepositoryTests.GetByIdAsync_WithInvalidId_ShouldReturnNull" computerName="b0cf5c89b820" duration="00:00:00.0021386" startTime="2026-01-05T10:53:15.1008935+00:00" endTime="2026-01-05T10:53:15.1008936+00:00" testType="13cdc9d9-ddb5-4fa4-a97d-d965ccfc6d4b" outcome="Passed" testListId="8c84fa94-04c1-424b-9868-57a2d4851a1d" relativeResultsDirectory="d3a7b470-bff4-4350-9ba6-2d935ffc1cfa" />
    <UnitTestResult executionId="a1503e55-7786-45b9-adff-bcd6cdd7d04d" testId="727ed6c6-9f0f-b977-dc70-6a20d59c4650" testName="TourManagement.Infrastructure.Data.Configurations.Tests.UserConfigurationTests.Configure_Bookings_ShouldHaveRelationship" computerName="b0cf5c89b820" duration="00:00:00.0006834" startTime="2026-01-05T10:53:14.9665199+00:00" endTime="2026-01-05T10:53:14.9665200+00:00" testType="13cdc9d9-ddb5-4fa4-a97d-d965ccfc6d4b" outcome="Passed" testListId="8c84fa94-04c1-424b-9868-57a2d4851a1d" relativeResultsDirectory="a1503e55-7786-45b9-adff-bcd6cdd7d04d" />
    <UnitTestResult executionId="44080888-9032-4b03-b737-753b19f72c88" testId="846901da-4e66-c463-f399-e8774b85c489" testName="TourManagement.Infrastructure.Data.Configurations.Tests.TourConfigurationTests.Configure_Days_ShouldHaveColumnName" computerName="b0cf5c89b820" duration="00:00:00.0004100" startTime="2026-01-05T10:53:14.9700380+00:00" endTime="2026-01-05T10:53:14.9700381+00:00" testType="13cdc9d9-ddb5-4fa4-a97d-d965ccfc6d4b" outcome="Passed" testListId="8c84fa94-04c1-424b-9868-57a2d4851a1d" relativeResultsDirectory="44080888-9032-4b03-b737-753b19f72c88" />
[...]
[xUnit.net 00:00:00.19]            at System.Reflection.MethodBaseInvoker.InvokeWithNoArgs(Object obj, BindingFlags invokeAttr)
[xUnit.net 00:00:00.25]       System.InvalidOperationException : Unable to resolve service for type 'Microsoft.Extensions.Logging.ILogger`1[TourManagement.Infrastructure.Repositories.BookingRepository]' while attempting to activate 'TourManagement.Infrastructure.Repositories.BookingRepository'.
[xUnit.net 00:00:00.25]       Stack Trace:
[xUnit.net 00:00:00.25]            at Microsoft.Extensions.DependencyInjection.ServiceLookup.CallSiteFactory.CreateArgumentCallSites(ServiceIdentifier serviceIdentifier, Type implementationType, CallSiteChain callSiteChain, ParameterInfo[] parameters, Boolean throwIfCallSiteNotFound)
[xUnit.net 00:00:00.25]            at Microsoft.Extensions.DependencyInjection.ServiceLookup.CallSiteFactory.CreateConstructorCallSite(ResultCache lifetime, ServiceIdentifier serviceIdentifier, Type implementationType, CallSiteChain callSiteChain)
[xUnit.net 00:00:00.25]            at Microsoft.Extensions.DependencyInjection.ServiceLookup.CallSiteFactory.TryCreateExact(ServiceDescriptor descriptor, ServiceIdentifier serviceIdentifier, CallSiteChain callSiteChain, Int32 slot)
[xUnit.net 00:00:00.25]            at Microsoft.Extensions.DependencyInjection.ServiceLookup.CallSiteFactory.TryCreateExact(ServiceIdentifier serviceIdentifier, CallSiteChain callSiteChain)
[xUnit.net 00:00:00.25]            at Microsoft.Extensions.DependencyInjection.ServiceLookup.CallSiteFactory.CreateCallSite(ServiceIdentifier serviceIdentifier, CallSiteChain callSiteChain)
[xUnit.net 00:00:00.25]            at Microsoft.Extensions.DependencyInjection.ServiceLookup.CallSiteFactory.GetCallSite(ServiceIdentifier serviceIdentifier, CallSiteChain callSiteChain)
[xUnit.net 00:00:00.25]            at Microsoft.Extensions.DependencyInjection.ServiceProvider.CreateServiceAccessor(ServiceIdentifier serviceIdentifier)
[xUnit.net 00:00:00.25]            at System.Collections.Concurrent.ConcurrentDictionary`2.GetOrAdd(TKey key, Func`2 valueFactory)
[xUnit.net 00:00:00.25]            at Microsoft.Extensions.DependencyInjection.ServiceProvider.GetService(ServiceIdentifier serviceIdentifier, ServiceProviderEngineScope serviceProviderEngineScope)
[xUnit.net 00:00:00.25]            at Microsoft.Extensions.DependencyInjection.ServiceProvider.GetService(Type serviceType)
[xUnit.net 00:00:00.25]            at Microsoft.Extensions.DependencyInjection.ServiceProviderServiceExtensions.GetService[T](IServiceProvider provider)
[xUnit.net 00:00:00.25]         /modernize-data/studio-data/TNT1001/APP2730/transformed-code/866/studio-workspace/TMS20/Tests/TourManagement.Infrastructure.Tests/ServiceCollectionExtensionsTests.cs(93,0): at TourManagement.Infrastructure.Extensions.Tests.ServiceCollectionExtensionsTests.AddInfrastructureServices_ShouldRegisterBookingRepository()
[xUnit.net 00:00:00.25]            at System.RuntimeMethodHandle.InvokeMethod(Object target, Void** arguments, Signature sig, Boolean isConstructor)
[xUnit.net 00:00:00.25]            at System.Reflection.MethodBaseInvoker.InvokeWithNoArgs(Object obj, BindingFlags invokeAttr)
[xUnit.net 00:00:00.25]       System.InvalidOperationException : Unable to resolve service for type 'Microsoft.Extensions.Logging.ILogger`1[TourManagement.Infrastructure.Repositories.TourRepository]' while attempting to activate 'TourManagement.Infrastructure.Repositories.TourRepository'.
[xUnit.net 00:00:00.25]       Stack Trace:
[xUnit.net 00:00:00.25]            at Microsoft.Extensions.DependencyInjection.ServiceLookup.CallSiteFactory.CreateArgumentCallSites(ServiceIdentifier serviceIdentifier, Type implementationType, CallSiteChain callSiteChain, ParameterInfo[] parameters, Boolean throwIfCallSiteNotFound)
[xUnit.net 00:00:00.25]            at Microsoft.Extensions.DependencyInjection.ServiceLookup.CallSiteFactory.CreateConstructorCallSite(ResultCache lifetime, ServiceIdentifier serviceIdentifier, Type implementationType, CallSiteChain callSiteChain)
[xUnit.net 00:00:00.25]            at Microsoft.Extensions.DependencyInjection.ServiceLookup.CallSiteFactory.TryCreateExact(ServiceDescriptor descriptor, ServiceIdentifier serviceIdentifier, CallSiteChain callSiteChain, Int32 slot)
[xUnit.net 00:00:00.25]            at Microsoft.Extensions.DependencyInjection.ServiceLookup.CallSiteFactory.TryCreateExact(ServiceIdentifier serviceIdentifier, CallSiteChain callSiteChain)
[xUnit.net 00:00:00.25]            at Microsoft.Extensions.DependencyInjection.ServiceLookup.CallSiteFactory.CreateCallSite(ServiceIdentifier serviceIdentifier, CallSiteChain callSiteChain)
[xUnit.net 00:00:00.25]            at Microsoft.Extensions.DependencyInjection.ServiceLookup.CallSiteFactory.GetCallSite(ServiceIdentifier serviceIdentifier, CallSiteChain callSiteChain)
[xUnit.net 00:00:00.25]            at Microsoft.Extensions.DependencyInjection.ServiceProvider.CreateServiceAccessor(ServiceIdentifier serviceIdentifier)
[xUnit.net 00:00:00.25]            at System.Collections.Concurrent.ConcurrentDictionary`2.GetOrAdd(TKey key, Func`2 valueFactory)
[xUnit.net 00:00:00.25]            at Microsoft.Extensions.DependencyInjection.ServiceProvider.GetService(ServiceIdentifier serviceIdentifier, ServiceProviderEngineScope serviceProviderEngineScope)
[xUnit.net 00:00:00.25]            at Microsoft.Extensions.DependencyInjection.ServiceProvider.GetService(Type serviceType)
[xUnit.net 00:00:00.25]            at Microsoft.Extensions.DependencyInjection.ServiceProviderServiceExtensions.GetService[T](IServiceProvider provider)
[xUnit.net 00:00:00.25]         /modernize-data/studio-data/TNT1001/APP2730/transformed-code/866/studio-workspace/TMS20/Tests/TourManagement.Infrastructure.Tests/ServiceCollectionExtensionsTests.cs(51,0): at TourManagement.Infrastructure.Extensions.Tests.ServiceCollectionExtensionsTests.AddInfrastructureServices_ShouldRegisterTourRepository()
[xUnit.net 00:00:00.25]            at System.RuntimeMethodHandle.InvokeMethod(Object target, Void** arguments, Signature sig, Boolean isConstructor)
[xUnit.net 00:00:00.25]            at System.Reflection.MethodBaseInvoker.InvokeWithNoArgs(Object obj, BindingFlags invokeAttr)
[xUnit.net 00:00:00.25]       System.InvalidOperationException : Unable to resolve service for type 'Microsoft.Extensions.Logging.ILogger`1[TourManagement.Infrastructure.Repositories.UserRepository]' while attempting to activate 'TourManagement.Infrastructure.Repositories.UserRepository'.
[xUnit.net 00:00:00.25]       Stack Trace:
[xUnit.net 00:00:00.25]            at Microsoft.Extensions.DependencyInjection.ServiceLookup.CallSiteFactory.CreateArgumentCallSites(ServiceIdentifier serviceIdentifier, Type implementationType, CallSiteChain callSiteChain, ParameterInfo[] parameters, Boolean throwIfCallSiteNotFound)
[xUnit.net 00:00:00.25]            at Microsoft.Extensions.DependencyInjection.ServiceLookup.CallSiteFactory.CreateConstructorCallSite(ResultCache lifetime, ServiceIdentifier serviceIdentifier, Type implementationType, CallSiteChain callSiteChain)
[xUnit.net 00:00:00.25]            at Microsoft.Extensions.DependencyInjection.ServiceLookup.CallSiteFactory.TryCreateExact(ServiceDescriptor descriptor, ServiceIdentifier serviceIdentifier, CallSiteChain callSiteChain, Int32 slot)
[xUnit.net 00:00:00.25]            at Microsoft.Extensions.DependencyInjection.ServiceLookup.CallSiteFactory.TryCreateExact(ServiceIdentifier serviceIdentifier, CallSiteChain callSiteChain)
[xUnit.net 00:00:00.25]            at Microsoft.Extensions.DependencyInjection.ServiceLookup.CallSiteFactory.CreateCallSite(ServiceIdentifier serviceIdentifier, CallSiteChain callSiteChain)
[xUnit.net 00:00:00.25]            at Microsoft.Extensions.DependencyInjection.ServiceLookup.CallSiteFactory.GetCallSite(ServiceIdentifier serviceIdentifier, CallSiteChain callSiteChain)
[xUnit.net 00:00:00.25]            at Microsoft.Extensions.DependencyInjection.ServiceProvider.CreateServiceAccessor(ServiceIdentifier serviceIdentifier)
[xUnit.net 00:00:00.25]            at System.Collections.Concurrent.ConcurrentDictionary`2.GetOrAdd(TKey key, Func`2 valueFactory)
[xUnit.net 00:00:00.25]            at Microsoft.Extensions.DependencyInjection.ServiceProvider.GetService(ServiceIdentifier serviceIdentifier, ServiceProviderEngineScope serviceProviderEngineScope)
[xUnit.net 00:00:00.25]            at Microsoft.Extensions.DependencyInjection.ServiceProvider.GetService(Type serviceType)
[xUnit.net 00:00:00.25]            at Microsoft.Extensions.DependencyInjection.ServiceProviderServiceExtensions.GetService[T](IServiceProvider provider)
[xUnit.net 00:00:00.25]         /modernize-data/studio-data/TNT1001/APP2730/transformed-code/866/studio-workspace/TMS20/Tests/TourManagement.Infrastructure.Tests/ServiceCollectionExtensionsTests.cs(72,0): at TourManagement.Infrastructure.Extensions.Tests.ServiceCollectionExtensionsTests.AddInfrastructureServices_ShouldRegisterUserRepository()
[xUnit.net 00:00:00.25]            at System.RuntimeMethodHandle.InvokeMethod(Object target, Void** arguments, Signature sig, Boolean isConstructor)
[xUnit.net 00:00:00.25]            at System.Reflection.MethodBaseInvoker.InvokeWithNoArgs(Object obj, BindingFlags invokeAttr)
[xUnit.net 00:00:00.61]       System.InvalidCastException : Unable to cast object of type 'Microsoft.EntityFrameworkCore.InMemory.Storage.Internal.InMemoryTypeMapping' to type 'Microsoft.EntityFrameworkCore.Storage.RelationalTypeMapping'.
[xUnit.net 00:00:00.61]       Stack Trace:
[xUnit.net 00:00:00.61]            at Microsoft.EntityFrameworkCore.RelationalPropertyExtensions.FindRelationalTypeMapping(IReadOnlyProperty property)
[xUnit.net 00:00:00.61]            at Microsoft.EntityFrameworkCore.RelationalPropertyExtensions.GetColumnType(IReadOnlyProperty property)
[xUnit.net 00:00:00.61]            at Microsoft.EntityFrameworkCore.RelationalPropertyExtensions.GetColumnType(IProperty property)
[xUnit.net 00:00:00.61]         /modernize-data/studio-data/TNT1001/APP2730/transformed-code/866/studio-workspace/TMS20/Tests/TourManagement.Infrastructure.Tests/BookingConfigurationTests.cs(143,0): at TourManagement.Infrastructure.Data.Configurations.Tests.BookingConfigurationTests.Configure_TotalPrice_ShouldHaveColumnType()
[xUnit.net 00:00:00.61]            at System.RuntimeMethodHandle.InvokeMethod(Object target, Void** arguments, Signature sig, Boolean isConstructor)
[xUnit.net 00:00:00.61]            at System.Reflection.MethodBaseInvoker.InvokeWithNoArgs(Object obj, BindingFlags invokeAttr)
[xUnit.net 00:00:00.62]       System.InvalidCastException : Unable to cast object of type 'Microsoft.EntityFrameworkCore.InMemory.Storage.Internal.InMemoryTypeMapping' to type 'Microsoft.EntityFrameworkCore.Storage.RelationalTypeMapping'.
[xUnit.net 00:00:00.62]       Stack Trace:
[xUnit.net 00:00:00.62]            at Microsoft.EntityFrameworkCore.RelationalPropertyExtensions.FindRelationalTypeMapping(IReadOnlyProperty property)
[xUnit.net 00:00:00.62]            at Microsoft.EntityFrameworkCore.RelationalPropertyExtensions.GetColumnType(IReadOnlyProperty property)
[xUnit.net 00:00:00.62]            at Microsoft.EntityFrameworkCore.RelationalPropertyExtensions.GetColumnType(IProperty property)
[xUnit.net 00:00:00.62]         /modernize-data/studio-data/TNT1001/APP2730/transformed-code/866/studio-workspace/TMS20/Tests/TourManagement.Infrastructure.Tests/TourConfigurationTests.cs(239,0): at TourManagement.Infrastructure.Data.Configurations.Tests.TourConfigurationTests.Configure_Price_ShouldHaveColumnType()
[xUnit.net 00:00:00.62]            at System.RuntimeMethodHandle.InvokeMethod(Object target, Void** arguments, Signature sig, Boolean isConstructor)
[xUnit.net 00:00:00.62]            at System.Reflection.MethodBaseInvoker.InvokeWithNoArgs(Object obj, BindingFlags invokeAttr)
[xUnit.net 00:00:00.80]       Assert.Single() Failure: The collection was empty
[xUnit.net 00:00:00.80]       Stack Trace:
[xUnit.net 00:00:00.80]         /modernize-data/studio-data/TNT1001/APP2730/transformed-code/866/studio-workspace/TMS20/Tests/TourManagement.Infrastructure.Tests/BookingRepositoryTests.cs(232,0): at TourManagement.Infrastructure.Repositories.Tests.BookingRepositoryTests.GetByTourIdAsync_ShouldNotReturnInactiveBookings()
[xUnit.net 00:00:00.80]         --- End of stack trace from previous location ---
[xUnit.net 00:00:00.83]       Assert.Equal() Failure: Values differ
[xUnit.net 00:00:00.83]       Expected: 2
[xUnit.net 00:00:00.83]       Actual:   0
[xUnit.net 00:00:00.83]       Stack Trace:
[xUnit.net 00:00:00.83]         /modernize-data/studio-data/TNT1001/APP2730/transformed-code/866/studio-workspace/TMS20/Tests/TourManagement.Infrastructure.Tests/BookingRepositoryTests.cs(55,0): at TourManagement.Infrastructure.Repositories.Tests.BookingRepositoryTests.GetAllAsync_ShouldReturnActiveBookings()
[xUnit.net 00:00:00.83]         --- End of stack trace from previous location ---
[xUnit.net 00:00:00.83]       Assert.NotNull() Failure: Value is null
[xUnit.net 00:00:00.83]       Stack Trace:
[xUnit.net 00:00:00.83]         /modernize-data/studio-data/TNT1001/APP2730/transformed-code/866/studio-workspace/TMS20/Tests/TourManagement.Infrastructure.Tests/BookingRepositoryTests.cs(87,0): at TourManagement.Infrastructure.Repositories.Tests.BookingRepositoryTests.GetByIdAsync_WithValidId_ShouldReturnBooking()
[xUnit.net 00:00:00.83]         --- End of stack trace from previous location ---
[xUnit.net 00:00:00.84]       Assert.Single() Failure: The collection was empty
[xUnit.net 00:00:00.84]       Stack Trace:
[xUnit.net 00:00:00.84]         /modernize-data/studio-data/TNT1001/APP2730/transformed-code/866/studio-workspace/TMS20/Tests/TourManagement.Infrastructure.Tests/BookingRepositoryTests.cs(176,0): at TourManagement.Infrastructure.Repositories.Tests.BookingRepositoryTests.GetByUserIdAsync_ShouldNotReturnInactiveBookings()
[xUnit.net 00:00:00.84]         --- End of stack trace from previous location ---
[xUnit.net 00:00:00.84]       Assert.Equal() Failure: Values differ
[xUnit.net 00:00:00.84]       Expected: 2
[xUnit.net 00:00:00.84]       Actual:   0
[xUnit.net 00:00:00.84]       Stack Trace:
[xUnit.net 00:00:00.84]         /modernize-data/studio-data/TNT1001/APP2730/transformed-code/866/studio-workspace/TMS20/Tests/TourManagement.Infrastructure.Tests/BookingRepositoryTests.cs(141,0): at TourManagement.Infrastructure.Repositories.Tests.BookingRepositoryTests.GetByUserIdAsync_ShouldReturnUserBookings()
[xUnit.net 00:00:00.84]         --- End of stack trace from previous location ---
[xUnit.net 00:00:00.84]       Assert.False() Failure
[xUnit.net 00:00:00.84]       Expected: False
[xUnit.net 00:00:00.84]       Actual:   True
[xUnit.net 00:00:00.84]       Stack Trace:
[xUnit.net 00:00:00.84]         /modernize-data/studio-data/TNT1001/APP2730/transformed-code/866/studio-workspace/TMS20/Tests/TourManagement.Infrastructure.Tests/BookingRepositoryTests.cs(292,0): at TourManagement.Infrastructure.Repositories.Tests.BookingRepositoryTests.DeleteAsync_ShouldMarkBookingAsInactive()
[xUnit.net 00:00:00.84]         --- End of stack trace from previous location ---
[xUnit.net 00:00:00.84]       Assert.Equal() Failure: Values differ
[xUnit.net 00:00:00.84]       Expected: 2
[xUnit.net 00:00:00.84]       Actual:   0
[xUnit.net 00:00:00.84]       Stack Trace:
[xUnit.net 00:00:00.84]         /modernize-data/studio-data/TNT1001/APP2730/transformed-code/866/studio-workspace/TMS20/Tests/TourManagement.Infrastructure.Tests/BookingRepositoryTests.cs(197,0): at TourManagement.Infrastructure.Repositories.Tests.BookingRepositoryTests.GetByTourIdAsync_ShouldReturnTourBookings()
[xUnit.net 00:00:00.84]         --- End of stack trace from previous location ---
[xUnit.net 00:00:00.85]   Finished:    TourManagement.Infrastructure.Tests
</StdOut>
    </Output>
    <RunInfos>
      <RunInfo computerName="b0cf5c89b820" outcome="Error" timestamp="2026-01-05T10:53:14.5444371+00:00">
        <Text>[xUnit.net 00:00:00.19]     TourManagement.Infrastructure.Extensions.Tests.ServiceCollectionExtensionsTests.AddInfrastructureServices_WithNullConfiguration_ShouldThrowException [FAIL]</Text>
      </RunInfo>
      <RunInfo computerName="b0cf5c89b820" outcome="Error" timestamp="2026-01-05T10:53:14.6420767+00:00">
        <Text>[xUnit.net 00:00:00.25]     TourManagement.Infrastructure.Extensions.Tests.ServiceCollectionExtensionsTests.AddInfrastructureServices_ShouldRegisterBookingRepository [FAIL]</Text>
      </RunInfo>
      <RunInfo computerName="b0cf5c89b820" outcome="Error" timestamp="2026-01-05T10:53:14.6421774+00:00">
        <Text>[xUnit.net 00:00:00.25]     TourManagement.Infrastructure.Extensions.Tests.ServiceCollectionExtensionsTests.AddInfrastructureServices_ShouldRegisterTourRepository [FAIL]</Text>
      </RunInfo>
      <RunInfo computerName="b0cf5c89b820" outcome="Error" timestamp="2026-01-05T10:53:14.6422434+00:00">
        <Text>[xUnit.net 00:00:00.25]     TourManagement.Infrastructure.Extensions.Tests.ServiceCollectionExtensionsTests.AddInfrastructureServices_ShouldRegisterUserRepository [FAIL]</Text>
      </RunInfo>
      <RunInfo computerName="b0cf5c89b820" outcome="Error" timestamp="2026-01-05T10:53:14.9665782+00:00">
        <Text>[xUnit.net 00:00:00.61]     TourManagement.Infrastructure.Data.Configurations.Tests.BookingConfigurationTests.Configure_TotalPrice_ShouldHaveColumnType [FAIL]</Text>
      </RunInfo>
      <RunInfo computerName="b0cf5c89b820" outcome="Error" timestamp="2026-01-05T10:53:14.9723037+00:00">
        <Text>[xUnit.net 00:00:00.62]     TourManagement.Infrastructure.Data.Configurations.Tests.TourConfigurationTests.Configure_Price_ShouldHaveColumnType [FAIL]</Text>
      </RunInfo>
      <RunInfo computerName="b0cf5c89b820" outcome="Error" timestamp="2026-01-05T10:53:15.1522337+00:00">
        <Text>[xUnit.net 00:00:00.80]     TourManagement.Infrastructure.Repositories.Tests.BookingRepositoryTests.GetByTourIdAsync_ShouldNotReturnInactiveBookings [FAIL]</Text>
      </RunInfo>
      <RunInfo computerName="b0cf5c89b820" outcome="Error" timestamp="2026-01-05T10:53:15.1805042+00:00">
        <Text>[xUnit.net 00:00:00.83]     TourManagement.Infrastructure.Repositories.Tests.BookingRepositoryTests.GetAllAsync_ShouldReturnActiveBookings [FAIL]</Text>
      </RunInfo>
      <RunInfo computerName="b0cf5c89b820" outcome="Error" timestamp="2026-01-05T10:53:15.1853146+00:00">
        <Text>[xUnit.net 00:00:00.83]     TourManagement.Infrastructure.Repositories.Tests.BookingRepositoryTests.GetByIdAsync_WithValidId_ShouldReturnBooking [FAIL]</Text>
      </RunInfo>
      <RunInfo computerName="b0cf5c89b820" outcome="Error" timestamp="2026-01-05T10:53:15.1884045+00:00">
        <Text>[xUnit.net 00:00:00.84]     TourManagement.Infrastructure.Repositories.Tests.BookingRepositoryTests.GetByUserIdAsync_ShouldNotReturnInactiveBookings [FAIL]</Text>
      </RunInfo>
      <RunInfo computerName="b0cf5c89b820" outcome="Error" timestamp="2026-01-05T10:53:15.1898695+00:00">
        <Text>[xUnit.net 00:00:00.84]     TourManagement.Infrastructure.Repositories.Tests.BookingRepositoryTests.GetByUserIdAsync_ShouldReturnUserBookings [FAIL]</Text>
      </RunInfo>
      <RunInfo computerName="b0cf5c89b820" outcome="Error" timestamp="2026-01-05T10:53:15.1922186+00:00">
        <Text>[xUnit.net 00:00:00.84]     TourManagement.Infrastructure.Repositories.Tests.BookingRepositoryTests.DeleteAsync_ShouldMarkBookingAsInactive [FAIL]</Text>
      </RunInfo>
      <RunInfo computerName="b0cf5c89b820" outcome="Error" timestamp="2026-01-05T10:53:15.1974161+00:00">
        <Text>[xUnit.net 00:00:00.84]     TourManagement.Infrastructure.Repositories.Tests.BookingRepositoryTests.GetByTourIdAsync_ShouldReturnTourBookings [FAIL]</Text>
      </RunInfo>
    </RunInfos>
  </ResultSummary>
</TestRun>