SF:/modernize-data/studio-data/TNT1001/APP1171/transformed-code/355/studio-workspace/Rah-hostcheck/TourManagement.Net8/src/TourManagement.Application/Services/BookingService.cs
FN:19,System.Void TourManagement.Application.Services.BookingService::.ctor(TourManagement.Domain.Interfaces.Repositories.IBookingRepository,AutoMapper.IMapper,Microsoft.Extensions.Logging.ILogger`1<TourManagement.Application.Services.BookingService>)
FNDA:0,System.Void TourManagement.Application.Services.BookingService::.ctor(TourManagement.Domain.Interfaces.Repositories.IBookingRepository,AutoMapper.IMapper,Microsoft.Extensions.Logging.ILogger`1<TourManagement.Application.Services.BookingService>)
DA:20,0
DA:21,0
DA:22,0
DA:23,0
DA:24,0
DA:25,0
FN:87,System.Void TourManagement.Application.Services.BookingService/<CreateAsync>d__8::MoveNext()
FNDA:0,System.Void TourManagement.Application.Services.BookingService/<CreateAsync>d__8::MoveNext()
DA:88,0
DA:90,0
DA:91,0
DA:93,0
DA:94,0
DA:96,0
DA:97,0
DA:99,0
DA:100,0
DA:101,0
DA:102,0
DA:104,0
FN:130,System.Void TourManagement.Application.Services.BookingService/<DeleteAsync>d__10::MoveNext()
FNDA:0,System.Void TourManagement.Application.Services.BookingService/<DeleteAsync>d__10::MoveNext()
DA:131,0
DA:133,0
DA:134,0
DA:136,0
DA:137,0
DA:138,0
DA:141,0
DA:142,0
DA:143,0
DA:144,0
DA:145,0
DA:146,0
DA:147,0
DA:149,0
BRDA:136,215,0,0
BRDA:136,215,1,0
FN:27,System.Void TourManagement.Application.Services.BookingService/<GetAllAsync>d__4::MoveNext()
FNDA:0,System.Void TourManagement.Application.Services.BookingService/<GetAllAsync>d__4::MoveNext()
DA:28,0
DA:30,0
DA:31,0
DA:32,0
DA:33,0
DA:35,0
DA:36,0
DA:37,0
DA:38,0
DA:40,0
FN:42,System.Void TourManagement.Application.Services.BookingService/<GetByIdAsync>d__5::MoveNext()
FNDA:0,System.Void TourManagement.Application.Services.BookingService/<GetByIdAsync>d__5::MoveNext()
DA:43,0
DA:45,0
DA:46,0
DA:47,0
DA:48,0
DA:50,0
DA:51,0
DA:52,0
DA:53,0
DA:55,0
BRDA:48,214,0,0
BRDA:48,214,1,0
FN:72,System.Void TourManagement.Application.Services.BookingService/<GetByTourIdAsync>d__7::MoveNext()
FNDA:0,System.Void TourManagement.Application.Services.BookingService/<GetByTourIdAsync>d__7::MoveNext()
DA:73,0
DA:75,0
DA:76,0
DA:77,0
DA:78,0
DA:80,0
DA:81,0
DA:82,0
DA:83,0
DA:85,0
FN:57,System.Void TourManagement.Application.Services.BookingService/<GetByUserIdAsync>d__6::MoveNext()
FNDA:0,System.Void TourManagement.Application.Services.BookingService/<GetByUserIdAsync>d__6::MoveNext()
DA:58,0
DA:60,0
DA:61,0
DA:62,0
DA:63,0
DA:65,0
DA:66,0
DA:67,0
DA:68,0
DA:70,0
FN:106,System.Void TourManagement.Application.Services.BookingService/<UpdateAsync>d__9::MoveNext()
FNDA:0,System.Void TourManagement.Application.Services.BookingService/<UpdateAsync>d__9::MoveNext()
DA:107,0
DA:109,0
DA:110,0
DA:112,0
DA:113,0
DA:114,0
DA:115,0
DA:118,0
DA:119,0
DA:121,0
DA:122,0
DA:123,0
DA:124,0
DA:125,0
DA:126,0
DA:128,0
BRDA:113,234,0,0
BRDA:113,234,1,0
LF:88
LH:0
BRF:6
BRH:0
FNF:8
FNH:0
end_of_record
SF:/modernize-data/studio-data/TNT1001/APP1171/transformed-code/355/studio-workspace/Rah-hostcheck/TourManagement.Net8/src/TourManagement.Application/Services/TourService.cs
FN:19,System.Void TourManagement.Application.Services.TourService::.ctor(TourManagement.Domain.Interfaces.Repositories.ITourRepository,AutoMapper.IMapper,Microsoft.Extensions.Logging.ILogger`1<TourManagement.Application.Services.TourService>)
FNDA:0,System.Void TourManagement.Application.Services.TourService::.ctor(TourManagement.Domain.Interfaces.Repositories.ITourRepository,AutoMapper.IMapper,Microsoft.Extensions.Logging.ILogger`1<TourManagement.Application.Services.TourService>)
DA:20,0
DA:21,0
DA:22,0
DA:23,0
DA:24,0
DA:25,0
FN:57,System.Void TourManagement.Application.Services.TourService/<CreateAsync>d__6::MoveNext()
FNDA:0,System.Void TourManagement.Application.Services.TourService/<CreateAsync>d__6::MoveNext()
DA:58,0
DA:60,0
DA:61,0
DA:63,0
DA:64,0
DA:66,0
DA:67,0
DA:69,0
DA:70,0
DA:71,0
DA:72,0
DA:74,0
FN:100,System.Void TourManagement.Application.Services.TourService/<DeleteAsync>d__8::MoveNext()
FNDA:0,System.Void TourManagement.Application.Services.TourService/<DeleteAsync>d__8::MoveNext()
DA:101,0
DA:103,0
DA:104,0
DA:106,0
DA:107,0
DA:108,0
DA:111,0
DA:112,0
DA:113,0
DA:114,0
DA:115,0
DA:116,0
DA:117,0
DA:119,0
BRDA:106,215,0,0
BRDA:106,215,1,0
FN:27,System.Void TourManagement.Application.Services.TourService/<GetAllAsync>d__4::MoveNext()
FNDA:0,System.Void TourManagement.Application.Services.TourService/<GetAllAsync>d__4::MoveNext()
DA:28,0
DA:30,0
DA:31,0
DA:32,0
DA:33,0
DA:35,0
DA:36,0
DA:37,0
DA:38,0
DA:40,0
FN:42,System.Void TourManagement.Application.Services.TourService/<GetByIdAsync>d__5::MoveNext()
FNDA:0,System.Void TourManagement.Application.Services.TourService/<GetByIdAsync>d__5::MoveNext()
DA:43,0
DA:45,0
DA:46,0
DA:47,0
DA:48,0
DA:50,0
DA:51,0
DA:52,0
DA:53,0
DA:55,0
BRDA:48,214,0,0
BRDA:48,214,1,0
FN:136,System.Void TourManagement.Application.Services.TourService/<GetByPlaceAsync>d__10::MoveNext()
FNDA:0,System.Void TourManagement.Application.Services.TourService/<GetByPlaceAsync>d__10::MoveNext()
DA:137,0
DA:139,0
DA:140,0
DA:141,0
DA:142,0
DA:144,0
DA:145,0
DA:146,0
DA:147,0
DA:149,0
FN:121,System.Void TourManagement.Application.Services.TourService/<SearchAsync>d__9::MoveNext()
FNDA:0,System.Void TourManagement.Application.Services.TourService/<SearchAsync>d__9::MoveNext()
DA:122,0
DA:124,0
DA:125,0
DA:126,0
DA:127,0
DA:129,0
DA:130,0
DA:131,0
DA:132,0
DA:134,0
FN:76,System.Void TourManagement.Application.Services.TourService/<UpdateAsync>d__7::MoveNext()
FNDA:0,System.Void TourManagement.Application.Services.TourService/<UpdateAsync>d__7::MoveNext()
DA:77,0
DA:79,0
DA:80,0
DA:82,0
DA:83,0
DA:84,0
DA:85,0
DA:88,0
DA:89,0
DA:91,0
DA:92,0
DA:93,0
DA:94,0
DA:95,0
DA:96,0
DA:98,0
BRDA:83,234,0,0
BRDA:83,234,1,0
LF:88
LH:0
BRF:6
BRH:0
FNF:8
FNH:0
end_of_record
SF:/modernize-data/studio-data/TNT1001/APP1171/transformed-code/355/studio-workspace/Rah-hostcheck/TourManagement.Net8/src/TourManagement.Application/Services/UserService.cs
FN:19,System.Void TourManagement.Application.Services.UserService::.ctor(TourManagement.Domain.Interfaces.Repositories.IUserRepository,AutoMapper.IMapper,Microsoft.Extensions.Logging.ILogger`1<TourManagement.Application.Services.UserService>)
FNDA:0,System.Void TourManagement.Application.Services.UserService::.ctor(TourManagement.Domain.Interfaces.Repositories.IUserRepository,AutoMapper.IMapper,Microsoft.Extensions.Logging.ILogger`1<TourManagement.Application.Services.UserService>)
DA:20,0
DA:21,0
DA:22,0
DA:23,0
DA:24,0
DA:25,0
FN:72,System.Void TourManagement.Application.Services.UserService/<CreateAsync>d__7::MoveNext()
FNDA:0,System.Void TourManagement.Application.Services.UserService/<CreateAsync>d__7::MoveNext()
DA:73,0
DA:75,0
DA:76,0
DA:79,0
DA:80,0
DA:81,0
DA:84,0
DA:87,0
DA:89,0
DA:90,0
DA:92,0
DA:94,0
DA:95,0
DA:96,0
DA:97,0
DA:99,0
BRDA:79,218,0,0
BRDA:79,218,1,0
FN:125,System.Void TourManagement.Application.Services.UserService/<DeleteAsync>d__9::MoveNext()
FNDA:0,System.Void TourManagement.Application.Services.UserService/<DeleteAsync>d__9::MoveNext()
DA:126,0
DA:128,0
DA:129,0
DA:131,0
DA:132,0
DA:133,0
DA:136,0
DA:137,0
DA:138,0
DA:139,0
DA:140,0
DA:141,0
DA:142,0
DA:144,0
BRDA:131,215,0,0
BRDA:131,215,1,0
FN:27,System.Void TourManagement.Application.Services.UserService/<GetAllAsync>d__4::MoveNext()
FNDA:0,System.Void TourManagement.Application.Services.UserService/<GetAllAsync>d__4::MoveNext()
DA:28,0
DA:30,0
DA:31,0
DA:32,0
DA:33,0
DA:35,0
DA:36,0
DA:37,0
DA:38,0
DA:40,0
FN:57,System.Void TourManagement.Application.Services.UserService/<GetByEmailAsync>d__6::MoveNext()
FNDA:0,System.Void TourManagement.Application.Services.UserService/<GetByEmailAsync>d__6::MoveNext()
DA:58,0
DA:60,0
DA:61,0
DA:62,0
DA:63,0
DA:65,0
DA:66,0
DA:67,0
DA:68,0
DA:70,0
BRDA:63,209,0,0
BRDA:63,209,1,0
FN:42,System.Void TourManagement.Application.Services.UserService/<GetByIdAsync>d__5::MoveNext()
FNDA:0,System.Void TourManagement.Application.Services.UserService/<GetByIdAsync>d__5::MoveNext()
DA:43,0
DA:45,0
DA:46,0
DA:47,0
DA:48,0
DA:50,0
DA:51,0
DA:52,0
DA:53,0
DA:55,0
BRDA:48,214,0,0
BRDA:48,214,1,0
FN:146,System.Void TourManagement.Application.Services.UserService/<SearchAsync>d__10::MoveNext()
FNDA:0,System.Void TourManagement.Application.Services.UserService/<SearchAsync>d__10::MoveNext()
DA:147,0
DA:149,0
DA:150,0
DA:151,0
DA:152,0
DA:154,0
DA:155,0
DA:156,0
DA:157,0
DA:159,0
FN:101,System.Void TourManagement.Application.Services.UserService/<UpdateAsync>d__8::MoveNext()
FNDA:0,System.Void TourManagement.Application.Services.UserService/<UpdateAsync>d__8::MoveNext()
DA:102,0
DA:104,0
DA:105,0
DA:107,0
DA:108,0
DA:109,0
DA:110,0
DA:113,0
DA:114,0
DA:116,0
DA:117,0
DA:118,0
DA:119,0
DA:120,0
DA:121,0
DA:123,0
BRDA:108,234,0,0
BRDA:108,234,1,0
FN:161,System.Void TourManagement.Application.Services.UserService/<ValidateLoginAsync>d__11::MoveNext()
FNDA:0,System.Void TourManagement.Application.Services.UserService/<ValidateLoginAsync>d__11::MoveNext()
DA:162,0
DA:164,0
DA:165,0
DA:167,0
DA:168,0
DA:169,0
DA:170,0
DA:173,0
DA:175,0
DA:176,0
DA:177,0
DA:178,0
DA:180,0
BRDA:168,209,0,0
BRDA:168,209,1,0
BRDA:168,232,0,0
BRDA:168,232,1,0
LF:105
LH:0
BRF:14
BRH:0
FNF:9
FNH:0
end_of_record
SF:/modernize-data/studio-data/TNT1001/APP1171/transformed-code/355/studio-workspace/Rah-hostcheck/TourManagement.Net8/src/TourManagement.Application/Mappings/MappingProfile.cs
FN:11,System.Void TourManagement.Application.Mappings.MappingProfile::.ctor()
FNDA:0,System.Void TourManagement.Application.Mappings.MappingProfile::.ctor()
DA:12,0
DA:13,0
DA:15,0
DA:16,0
DA:17,0
DA:18,0
DA:19,0
DA:20,0
DA:21,0
DA:22,0
DA:25,0
DA:26,0
DA:27,0
DA:28,0
DA:29,0
DA:30,0
DA:31,0
DA:32,0
DA:35,0
DA:36,0
DA:37,0
DA:38,0
DA:39,0
DA:40,0
DA:41,0
DA:42,0
DA:43,0
DA:44,0
DA:45,0
DA:46,0
LF:30
LH:0
BRF:0
BRH:0
FNF:1
FNH:0
end_of_record
SF:/modernize-data/studio-data/TNT1001/APP1171/transformed-code/355/studio-workspace/Rah-hostcheck/TourManagement.Net8/src/TourManagement.Application/Extensions/ServiceCollectionExtensions.cs
FN:12,Microsoft.Extensions.DependencyInjection.IServiceCollection TourManagement.Application.Extensions.ServiceCollectionExtensions::AddApplicationServices(Microsoft.Extensions.DependencyInjection.IServiceCollection)
FNDA:0,Microsoft.Extensions.DependencyInjection.IServiceCollection TourManagement.Application.Extensions.ServiceCollectionExtensions::AddApplicationServices(Microsoft.Extensions.DependencyInjection.IServiceCollection)
DA:13,0
DA:15,0
DA:18,0
DA:19,0
DA:20,0
DA:22,0
DA:23,0
LF:7
LH:0
BRF:0
BRH:0
FNF:1
FNH:0
end_of_record
SF:/modernize-data/studio-data/TNT1001/APP1171/transformed-code/355/studio-workspace/Rah-hostcheck/TourManagement.Net8/src/TourManagement.Application/DTOs/BookingDto.cs
FN:7,System.Int32 TourManagement.Application.DTOs.BookingDto::get_Id()
FNDA:0,System.Int32 TourManagement.Application.DTOs.BookingDto::get_Id()
DA:8,0
FN:8,System.Int32 TourManagement.Application.DTOs.BookingDto::get_UserId()
FNDA:0,System.Int32 TourManagement.Application.DTOs.BookingDto::get_UserId()
DA:9,0
FN:9,System.Int32 TourManagement.Application.DTOs.BookingDto::get_TourId()
FNDA:0,System.Int32 TourManagement.Application.DTOs.BookingDto::get_TourId()
DA:10,0
FN:10,System.String TourManagement.Application.DTOs.BookingDto::get_UserName()
FNDA:0,System.String TourManagement.Application.DTOs.BookingDto::get_UserName()
DA:11,0
FN:11,System.String TourManagement.Application.DTOs.BookingDto::get_TourName()
FNDA:0,System.String TourManagement.Application.DTOs.BookingDto::get_TourName()
DA:12,0
FN:12,System.DateTime TourManagement.Application.DTOs.BookingDto::get_BookingDate()
FNDA:0,System.DateTime TourManagement.Application.DTOs.BookingDto::get_BookingDate()
DA:13,0
FN:13,System.Int32 TourManagement.Application.DTOs.BookingDto::get_NumberOfPersons()
FNDA:0,System.Int32 TourManagement.Application.DTOs.BookingDto::get_NumberOfPersons()
DA:14,0
FN:14,System.Decimal TourManagement.Application.DTOs.BookingDto::get_TotalAmount()
FNDA:0,System.Decimal TourManagement.Application.DTOs.BookingDto::get_TotalAmount()
DA:15,0
FN:15,System.String TourManagement.Application.DTOs.BookingDto::get_Status()
FNDA:0,System.String TourManagement.Application.DTOs.BookingDto::get_Status()
DA:16,0
FN:16,System.DateTime TourManagement.Application.DTOs.BookingDto::get_CreatedDate()
FNDA:0,System.DateTime TourManagement.Application.DTOs.BookingDto::get_CreatedDate()
DA:17,0
FN:17,System.Boolean TourManagement.Application.DTOs.BookingDto::get_IsActive()
FNDA:0,System.Boolean TourManagement.Application.DTOs.BookingDto::get_IsActive()
DA:18,0
FN:25,System.Int32 TourManagement.Application.DTOs.BookingCreateDto::get_UserId()
FNDA:0,System.Int32 TourManagement.Application.DTOs.BookingCreateDto::get_UserId()
DA:26,0
FN:26,System.Int32 TourManagement.Application.DTOs.BookingCreateDto::get_TourId()
FNDA:0,System.Int32 TourManagement.Application.DTOs.BookingCreateDto::get_TourId()
DA:27,0
FN:27,System.DateTime TourManagement.Application.DTOs.BookingCreateDto::get_BookingDate()
FNDA:0,System.DateTime TourManagement.Application.DTOs.BookingCreateDto::get_BookingDate()
DA:28,0
FN:28,System.Int32 TourManagement.Application.DTOs.BookingCreateDto::get_NumberOfPersons()
FNDA:0,System.Int32 TourManagement.Application.DTOs.BookingCreateDto::get_NumberOfPersons()
DA:29,0
FN:29,System.Decimal TourManagement.Application.DTOs.BookingCreateDto::get_TotalAmount()
FNDA:0,System.Decimal TourManagement.Application.DTOs.BookingCreateDto::get_TotalAmount()
DA:30,0
FN:37,System.DateTime TourManagement.Application.DTOs.BookingUpdateDto::get_BookingDate()
FNDA:0,System.DateTime TourManagement.Application.DTOs.BookingUpdateDto::get_BookingDate()
DA:38,0
FN:38,System.Int32 TourManagement.Application.DTOs.BookingUpdateDto::get_NumberOfPersons()
FNDA:0,System.Int32 TourManagement.Application.DTOs.BookingUpdateDto::get_NumberOfPersons()
DA:39,0
FN:39,System.Decimal TourManagement.Application.DTOs.BookingUpdateDto::get_TotalAmount()
FNDA:0,System.Decimal TourManagement.Application.DTOs.BookingUpdateDto::get_TotalAmount()
DA:40,0
FN:40,System.String TourManagement.Application.DTOs.BookingUpdateDto::get_Status()
FNDA:0,System.String TourManagement.Application.DTOs.BookingUpdateDto::get_Status()
DA:41,0
LF:20
LH:0
BRF:0
BRH:0
FNF:20
FNH:0
end_of_record
SF:/modernize-data/studio-data/TNT1001/APP1171/transformed-code/355/studio-workspace/Rah-hostcheck/TourManagement.Net8/src/TourManagement.Application/DTOs/TourDto.cs
FN:7,System.Int32 TourManagement.Application.DTOs.TourDto::get_Id()
FNDA:0,System.Int32 TourManagement.Application.DTOs.TourDto::get_Id()
DA:8,0
FN:8,System.String TourManagement.Application.DTOs.TourDto::get_TourName()
FNDA:0,System.String TourManagement.Application.DTOs.TourDto::get_TourName()
DA:9,0
FN:9,System.String TourManagement.Application.DTOs.TourDto::get_Place()
FNDA:0,System.String TourManagement.Application.DTOs.TourDto::get_Place()
DA:10,0
FN:10,System.Int32 TourManagement.Application.DTOs.TourDto::get_Days()
FNDA:0,System.Int32 TourManagement.Application.DTOs.TourDto::get_Days()
DA:11,0
FN:11,System.Decimal TourManagement.Application.DTOs.TourDto::get_Price()
FNDA:0,System.Decimal TourManagement.Application.DTOs.TourDto::get_Price()
DA:12,0
FN:12,System.String TourManagement.Application.DTOs.TourDto::get_Locations()
FNDA:0,System.String TourManagement.Application.DTOs.TourDto::get_Locations()
DA:13,0
FN:13,System.String TourManagement.Application.DTOs.TourDto::get_TourInfo()
FNDA:0,System.String TourManagement.Application.DTOs.TourDto::get_TourInfo()
DA:14,0
FN:14,System.String TourManagement.Application.DTOs.TourDto::get_PictureFileName()
FNDA:0,System.String TourManagement.Application.DTOs.TourDto::get_PictureFileName()
DA:15,0
FN:15,System.DateTime TourManagement.Application.DTOs.TourDto::get_CreatedDate()
FNDA:0,System.DateTime TourManagement.Application.DTOs.TourDto::get_CreatedDate()
DA:16,0
FN:16,System.Boolean TourManagement.Application.DTOs.TourDto::get_IsActive()
FNDA:0,System.Boolean TourManagement.Application.DTOs.TourDto::get_IsActive()
DA:17,0
FN:24,System.String TourManagement.Application.DTOs.TourCreateDto::get_TourName()
FNDA:0,System.String TourManagement.Application.DTOs.TourCreateDto::get_TourName()
DA:25,0
FN:25,System.String TourManagement.Application.DTOs.TourCreateDto::get_Place()
FNDA:0,System.String TourManagement.Application.DTOs.TourCreateDto::get_Place()
DA:26,0
FN:26,System.Int32 TourManagement.Application.DTOs.TourCreateDto::get_Days()
FNDA:0,System.Int32 TourManagement.Application.DTOs.TourCreateDto::get_Days()
DA:27,0
FN:27,System.Decimal TourManagement.Application.DTOs.TourCreateDto::get_Price()
FNDA:0,System.Decimal TourManagement.Application.DTOs.TourCreateDto::get_Price()
DA:28,0
FN:28,System.String TourManagement.Application.DTOs.TourCreateDto::get_Locations()
FNDA:0,System.String TourManagement.Application.DTOs.TourCreateDto::get_Locations()
DA:29,0
FN:29,System.String TourManagement.Application.DTOs.TourCreateDto::get_TourInfo()
FNDA:0,System.String TourManagement.Application.DTOs.TourCreateDto::get_TourInfo()
DA:30,0
FN:30,System.String TourManagement.Application.DTOs.TourCreateDto::get_PictureFileName()
FNDA:0,System.String TourManagement.Application.DTOs.TourCreateDto::get_PictureFileName()
DA:31,0
FN:38,System.String TourManagement.Application.DTOs.TourUpdateDto::get_TourName()
FNDA:0,System.String TourManagement.Application.DTOs.TourUpdateDto::get_TourName()
DA:39,0
FN:39,System.String TourManagement.Application.DTOs.TourUpdateDto::get_Place()
FNDA:0,System.String TourManagement.Application.DTOs.TourUpdateDto::get_Place()
DA:40,0
FN:40,System.Int32 TourManagement.Application.DTOs.TourUpdateDto::get_Days()
FNDA:0,System.Int32 TourManagement.Application.DTOs.TourUpdateDto::get_Days()
DA:41,0
FN:41,System.Decimal TourManagement.Application.DTOs.TourUpdateDto::get_Price()
FNDA:0,System.Decimal TourManagement.Application.DTOs.TourUpdateDto::get_Price()
DA:42,0
FN:42,System.String TourManagement.Application.DTOs.TourUpdateDto::get_Locations()
FNDA:0,System.String TourManagement.Application.DTOs.TourUpdateDto::get_Locations()
DA:43,0
FN:43,System.String TourManagement.Application.DTOs.TourUpdateDto::get_TourInfo()
FNDA:0,System.String TourManagement.Application.DTOs.TourUpdateDto::get_TourInfo()
DA:44,0
FN:44,System.String TourManagement.Application.DTOs.TourUpdateDto::get_PictureFileName()
FNDA:0,System.String TourManagement.Application.DTOs.TourUpdateDto::get_PictureFileName()
DA:45,0
LF:24
LH:0
BRF:0
BRH:0
FNF:24
FNH:0
end_of_record
SF:/modernize-data/studio-data/TNT1001/APP1171/transformed-code/355/studio-workspace/Rah-hostcheck/TourManagement.Net8/src/TourManagement.Application/DTOs/UserDto.cs
FN:7,System.Int32 TourManagement.Application.DTOs.UserDto::get_Id()
FNDA:0,System.Int32 TourManagement.Application.DTOs.UserDto::get_Id()
DA:8,0
FN:8,System.String TourManagement.Application.DTOs.UserDto::get_Email()
FNDA:0,System.String TourManagement.Application.DTOs.UserDto::get_Email()
DA:9,0
FN:9,System.String TourManagement.Application.DTOs.UserDto::get_FirstName()
FNDA:0,System.String TourManagement.Application.DTOs.UserDto::get_FirstName()
DA:10,0
FN:10,System.String TourManagement.Application.DTOs.UserDto::get_LastName()
FNDA:0,System.String TourManagement.Application.DTOs.UserDto::get_LastName()
DA:11,0
FN:11,System.String TourManagement.Application.DTOs.UserDto::get_Gender()
FNDA:0,System.String TourManagement.Application.DTOs.UserDto::get_Gender()
DA:12,0
FN:12,System.DateTime TourManagement.Application.DTOs.UserDto::get_DateOfBirth()
FNDA:0,System.DateTime TourManagement.Application.DTOs.UserDto::get_DateOfBirth()
DA:13,0
FN:13,System.String TourManagement.Application.DTOs.UserDto::get_Street()
FNDA:0,System.String TourManagement.Application.DTOs.UserDto::get_Street()
DA:14,0
FN:14,System.String TourManagement.Application.DTOs.UserDto::get_City()
FNDA:0,System.String TourManagement.Application.DTOs.UserDto::get_City()
DA:15,0
FN:15,System.String TourManagement.Application.DTOs.UserDto::get_State()
FNDA:0,System.String TourManagement.Application.DTOs.UserDto::get_State()
DA:16,0
FN:16,System.DateTime TourManagement.Application.DTOs.UserDto::get_CreatedDate()
FNDA:0,System.DateTime TourManagement.Application.DTOs.UserDto::get_CreatedDate()
DA:17,0
FN:17,System.Boolean TourManagement.Application.DTOs.UserDto::get_IsActive()
FNDA:0,System.Boolean TourManagement.Application.DTOs.UserDto::get_IsActive()
DA:18,0
FN:25,System.String TourManagement.Application.DTOs.UserCreateDto::get_Email()
FNDA:0,System.String TourManagement.Application.DTOs.UserCreateDto::get_Email()
DA:26,0
FN:26,System.String TourManagement.Application.DTOs.UserCreateDto::get_FirstName()
FNDA:0,System.String TourManagement.Application.DTOs.UserCreateDto::get_FirstName()
DA:27,0
FN:27,System.String TourManagement.Application.DTOs.UserCreateDto::get_LastName()
FNDA:0,System.String TourManagement.Application.DTOs.UserCreateDto::get_LastName()
DA:28,0
FN:28,System.String TourManagement.Application.DTOs.UserCreateDto::get_Gender()
FNDA:0,System.String TourManagement.Application.DTOs.UserCreateDto::get_Gender()
DA:29,0
FN:29,System.String TourManagement.Application.DTOs.UserCreateDto::get_Password()
FNDA:0,System.String TourManagement.Application.DTOs.UserCreateDto::get_Password()
DA:30,0
FN:30,System.DateTime TourManagement.Application.DTOs.UserCreateDto::get_DateOfBirth()
FNDA:0,System.DateTime TourManagement.Application.DTOs.UserCreateDto::get_DateOfBirth()
DA:31,0
FN:31,System.String TourManagement.Application.DTOs.UserCreateDto::get_Street()
FNDA:0,System.String TourManagement.Application.DTOs.UserCreateDto::get_Street()
DA:32,0
FN:32,System.String TourManagement.Application.DTOs.UserCreateDto::get_City()
FNDA:0,System.String TourManagement.Application.DTOs.UserCreateDto::get_City()
DA:33,0
FN:33,System.String TourManagement.Application.DTOs.UserCreateDto::get_State()
FNDA:0,System.String TourManagement.Application.DTOs.UserCreateDto::get_State()
DA:34,0
FN:41,System.String TourManagement.Application.DTOs.UserUpdateDto::get_FirstName()
FNDA:0,System.String TourManagement.Application.DTOs.UserUpdateDto::get_FirstName()
DA:42,0
FN:42,System.String TourManagement.Application.DTOs.UserUpdateDto::get_LastName()
FNDA:0,System.String TourManagement.Application.DTOs.UserUpdateDto::get_LastName()
DA:43,0
FN:43,System.String TourManagement.Application.DTOs.UserUpdateDto::get_Gender()
FNDA:0,System.String TourManagement.Application.DTOs.UserUpdateDto::get_Gender()
DA:44,0
FN:44,System.DateTime TourManagement.Application.DTOs.UserUpdateDto::get_DateOfBirth()
FNDA:0,System.DateTime TourManagement.Application.DTOs.UserUpdateDto::get_DateOfBirth()
DA:45,0
FN:45,System.String TourManagement.Application.DTOs.UserUpdateDto::get_Street()
FNDA:0,System.String TourManagement.Application.DTOs.UserUpdateDto::get_Street()
DA:46,0
FN:46,System.String TourManagement.Application.DTOs.UserUpdateDto::get_City()
FNDA:0,System.String TourManagement.Application.DTOs.UserUpdateDto::get_City()
DA:47,0
FN:47,System.String TourManagement.Application.DTOs.UserUpdateDto::get_State()
FNDA:0,System.String TourManagement.Application.DTOs.UserUpdateDto::get_State()
DA:48,0
LF:27
LH:0
BRF:0
BRH:0
FNF:27
FNH:0
end_of_record
SF:/modernize-data/studio-data/TNT1001/APP1171/transformed-code/355/studio-workspace/Rah-hostcheck/TourManagement.Net8/src/TourManagement.Infrastructure/Repositories/BookingRepository.cs
FN:16,System.Void TourManagement.Infrastructure.Repositories.BookingRepository::.ctor(TourManagement.Infrastructure.Data.TourManagementDbContext,Microsoft.Extensions.Logging.ILogger`1<TourManagement.Infrastructure.Repositories.BookingRepository>)
FNDA:0,System.Void TourManagement.Infrastructure.Repositories.BookingRepository::.ctor(TourManagement.Infrastructure.Data.TourManagementDbContext,Microsoft.Extensions.Logging.ILogger`1<TourManagement.Infrastructure.Repositories.BookingRepository>)
DA:17,0
DA:18,0
DA:19,0
DA:20,0
DA:21,0
FN:93,System.Void TourManagement.Infrastructure.Repositories.BookingRepository/<AddAsync>d__7::MoveNext()
FNDA:0,System.Void TourManagement.Infrastructure.Repositories.BookingRepository/<AddAsync>d__7::MoveNext()
DA:94,0
DA:96,0
DA:97,0
DA:98,0
DA:99,0
DA:101,0
DA:102,0
DA:103,0
DA:104,0
DA:106,0
FN:122,System.Void TourManagement.Infrastructure.Repositories.BookingRepository/<DeleteAsync>d__9::MoveNext()
FNDA:0,System.Void TourManagement.Infrastructure.Repositories.BookingRepository/<DeleteAsync>d__9::MoveNext()
DA:123,0
DA:125,0
DA:126,0
DA:127,0
DA:128,0
DA:129,0
DA:130,0
DA:131,0
DA:132,0
DA:133,0
DA:134,0
DA:135,0
DA:136,0
DA:137,0
DA:139,0
BRDA:127,184,0,0
BRDA:127,184,1,0
FN:141,System.Void TourManagement.Infrastructure.Repositories.BookingRepository/<ExistsAsync>d__10::MoveNext()
FNDA:0,System.Void TourManagement.Infrastructure.Repositories.BookingRepository/<ExistsAsync>d__10::MoveNext()
DA:142,0
DA:144,0
DA:145,0
DA:146,0
DA:148,0
DA:149,0
DA:150,0
DA:151,0
DA:153,0
FN:23,System.Void TourManagement.Infrastructure.Repositories.BookingRepository/<GetAllAsync>d__3::MoveNext()
FNDA:0,System.Void TourManagement.Infrastructure.Repositories.BookingRepository/<GetAllAsync>d__3::MoveNext()
DA:24,0
DA:26,0
DA:27,0
DA:28,0
DA:29,0
DA:30,0
DA:31,0
DA:32,0
DA:34,0
DA:35,0
DA:36,0
DA:37,0
DA:39,0
FN:41,System.Void TourManagement.Infrastructure.Repositories.BookingRepository/<GetByIdAsync>d__4::MoveNext()
FNDA:0,System.Void TourManagement.Infrastructure.Repositories.BookingRepository/<GetByIdAsync>d__4::MoveNext()
DA:42,0
DA:44,0
DA:45,0
DA:46,0
DA:47,0
DA:48,0
DA:50,0
DA:51,0
DA:52,0
DA:53,0
DA:55,0
FN:75,System.Void TourManagement.Infrastructure.Repositories.BookingRepository/<GetByTourIdAsync>d__6::MoveNext()
FNDA:0,System.Void TourManagement.Infrastructure.Repositories.BookingRepository/<GetByTourIdAsync>d__6::MoveNext()
DA:76,0
DA:78,0
DA:79,0
DA:80,0
DA:81,0
DA:82,0
DA:83,0
DA:84,0
DA:86,0
DA:87,0
DA:88,0
DA:89,0
DA:91,0
FN:57,System.Void TourManagement.Infrastructure.Repositories.BookingRepository/<GetByUserIdAsync>d__5::MoveNext()
FNDA:0,System.Void TourManagement.Infrastructure.Repositories.BookingRepository/<GetByUserIdAsync>d__5::MoveNext()
DA:58,0
DA:60,0
DA:61,0
DA:62,0
DA:63,0
DA:64,0
DA:65,0
DA:66,0
DA:68,0
DA:69,0
DA:70,0
DA:71,0
DA:73,0
FN:108,System.Void TourManagement.Infrastructure.Repositories.BookingRepository/<UpdateAsync>d__8::MoveNext()
FNDA:0,System.Void TourManagement.Infrastructure.Repositories.BookingRepository/<UpdateAsync>d__8::MoveNext()
DA:109,0
DA:111,0
DA:112,0
DA:113,0
DA:114,0
DA:115,0
DA:116,0
DA:117,0
DA:118,0
DA:120,0
LF:99
LH:0
BRF:2
BRH:0
FNF:9
FNH:0
end_of_record
SF:/modernize-data/studio-data/TNT1001/APP1171/transformed-code/355/studio-workspace/Rah-hostcheck/TourManagement.Net8/src/TourManagement.Infrastructure/Repositories/TourRepository.cs
FN:16,System.Void TourManagement.Infrastructure.Repositories.TourRepository::.ctor(TourManagement.Infrastructure.Data.TourManagementDbContext,Microsoft.Extensions.Logging.ILogger`1<TourManagement.Infrastructure.Repositories.TourRepository>)
FNDA:0,System.Void TourManagement.Infrastructure.Repositories.TourRepository::.ctor(TourManagement.Infrastructure.Data.TourManagementDbContext,Microsoft.Extensions.Logging.ILogger`1<TourManagement.Infrastructure.Repositories.TourRepository>)
DA:17,0
DA:18,0
DA:19,0
DA:20,0
DA:21,0
FN:53,System.Void TourManagement.Infrastructure.Repositories.TourRepository/<AddAsync>d__5::MoveNext()
FNDA:0,System.Void TourManagement.Infrastructure.Repositories.TourRepository/<AddAsync>d__5::MoveNext()
DA:54,0
DA:56,0
DA:57,0
DA:58,0
DA:59,0
DA:61,0
DA:62,0
DA:63,0
DA:64,0
DA:66,0
FN:82,System.Void TourManagement.Infrastructure.Repositories.TourRepository/<DeleteAsync>d__7::MoveNext()
FNDA:0,System.Void TourManagement.Infrastructure.Repositories.TourRepository/<DeleteAsync>d__7::MoveNext()
DA:83,0
DA:85,0
DA:86,0
DA:87,0
DA:88,0
DA:89,0
DA:90,0
DA:91,0
DA:92,0
DA:93,0
DA:94,0
DA:95,0
DA:96,0
DA:97,0
DA:99,0
BRDA:87,184,0,0
BRDA:87,184,1,0
FN:101,System.Void TourManagement.Infrastructure.Repositories.TourRepository/<ExistsAsync>d__8::MoveNext()
FNDA:0,System.Void TourManagement.Infrastructure.Repositories.TourRepository/<ExistsAsync>d__8::MoveNext()
DA:102,0
DA:104,0
DA:105,0
DA:106,0
DA:108,0
DA:109,0
DA:110,0
DA:111,0
DA:113,0
FN:23,System.Void TourManagement.Infrastructure.Repositories.TourRepository/<GetAllAsync>d__3::MoveNext()
FNDA:0,System.Void TourManagement.Infrastructure.Repositories.TourRepository/<GetAllAsync>d__3::MoveNext()
DA:24,0
DA:26,0
DA:27,0
DA:28,0
DA:29,0
DA:30,0
DA:32,0
DA:33,0
DA:34,0
DA:35,0
DA:37,0
FN:39,System.Void TourManagement.Infrastructure.Repositories.TourRepository/<GetByIdAsync>d__4::MoveNext()
FNDA:0,System.Void TourManagement.Infrastructure.Repositories.TourRepository/<GetByIdAsync>d__4::MoveNext()
DA:40,0
DA:42,0
DA:43,0
DA:44,0
DA:46,0
DA:47,0
DA:48,0
DA:49,0
DA:51,0
FN:134,System.Void TourManagement.Infrastructure.Repositories.TourRepository/<GetByPlaceAsync>d__10::MoveNext()
FNDA:0,System.Void TourManagement.Infrastructure.Repositories.TourRepository/<GetByPlaceAsync>d__10::MoveNext()
DA:135,0
DA:137,0
DA:138,0
DA:139,0
DA:140,0
DA:141,0
DA:143,0
DA:144,0
DA:145,0
DA:146,0
DA:148,0
FN:115,System.Void TourManagement.Infrastructure.Repositories.TourRepository/<SearchAsync>d__9::MoveNext()
FNDA:0,System.Void TourManagement.Infrastructure.Repositories.TourRepository/<SearchAsync>d__9::MoveNext()
DA:116,0
DA:118,0
DA:119,0
DA:120,0
DA:121,0
DA:122,0
DA:123,0
DA:124,0
DA:125,0
DA:127,0
DA:128,0
DA:129,0
DA:130,0
DA:132,0
FN:68,System.Void TourManagement.Infrastructure.Repositories.TourRepository/<UpdateAsync>d__6::MoveNext()
FNDA:0,System.Void TourManagement.Infrastructure.Repositories.TourRepository/<UpdateAsync>d__6::MoveNext()
DA:69,0
DA:71,0
DA:72,0
DA:73,0
DA:74,0
DA:75,0
DA:76,0
DA:77,0
DA:78,0
DA:80,0
LF:94
LH:0
BRF:2
BRH:0
FNF:9
FNH:0
end_of_record
SF:/modernize-data/studio-data/TNT1001/APP1171/transformed-code/355/studio-workspace/Rah-hostcheck/TourManagement.Net8/src/TourManagement.Infrastructure/Repositories/UserRepository.cs
FN:16,System.Void TourManagement.Infrastructure.Repositories.UserRepository::.ctor(TourManagement.Infrastructure.Data.TourManagementDbContext,Microsoft.Extensions.Logging.ILogger`1<TourManagement.Infrastructure.Repositories.UserRepository>)
FNDA:0,System.Void TourManagement.Infrastructure.Repositories.UserRepository::.ctor(TourManagement.Infrastructure.Data.TourManagementDbContext,Microsoft.Extensions.Logging.ILogger`1<TourManagement.Infrastructure.Repositories.UserRepository>)
DA:17,0
DA:18,0
DA:19,0
DA:20,0
DA:21,0
FN:67,System.Void TourManagement.Infrastructure.Repositories.UserRepository/<AddAsync>d__6::MoveNext()
FNDA:0,System.Void TourManagement.Infrastructure.Repositories.UserRepository/<AddAsync>d__6::MoveNext()
DA:68,0
DA:70,0
DA:71,0
DA:72,0
DA:73,0
DA:75,0
DA:76,0
DA:77,0
DA:78,0
DA:80,0
FN:96,System.Void TourManagement.Infrastructure.Repositories.UserRepository/<DeleteAsync>d__8::MoveNext()
FNDA:0,System.Void TourManagement.Infrastructure.Repositories.UserRepository/<DeleteAsync>d__8::MoveNext()
DA:97,0
DA:99,0
DA:100,0
DA:101,0
DA:102,0
DA:103,0
DA:104,0
DA:105,0
DA:106,0
DA:107,0
DA:108,0
DA:109,0
DA:110,0
DA:111,0
DA:113,0
BRDA:101,184,0,0
BRDA:101,184,1,0
FN:129,System.Void TourManagement.Infrastructure.Repositories.UserRepository/<EmailExistsAsync>d__10::MoveNext()
FNDA:0,System.Void TourManagement.Infrastructure.Repositories.UserRepository/<EmailExistsAsync>d__10::MoveNext()
DA:130,0
DA:132,0
DA:133,0
DA:134,0
DA:136,0
DA:137,0
DA:138,0
DA:139,0
DA:141,0
FN:115,System.Void TourManagement.Infrastructure.Repositories.UserRepository/<ExistsAsync>d__9::MoveNext()
FNDA:0,System.Void TourManagement.Infrastructure.Repositories.UserRepository/<ExistsAsync>d__9::MoveNext()
DA:116,0
DA:118,0
DA:119,0
DA:120,0
DA:122,0
DA:123,0
DA:124,0
DA:125,0
DA:127,0
FN:23,System.Void TourManagement.Infrastructure.Repositories.UserRepository/<GetAllAsync>d__3::MoveNext()
FNDA:0,System.Void TourManagement.Infrastructure.Repositories.UserRepository/<GetAllAsync>d__3::MoveNext()
DA:24,0
DA:26,0
DA:27,0
DA:28,0
DA:29,0
DA:30,0
DA:32,0
DA:33,0
DA:34,0
DA:35,0
DA:37,0
FN:53,System.Void TourManagement.Infrastructure.Repositories.UserRepository/<GetByEmailAsync>d__5::MoveNext()
FNDA:0,System.Void TourManagement.Infrastructure.Repositories.UserRepository/<GetByEmailAsync>d__5::MoveNext()
DA:54,0
DA:56,0
DA:57,0
DA:58,0
DA:60,0
DA:61,0
DA:62,0
DA:63,0
DA:65,0
FN:39,System.Void TourManagement.Infrastructure.Repositories.UserRepository/<GetByIdAsync>d__4::MoveNext()
FNDA:0,System.Void TourManagement.Infrastructure.Repositories.UserRepository/<GetByIdAsync>d__4::MoveNext()
DA:40,0
DA:42,0
DA:43,0
DA:44,0
DA:46,0
DA:47,0
DA:48,0
DA:49,0
DA:51,0
FN:143,System.Void TourManagement.Infrastructure.Repositories.UserRepository/<SearchAsync>d__11::MoveNext()
FNDA:0,System.Void TourManagement.Infrastructure.Repositories.UserRepository/<SearchAsync>d__11::MoveNext()
DA:144,0
DA:146,0
DA:147,0
DA:148,0
DA:149,0
DA:150,0
DA:151,0
DA:152,0
DA:153,0
DA:155,0
DA:156,0
DA:157,0
DA:158,0
DA:160,0
FN:82,System.Void TourManagement.Infrastructure.Repositories.UserRepository/<UpdateAsync>d__7::MoveNext()
FNDA:0,System.Void TourManagement.Infrastructure.Repositories.UserRepository/<UpdateAsync>d__7::MoveNext()
DA:83,0
DA:85,0
DA:86,0
DA:87,0
DA:88,0
DA:89,0
DA:90,0
DA:91,0
DA:92,0
DA:94,0
LF:101
LH:0
BRF:2
BRH:0
FNF:10
FNH:0
end_of_record
SF:/modernize-data/studio-data/TNT1001/APP1171/transformed-code/355/studio-workspace/Rah-hostcheck/TourManagement.Net8/src/TourManagement.Infrastructure/Extensions/ServiceCollectionExtensions.cs
FN:15,Microsoft.Extensions.DependencyInjection.IServiceCollection TourManagement.Infrastructure.Extensions.ServiceCollectionExtensions::AddInfrastructureServices(Microsoft.Extensions.DependencyInjection.IServiceCollection,Microsoft.Extensions.Configuration.IConfiguration)
FNDA:0,Microsoft.Extensions.DependencyInjection.IServiceCollection TourManagement.Infrastructure.Extensions.ServiceCollectionExtensions::AddInfrastructureServices(Microsoft.Extensions.DependencyInjection.IServiceCollection,Microsoft.Extensions.Configuration.IConfiguration)
DA:16,0
DA:18,0
DA:19,0
DA:22,0
DA:23,0
DA:24,0
DA:26,0
DA:27,0
LF:8
LH:0
BRF:0
BRH:0
FNF:1
FNH:0
end_of_record
SF:/modernize-data/studio-data/TNT1001/APP1171/transformed-code/355/studio-workspace/Rah-hostcheck/TourManagement.Net8/src/TourManagement.Infrastructure/Data/TourManagementDbContext.cs
FN:15,Microsoft.EntityFrameworkCore.DbSet`1<TourManagement.Domain.Entities.User> TourManagement.Infrastructure.Data.TourManagementDbContext::get_Users()
FNDA:0,Microsoft.EntityFrameworkCore.DbSet`1<TourManagement.Domain.Entities.User> TourManagement.Infrastructure.Data.TourManagementDbContext::get_Users()
DA:16,0
FN:16,Microsoft.EntityFrameworkCore.DbSet`1<TourManagement.Domain.Entities.Tour> TourManagement.Infrastructure.Data.TourManagementDbContext::get_Tours()
FNDA:0,Microsoft.EntityFrameworkCore.DbSet`1<TourManagement.Domain.Entities.Tour> TourManagement.Infrastructure.Data.TourManagementDbContext::get_Tours()
DA:17,0
FN:17,Microsoft.EntityFrameworkCore.DbSet`1<TourManagement.Domain.Entities.Booking> TourManagement.Infrastructure.Data.TourManagementDbContext::get_Bookings()
FNDA:0,Microsoft.EntityFrameworkCore.DbSet`1<TourManagement.Domain.Entities.Booking> TourManagement.Infrastructure.Data.TourManagementDbContext::get_Bookings()
DA:18,0
FN:20,System.Void TourManagement.Infrastructure.Data.TourManagementDbContext::OnModelCreating(Microsoft.EntityFrameworkCore.ModelBuilder)
FNDA:0,System.Void TourManagement.Infrastructure.Data.TourManagementDbContext::OnModelCreating(Microsoft.EntityFrameworkCore.ModelBuilder)
DA:21,0
DA:22,0
DA:25,0
DA:26,0
FN:11,System.Void TourManagement.Infrastructure.Data.TourManagementDbContext::.ctor(Microsoft.EntityFrameworkCore.DbContextOptions`1<TourManagement.Infrastructure.Data.TourManagementDbContext>)
FNDA:0,System.Void TourManagement.Infrastructure.Data.TourManagementDbContext::.ctor(Microsoft.EntityFrameworkCore.DbContextOptions`1<TourManagement.Infrastructure.Data.TourManagementDbContext>)
DA:12,0
DA:13,0
DA:14,0
LF:10
LH:0
BRF:0
BRH:0
FNF:5
FNH:0
end_of_record
SF:/modernize-data/studio-data/TNT1001/APP1171/transformed-code/355/studio-workspace/Rah-hostcheck/TourManagement.Net8/src/TourManagement.Infrastructure/Data/Configurations/BookingConfiguration.cs
FN:12,System.Void TourManagement.Infrastructure.Data.Configurations.BookingConfiguration::Configure(Microsoft.EntityFrameworkCore.Metadata.Builders.EntityTypeBuilder`1<TourManagement.Domain.Entities.Booking>)
FNDA:0,System.Void TourManagement.Infrastructure.Data.Configurations.BookingConfiguration::Configure(Microsoft.EntityFrameworkCore.Metadata.Builders.EntityTypeBuilder`1<TourManagement.Domain.Entities.Booking>)
DA:13,0
DA:14,0
DA:16,0
DA:18,0
DA:19,0
DA:21,0
DA:22,0
DA:24,0
DA:25,0
DA:27,0
DA:28,0
DA:30,0
DA:31,0
DA:32,0
DA:34,0
DA:35,0
DA:36,0
DA:37,0
DA:39,0
DA:40,0
DA:41,0
DA:43,0
DA:44,0
DA:45,0
DA:47,0
DA:48,0
DA:49,0
DA:50,0
DA:52,0
DA:53,0
DA:56,0
DA:57,0
DA:58,0
DA:59,0
DA:61,0
DA:62,0
DA:63,0
DA:64,0
DA:65,0
LF:39
LH:0
BRF:0
BRH:0
FNF:1
FNH:0
end_of_record
SF:/modernize-data/studio-data/TNT1001/APP1171/transformed-code/355/studio-workspace/Rah-hostcheck/TourManagement.Net8/src/TourManagement.Infrastructure/Data/Configurations/TourConfiguration.cs
FN:12,System.Void TourManagement.Infrastructure.Data.Configurations.TourConfiguration::Configure(Microsoft.EntityFrameworkCore.Metadata.Builders.EntityTypeBuilder`1<TourManagement.Domain.Entities.Tour>)
FNDA:0,System.Void TourManagement.Infrastructure.Data.Configurations.TourConfiguration::Configure(Microsoft.EntityFrameworkCore.Metadata.Builders.EntityTypeBuilder`1<TourManagement.Domain.Entities.Tour>)
DA:13,0
DA:14,0
DA:16,0
DA:18,0
DA:19,0
DA:20,0
DA:21,0
DA:23,0
DA:24,0
DA:25,0
DA:26,0
DA:28,0
DA:29,0
DA:30,0
DA:32,0
DA:33,0
DA:34,0
DA:35,0
DA:37,0
DA:38,0
DA:39,0
DA:40,0
DA:42,0
DA:43,0
DA:44,0
DA:45,0
DA:47,0
DA:48,0
DA:49,0
DA:51,0
DA:52,0
DA:53,0
DA:55,0
DA:56,0
DA:57,0
DA:59,0
DA:60,0
DA:61,0
DA:62,0
DA:64,0
DA:65,0
DA:68,0
DA:69,0
DA:70,0
DA:71,0
DA:72,0
LF:46
LH:0
BRF:0
BRH:0
FNF:1
FNH:0
end_of_record
SF:/modernize-data/studio-data/TNT1001/APP1171/transformed-code/355/studio-workspace/Rah-hostcheck/TourManagement.Net8/src/TourManagement.Infrastructure/Data/Configurations/UserConfiguration.cs
FN:12,System.Void TourManagement.Infrastructure.Data.Configurations.UserConfiguration::Configure(Microsoft.EntityFrameworkCore.Metadata.Builders.EntityTypeBuilder`1<TourManagement.Domain.Entities.User>)
FNDA:0,System.Void TourManagement.Infrastructure.Data.Configurations.UserConfiguration::Configure(Microsoft.EntityFrameworkCore.Metadata.Builders.EntityTypeBuilder`1<TourManagement.Domain.Entities.User>)
DA:13,0
DA:14,0
DA:16,0
DA:18,0
DA:19,0
DA:20,0
DA:22,0
DA:23,0
DA:25,0
DA:26,0
DA:27,0
DA:29,0
DA:30,0
DA:31,0
DA:33,0
DA:34,0
DA:35,0
DA:37,0
DA:38,0
DA:39,0
DA:40,0
DA:42,0
DA:43,0
DA:44,0
DA:46,0
DA:47,0
DA:48,0
DA:50,0
DA:51,0
DA:52,0
DA:54,0
DA:55,0
DA:56,0
DA:58,0
DA:59,0
DA:60,0
DA:62,0
DA:63,0
DA:64,0
DA:66,0
DA:67,0
DA:68,0
DA:69,0
DA:71,0
DA:72,0
DA:75,0
DA:76,0
DA:77,0
DA:78,0
DA:79,0
LF:50
LH:0
BRF:0
BRH:0
FNF:1
FNH:0
end_of_record
SF:/modernize-data/studio-data/TNT1001/APP1171/transformed-code/355/studio-workspace/Rah-hostcheck/TourManagement.Net8/src/TourManagement.Web/Program.cs
FN:4,System.Void Program::<Main>$(System.String[])
FNDA:0,System.Void Program::<Main>$(System.String[])
DA:5,0
DA:8,0
DA:9,0
DA:10,0
DA:11,0
DA:12,0
DA:13,0
DA:15,0
DA:18,0
DA:21,0
DA:22,0
DA:25,0
DA:26,0
DA:27,0
DA:28,0
DA:29,0
DA:30,0
DA:31,0
DA:34,0
DA:36,0
DA:39,0
DA:40,0
DA:41,0
DA:42,0
DA:43,0
DA:45,0
DA:46,0
DA:48,0
DA:50,0
DA:52,0
DA:54,0
DA:57,0
DA:58,0
DA:59,0
DA:60,0
DA:61,0
DA:62,0
DA:63,0
DA:64,0
DA:66,0
DA:67,0
DA:68,0
BRDA:39,294,0,0
BRDA:39,294,1,0
LF:42
LH:0
BRF:2
BRH:0
FNF:1
FNH:0
end_of_record
SF:/modernize-data/studio-data/TNT1001/APP1171/transformed-code/355/studio-workspace/Rah-hostcheck/TourManagement.Net8/src/TourManagement.Web/ViewModels/LoginViewModel.cs
FN:11,System.String TourManagement.Web.ViewModels.LoginViewModel::get_Email()
FNDA:0,System.String TourManagement.Web.ViewModels.LoginViewModel::get_Email()
DA:12,0
FN:15,System.String TourManagement.Web.ViewModels.LoginViewModel::get_Password()
FNDA:0,System.String TourManagement.Web.ViewModels.LoginViewModel::get_Password()
DA:16,0
LF:2
LH:0
BRF:0
BRH:0
FNF:2
FNH:0
end_of_record
SF:/modernize-data/studio-data/TNT1001/APP1171/transformed-code/355/studio-workspace/Rah-hostcheck/TourManagement.Net8/src/TourManagement.Web/ViewModels/RegisterViewModel.cs
FN:11,System.String TourManagement.Web.ViewModels.RegisterViewModel::get_Email()
FNDA:0,System.String TourManagement.Web.ViewModels.RegisterViewModel::get_Email()
DA:12,0
FN:15,System.String TourManagement.Web.ViewModels.RegisterViewModel::get_FirstName()
FNDA:0,System.String TourManagement.Web.ViewModels.RegisterViewModel::get_FirstName()
DA:16,0
FN:19,System.String TourManagement.Web.ViewModels.RegisterViewModel::get_LastName()
FNDA:0,System.String TourManagement.Web.ViewModels.RegisterViewModel::get_LastName()
DA:20,0
FN:22,System.String TourManagement.Web.ViewModels.RegisterViewModel::get_Gender()
FNDA:0,System.String TourManagement.Web.ViewModels.RegisterViewModel::get_Gender()
DA:23,0
FN:27,System.String TourManagement.Web.ViewModels.RegisterViewModel::get_Password()
FNDA:0,System.String TourManagement.Web.ViewModels.RegisterViewModel::get_Password()
DA:28,0
FN:31,System.DateTime TourManagement.Web.ViewModels.RegisterViewModel::get_DateOfBirth()
FNDA:0,System.DateTime TourManagement.Web.ViewModels.RegisterViewModel::get_DateOfBirth()
DA:32,0
FN:35,System.String TourManagement.Web.ViewModels.RegisterViewModel::get_Street()
FNDA:0,System.String TourManagement.Web.ViewModels.RegisterViewModel::get_Street()
DA:36,0
FN:39,System.String TourManagement.Web.ViewModels.RegisterViewModel::get_City()
FNDA:0,System.String TourManagement.Web.ViewModels.RegisterViewModel::get_City()
DA:40,0
FN:43,System.String TourManagement.Web.ViewModels.RegisterViewModel::get_State()
FNDA:0,System.String TourManagement.Web.ViewModels.RegisterViewModel::get_State()
DA:44,0
LF:9
LH:0
BRF:0
BRH:0
FNF:9
FNH:0
end_of_record
SF:/modernize-data/studio-data/TNT1001/APP1171/transformed-code/355/studio-workspace/Rah-hostcheck/TourManagement.Net8/src/TourManagement.Web/ViewModels/TourViewModel.cs
FN:9,System.Int32 TourManagement.Web.ViewModels.TourViewModel::get_Id()
FNDA:0,System.Int32 TourManagement.Web.ViewModels.TourViewModel::get_Id()
DA:10,0
FN:13,System.String TourManagement.Web.ViewModels.TourViewModel::get_TourName()
FNDA:0,System.String TourManagement.Web.ViewModels.TourViewModel::get_TourName()
DA:14,0
FN:17,System.String TourManagement.Web.ViewModels.TourViewModel::get_Place()
FNDA:0,System.String TourManagement.Web.ViewModels.TourViewModel::get_Place()
DA:18,0
FN:21,System.Int32 TourManagement.Web.ViewModels.TourViewModel::get_Days()
FNDA:0,System.Int32 TourManagement.Web.ViewModels.TourViewModel::get_Days()
DA:22,0
FN:25,System.Decimal TourManagement.Web.ViewModels.TourViewModel::get_Price()
FNDA:0,System.Decimal TourManagement.Web.ViewModels.TourViewModel::get_Price()
DA:26,0
FN:29,System.String TourManagement.Web.ViewModels.TourViewModel::get_Locations()
FNDA:0,System.String TourManagement.Web.ViewModels.TourViewModel::get_Locations()
DA:30,0
FN:33,System.String TourManagement.Web.ViewModels.TourViewModel::get_TourInfo()
FNDA:0,System.String TourManagement.Web.ViewModels.TourViewModel::get_TourInfo()
DA:34,0
FN:35,System.String TourManagement.Web.ViewModels.TourViewModel::get_PictureFileName()
FNDA:0,System.String TourManagement.Web.ViewModels.TourViewModel::get_PictureFileName()
DA:36,0
FN:37,Microsoft.AspNetCore.Http.IFormFile TourManagement.Web.ViewModels.TourViewModel::get_PictureFile()
FNDA:0,Microsoft.AspNetCore.Http.IFormFile TourManagement.Web.ViewModels.TourViewModel::get_PictureFile()
DA:38,0
LF:9
LH:0
BRF:0
BRH:0
FNF:9
FNH:0
end_of_record
SF:/modernize-data/studio-data/TNT1001/APP1171/transformed-code/355/studio-workspace/Rah-hostcheck/TourManagement.Net8/src/TourManagement.Web/Pages/Index.cshtml.cs
FN:14,System.Void TourManagement.Web.Pages.IndexModel::OnGet()
FNDA:0,System.Void TourManagement.Web.Pages.IndexModel::OnGet()
DA:15,0
DA:16,0
DA:17,0
FN:8,System.Void TourManagement.Web.Pages.IndexModel::.ctor(Microsoft.Extensions.Logging.ILogger`1<TourManagement.Web.Pages.IndexModel>)
FNDA:0,System.Void TourManagement.Web.Pages.IndexModel::.ctor(Microsoft.Extensions.Logging.ILogger`1<TourManagement.Web.Pages.IndexModel>)
DA:9,0
DA:10,0
DA:11,0
DA:12,0
LF:7
LH:0
BRF:0
BRH:0
FNF:2
FNH:0
end_of_record
SF:/modernize-data/studio-data/TNT1001/APP1171/transformed-code/355/studio-workspace/Rah-hostcheck/TourManagement.Net8/src/TourManagement.Web/Pages/Index.cshtml
FN:3,System.Void TourManagement.Web.Pages.Pages_Index/<ExecuteAsync>d__11::MoveNext()
FNDA:0,System.Void TourManagement.Web.Pages.Pages_Index/<ExecuteAsync>d__11::MoveNext()
DA:4,0
BRDA:4,420,0,0
BRDA:4,420,1,0
BRDA:4,934,0,0
BRDA:4,934,1,0
LF:1
LH:0
BRF:4
BRH:0
FNF:1
FNH:0
end_of_record
SF:/modernize-data/studio-data/TNT1001/APP1171/transformed-code/355/studio-workspace/Rah-hostcheck/TourManagement.Net8/src/TourManagement.Web/Pages/_ViewStart.cshtml
FN:1,System.Void TourManagement.Web.Pages.Pages__ViewStart/<ExecuteAsync>d__0::MoveNext()
FNDA:0,System.Void TourManagement.Web.Pages.Pages__ViewStart/<ExecuteAsync>d__0::MoveNext()
DA:2,0
LF:1
LH:0
BRF:0
BRH:0
FNF:1
FNH:0
end_of_record
SF:/modernize-data/studio-data/TNT1001/APP1171/transformed-code/355/studio-workspace/Rah-hostcheck/TourManagement.Net8/src/TourManagement.Web/Pages/Tours/Create.cshtml.cs
FN:22,TourManagement.Web.ViewModels.TourViewModel TourManagement.Web.Pages.Tours.CreateTourPageModel::get_Input()
FNDA:0,TourManagement.Web.ViewModels.TourViewModel TourManagement.Web.Pages.Tours.CreateTourPageModel::get_Input()
DA:23,0
FN:25,System.String TourManagement.Web.Pages.Tours.CreateTourPageModel::get_ErrorMessage()
FNDA:0,System.String TourManagement.Web.Pages.Tours.CreateTourPageModel::get_ErrorMessage()
DA:26,0
FN:28,System.Void TourManagement.Web.Pages.Tours.CreateTourPageModel::OnGet()
FNDA:0,System.Void TourManagement.Web.Pages.Tours.CreateTourPageModel::OnGet()
DA:29,0
DA:30,0
FN:14,System.Void TourManagement.Web.Pages.Tours.CreateTourPageModel::.ctor(TourManagement.Application.Interfaces.Services.ITourService,Microsoft.Extensions.Logging.ILogger`1<TourManagement.Web.Pages.Tours.CreateTourPageModel>,Microsoft.AspNetCore.Hosting.IWebHostEnvironment)
FNDA:0,System.Void TourManagement.Web.Pages.Tours.CreateTourPageModel::.ctor(TourManagement.Application.Interfaces.Services.ITourService,Microsoft.Extensions.Logging.ILogger`1<TourManagement.Web.Pages.Tours.CreateTourPageModel>,Microsoft.AspNetCore.Hosting.IWebHostEnvironment)
DA:15,0
DA:16,0
DA:17,0
DA:18,0
DA:19,0
DA:20,0
FN:32,System.Void TourManagement.Web.Pages.Tours.CreateTourPageModel/<OnPostAsync>d__13::MoveNext()
FNDA:0,System.Void TourManagement.Web.Pages.Tours.CreateTourPageModel/<OnPostAsync>d__13::MoveNext()
DA:33,0
DA:34,0
DA:35,0
DA:36,0
DA:40,0
DA:41,0
DA:44,0
DA:45,0
DA:47,0
DA:48,0
DA:50,0
DA:51,0
DA:52,0
DA:53,0
DA:56,0
DA:57,0
DA:58,0
DA:59,0
DA:63,0
DA:64,0
DA:65,0
DA:67,0
DA:68,0
DA:69,0
DA:70,0
DA:71,0
DA:72,0
DA:75,0
DA:76,0
DA:77,0
DA:78,0
DA:79,0
DA:80,0
DA:81,0
DA:82,0
DA:83,0
DA:84,0
DA:86,0
DA:88,0
DA:90,0
DA:91,0
DA:93,0
DA:94,0
DA:95,0
DA:96,0
DA:97,0
DA:99,0
BRDA:34,37,0,0
BRDA:34,37,1,0
BRDA:44,103,0,0
BRDA:44,103,1,0
BRDA:44,135,0,0
BRDA:50,246,0,0
BRDA:50,246,1,0
BRDA:56,316,0,0
BRDA:56,316,1,0
BRDA:44,135,1,0
LF:57
LH:0
BRF:10
BRH:0
FNF:5
FNH:0
end_of_record
SF:/modernize-data/studio-data/TNT1001/APP1171/transformed-code/355/studio-workspace/Rah-hostcheck/TourManagement.Net8/src/TourManagement.Web/Pages/Tours/Details.cshtml.cs
FN:18,TourManagement.Application.DTOs.TourDto TourManagement.Web.Pages.Tours.TourDetailsPageModel::get_Tour()
FNDA:0,TourManagement.Application.DTOs.TourDto TourManagement.Web.Pages.Tours.TourDetailsPageModel::get_Tour()
DA:19,0
FN:12,System.Void TourManagement.Web.Pages.Tours.TourDetailsPageModel::.ctor(TourManagement.Application.Interfaces.Services.ITourService,Microsoft.Extensions.Logging.ILogger`1<TourManagement.Web.Pages.Tours.TourDetailsPageModel>)
FNDA:0,System.Void TourManagement.Web.Pages.Tours.TourDetailsPageModel::.ctor(TourManagement.Application.Interfaces.Services.ITourService,Microsoft.Extensions.Logging.ILogger`1<TourManagement.Web.Pages.Tours.TourDetailsPageModel>)
DA:13,0
DA:14,0
DA:15,0
DA:16,0
DA:17,0
FN:21,System.Void TourManagement.Web.Pages.Tours.TourDetailsPageModel/<OnGetAsync>d__7::MoveNext()
FNDA:0,System.Void TourManagement.Web.Pages.Tours.TourDetailsPageModel/<OnGetAsync>d__7::MoveNext()
DA:22,0
DA:24,0
DA:25,0
DA:27,0
DA:28,0
DA:29,0
DA:32,0
DA:34,0
DA:35,0
DA:36,0
DA:37,0
DA:39,0
BRDA:27,194,0,0
BRDA:27,194,1,0
LF:18
LH:0
BRF:2
BRH:0
FNF:3
FNH:0
end_of_record
SF:/modernize-data/studio-data/TNT1001/APP1171/transformed-code/355/studio-workspace/Rah-hostcheck/TourManagement.Net8/src/TourManagement.Web/Pages/Tours/Index.cshtml.cs
FN:17,System.Collections.Generic.IEnumerable`1<TourManagement.Application.DTOs.TourDto> TourManagement.Web.Pages.Tours.ToursIndexPageModel::get_Tours()
FNDA:0,System.Collections.Generic.IEnumerable`1<TourManagement.Application.DTOs.TourDto> TourManagement.Web.Pages.Tours.ToursIndexPageModel::get_Tours()
DA:18,0
FN:11,System.Void TourManagement.Web.Pages.Tours.ToursIndexPageModel::.ctor(TourManagement.Application.Interfaces.Services.ITourService,Microsoft.Extensions.Logging.ILogger`1<TourManagement.Web.Pages.Tours.ToursIndexPageModel>)
FNDA:0,System.Void TourManagement.Web.Pages.Tours.ToursIndexPageModel::.ctor(TourManagement.Application.Interfaces.Services.ITourService,Microsoft.Extensions.Logging.ILogger`1<TourManagement.Web.Pages.Tours.ToursIndexPageModel>)
DA:12,0
DA:13,0
DA:14,0
DA:15,0
DA:16,0
FN:20,System.Void TourManagement.Web.Pages.Tours.ToursIndexPageModel/<OnGetAsync>d__7::MoveNext()
FNDA:0,System.Void TourManagement.Web.Pages.Tours.ToursIndexPageModel/<OnGetAsync>d__7::MoveNext()
DA:21,0
DA:23,0
DA:24,0
DA:25,0
DA:26,0
DA:27,0
DA:28,0
DA:29,0
DA:30,0
DA:31,0
LF:16
LH:0
BRF:0
BRH:0
FNF:3
FNH:0
end_of_record
SF:/modernize-data/studio-data/TNT1001/APP1171/transformed-code/355/studio-workspace/Rah-hostcheck/TourManagement.Net8/src/TourManagement.Web/Pages/Tours/Create.cshtml
FN:3,System.Void TourManagement.Web.Pages.Tours.Pages_Tours_Create/<ExecuteAsync>d__27::MoveNext()
FNDA:0,System.Void TourManagement.Web.Pages.Tours.Pages_Tours_Create/<ExecuteAsync>d__27::MoveNext()
DA:4,0
DA:13,0
DA:14,0
DA:16,0
BRDA:13,99,0,0
BRDA:13,99,1,0
BRDA:16,558,0,0
BRDA:16,558,1,0
LF:4
LH:0
BRF:4
BRH:0
FNF:1
FNH:0
end_of_record
SF:/modernize-data/studio-data/TNT1001/APP1171/transformed-code/355/studio-workspace/Rah-hostcheck/TourManagement.Net8/src/TourManagement.Web/Pages/Tours/Details.cshtml
FN:3,System.Void TourManagement.Web.Pages.Tours.Pages_Tours_Details/<ExecuteAsync>d__15::MoveNext()
FNDA:0,System.Void TourManagement.Web.Pages.Tours.Pages_Tours_Details/<ExecuteAsync>d__15::MoveNext()
DA:4,0
DA:7,0
DA:8,0
DA:14,0
DA:15,0
DA:17,0
DA:57,0
DA:59,0
DA:62,0
BRDA:7,171,0,0
BRDA:14,275,0,0
BRDA:15,828,0,0
BRDA:15,828,1,0
BRDA:14,275,1,0
BRDA:17,1483,0,0
BRDA:17,1483,1,0
BRDA:17,1848,0,0
BRDA:17,1848,1,0
BRDA:17,2216,0,0
BRDA:17,2216,1,0
BRDA:17,2581,0,0
BRDA:17,2581,1,0
BRDA:17,3097,0,0
BRDA:17,3097,1,0
BRDA:7,171,1,0
BRDA:59,3637,0,0
BRDA:59,3637,1,0
LF:9
LH:0
BRF:18
BRH:0
FNF:1
FNH:0
end_of_record
SF:/modernize-data/studio-data/TNT1001/APP1171/transformed-code/355/studio-workspace/Rah-hostcheck/TourManagement.Net8/src/TourManagement.Web/Pages/Tours/Index.cshtml
FN:3,System.Void TourManagement.Web.Pages.Tours.Pages_Tours_Index/<ExecuteAsync>d__14::MoveNext()
FNDA:0,System.Void TourManagement.Web.Pages.Tours.Pages_Tours_Index/<ExecuteAsync>d__14::MoveNext()
DA:4,0
DA:17,0
DA:18,0
DA:20,0
DA:21,0
DA:24,0
DA:25,0
DA:27,0
DA:29,0
DA:33,0
DA:46,0
DA:48,0
DA:50,0
DA:52,0
BRDA:4,423,0,0
BRDA:4,423,1,0
BRDA:17,624,0,0
BRDA:17,624,1,0
BRDA:17,654,0,0
BRDA:20,2584,1,0
BRDA:24,815,0,0
BRDA:25,1372,0,0
BRDA:25,1372,1,0
BRDA:24,815,1,0
BRDA:33,2026,0,0
BRDA:33,2026,1,0
BRDA:33,2380,0,0
BRDA:33,2380,1,0
BRDA:20,2584,0,0
BRDA:17,654,1,0
LF:14
LH:0
BRF:16
BRH:0
FNF:1
FNH:0
end_of_record
SF:/modernize-data/studio-data/TNT1001/APP1171/transformed-code/355/studio-workspace/Rah-hostcheck/TourManagement.Net8/src/TourManagement.Web/Pages/Account/Login.cshtml.cs
FN:19,TourManagement.Web.ViewModels.LoginViewModel TourManagement.Web.Pages.Account.LoginPageModel::get_Input()
FNDA:0,TourManagement.Web.ViewModels.LoginViewModel TourManagement.Web.Pages.Account.LoginPageModel::get_Input()
DA:20,0
FN:22,System.String TourManagement.Web.Pages.Account.LoginPageModel::get_ErrorMessage()
FNDA:0,System.String TourManagement.Web.Pages.Account.LoginPageModel::get_ErrorMessage()
DA:23,0
FN:25,System.String TourManagement.Web.Pages.Account.LoginPageModel::get_SuccessMessage()
FNDA:0,System.String TourManagement.Web.Pages.Account.LoginPageModel::get_SuccessMessage()
DA:26,0
FN:28,System.Void TourManagement.Web.Pages.Account.LoginPageModel::OnGet()
FNDA:0,System.Void TourManagement.Web.Pages.Account.LoginPageModel::OnGet()
DA:29,0
DA:30,0
FN:12,System.Void TourManagement.Web.Pages.Account.LoginPageModel::.ctor(TourManagement.Application.Interfaces.Services.IUserService,Microsoft.Extensions.Logging.ILogger`1<TourManagement.Web.Pages.Account.LoginPageModel>)
FNDA:0,System.Void TourManagement.Web.Pages.Account.LoginPageModel::.ctor(TourManagement.Application.Interfaces.Services.IUserService,Microsoft.Extensions.Logging.ILogger`1<TourManagement.Web.Pages.Account.LoginPageModel>)
DA:13,0
DA:14,0
DA:15,0
DA:16,0
DA:17,0
FN:32,System.Void TourManagement.Web.Pages.Account.LoginPageModel/<OnPostAsync>d__16::MoveNext()
FNDA:0,System.Void TourManagement.Web.Pages.Account.LoginPageModel/<OnPostAsync>d__16::MoveNext()
DA:33,0
DA:34,0
DA:35,0
DA:36,0
DA:40,0
DA:41,0
DA:43,0
DA:44,0
DA:46,0
DA:48,0
DA:51,0
DA:54,0
DA:55,0
DA:56,0
DA:57,0
DA:60,0
DA:61,0
DA:62,0
DA:63,0
DA:64,0
DA:66,0
BRDA:34,36,0,0
BRDA:34,36,1,0
BRDA:43,241,0,0
BRDA:43,241,1,0
LF:31
LH:0
BRF:4
BRH:0
FNF:6
FNH:0
end_of_record
SF:/modernize-data/studio-data/TNT1001/APP1171/transformed-code/355/studio-workspace/Rah-hostcheck/TourManagement.Net8/src/TourManagement.Web/Pages/Account/Profile.cshtml.cs
FN:14,System.String TourManagement.Web.Pages.Account.ProfilePageModel::get_UserEmail()
FNDA:0,System.String TourManagement.Web.Pages.Account.ProfilePageModel::get_UserEmail()
DA:15,0
FN:17,Microsoft.AspNetCore.Mvc.IActionResult TourManagement.Web.Pages.Account.ProfilePageModel::OnGet()
FNDA:0,Microsoft.AspNetCore.Mvc.IActionResult TourManagement.Web.Pages.Account.ProfilePageModel::OnGet()
DA:18,0
DA:20,0
DA:22,0
DA:23,0
DA:24,0
DA:27,0
DA:28,0
BRDA:22,42,0,0
BRDA:22,42,1,0
FN:9,System.Void TourManagement.Web.Pages.Account.ProfilePageModel::.ctor(Microsoft.Extensions.Logging.ILogger`1<TourManagement.Web.Pages.Account.ProfilePageModel>)
FNDA:0,System.Void TourManagement.Web.Pages.Account.ProfilePageModel::.ctor(Microsoft.Extensions.Logging.ILogger`1<TourManagement.Web.Pages.Account.ProfilePageModel>)
DA:10,0
DA:11,0
DA:12,0
DA:13,0
LF:12
LH:0
BRF:2
BRH:0
FNF:3
FNH:0
end_of_record
SF:/modernize-data/studio-data/TNT1001/APP1171/transformed-code/355/studio-workspace/Rah-hostcheck/TourManagement.Net8/src/TourManagement.Web/Pages/Account/Register.cshtml.cs
FN:20,TourManagement.Web.ViewModels.RegisterViewModel TourManagement.Web.Pages.Account.RegisterPageModel::get_Input()
FNDA:0,TourManagement.Web.ViewModels.RegisterViewModel TourManagement.Web.Pages.Account.RegisterPageModel::get_Input()
DA:21,0
FN:23,System.String TourManagement.Web.Pages.Account.RegisterPageModel::get_ErrorMessage()
FNDA:0,System.String TourManagement.Web.Pages.Account.RegisterPageModel::get_ErrorMessage()
DA:24,0
FN:26,System.Void TourManagement.Web.Pages.Account.RegisterPageModel::OnGet()
FNDA:0,System.Void TourManagement.Web.Pages.Account.RegisterPageModel::OnGet()
DA:27,0
DA:28,0
FN:13,System.Void TourManagement.Web.Pages.Account.RegisterPageModel::.ctor(TourManagement.Application.Interfaces.Services.IUserService,Microsoft.Extensions.Logging.ILogger`1<TourManagement.Web.Pages.Account.RegisterPageModel>)
FNDA:0,System.Void TourManagement.Web.Pages.Account.RegisterPageModel::.ctor(TourManagement.Application.Interfaces.Services.IUserService,Microsoft.Extensions.Logging.ILogger`1<TourManagement.Web.Pages.Account.RegisterPageModel>)
DA:14,0
DA:15,0
DA:16,0
DA:17,0
DA:18,0
FN:30,System.Void TourManagement.Web.Pages.Account.RegisterPageModel/<OnPostAsync>d__12::MoveNext()
FNDA:0,System.Void TourManagement.Web.Pages.Account.RegisterPageModel/<OnPostAsync>d__12::MoveNext()
DA:31,0
DA:32,0
DA:33,0
DA:34,0
DA:38,0
DA:40,0
DA:41,0
DA:42,0
DA:43,0
DA:44,0
DA:45,0
DA:46,0
DA:47,0
DA:48,0
DA:49,0
DA:50,0
DA:51,0
DA:53,0
DA:55,0
DA:57,0
DA:58,0
DA:60,0
DA:61,0
DA:62,0
DA:63,0
DA:64,0
DA:66,0
BRDA:32,36,0,0
BRDA:32,36,1,0
LF:36
LH:0
BRF:2
BRH:0
FNF:5
FNH:0
end_of_record
SF:/modernize-data/studio-data/TNT1001/APP1171/transformed-code/355/studio-workspace/Rah-hostcheck/TourManagement.Net8/src/TourManagement.Web/Pages/Account/Login.cshtml
FN:3,System.Void TourManagement.Web.Pages.Account.Pages_Account_Login/<ExecuteAsync>d__20::MoveNext()
FNDA:0,System.Void TourManagement.Web.Pages.Account.Pages_Account_Login/<ExecuteAsync>d__20::MoveNext()
DA:4,0
DA:13,0
DA:14,0
DA:16,0
DA:18,0
DA:19,0
DA:21,0
BRDA:13,99,0,0
BRDA:13,99,1,0
BRDA:18,208,0,0
BRDA:18,208,1,0
BRDA:21,646,0,0
BRDA:21,646,1,0
LF:7
LH:0
BRF:6
BRH:0
FNF:1
FNH:0
end_of_record
SF:/modernize-data/studio-data/TNT1001/APP1171/transformed-code/355/studio-workspace/Rah-hostcheck/TourManagement.Net8/src/TourManagement.Web/Pages/Account/Profile.cshtml
FN:3,System.Void TourManagement.Web.Pages.Account.Pages_Account_Profile/<ExecuteAsync>d__12::MoveNext()
FNDA:0,System.Void TourManagement.Web.Pages.Account.Pages_Account_Profile/<ExecuteAsync>d__12::MoveNext()
DA:4,0
BRDA:4,483,0,0
BRDA:4,483,1,0
BRDA:4,997,0,0
BRDA:4,997,1,0
BRDA:4,1511,0,0
BRDA:4,1511,1,0
LF:1
LH:0
BRF:6
BRH:0
FNF:1
FNH:0
end_of_record
SF:/modernize-data/studio-data/TNT1001/APP1171/transformed-code/355/studio-workspace/Rah-hostcheck/TourManagement.Net8/src/TourManagement.Web/Pages/Account/Register.cshtml
FN:3,System.Void TourManagement.Web.Pages.Account.Pages_Account_Register/<ExecuteAsync>d__27::MoveNext()
FNDA:0,System.Void TourManagement.Web.Pages.Account.Pages_Account_Register/<ExecuteAsync>d__27::MoveNext()
DA:4,0
DA:13,0
DA:14,0
DA:16,0
BRDA:13,99,0,0
BRDA:13,99,1,0
BRDA:16,536,0,0
BRDA:16,536,1,0
LF:4
LH:0
BRF:4
BRH:0
FNF:1
FNH:0
end_of_record
SF:/modernize-data/studio-data/TNT1001/APP1171/transformed-code/355/studio-workspace/Rah-hostcheck/TourManagement.Net8/src/TourManagement.Domain/Exceptions/NotFoundException.cs
FN:7,System.Void TourManagement.Domain.Exceptions.NotFoundException::.ctor(System.String)
FNDA:0,System.Void TourManagement.Domain.Exceptions.NotFoundException::.ctor(System.String)
DA:8,0
DA:9,0
DA:10,0
FN:12,System.Void TourManagement.Domain.Exceptions.NotFoundException::.ctor(System.String,System.Object)
FNDA:0,System.Void TourManagement.Domain.Exceptions.NotFoundException::.ctor(System.String,System.Object)
DA:13,0
DA:14,0
DA:15,0
LF:6
LH:0
BRF:0
BRH:0
FNF:2
FNH:0
end_of_record
SF:/modernize-data/studio-data/TNT1001/APP1171/transformed-code/355/studio-workspace/Rah-hostcheck/TourManagement.Net8/src/TourManagement.Domain/Exceptions/ValidationException.cs
FN:11,System.Collections.Generic.Dictionary`2<System.String,System.String[]> TourManagement.Domain.Exceptions.ValidationException::get_Errors()
FNDA:0,System.Collections.Generic.Dictionary`2<System.String,System.String[]> TourManagement.Domain.Exceptions.ValidationException::get_Errors()
DA:12,0
FN:7,System.Void TourManagement.Domain.Exceptions.ValidationException::.ctor(System.String)
FNDA:0,System.Void TourManagement.Domain.Exceptions.ValidationException::.ctor(System.String)
DA:8,0
DA:9,0
DA:10,0
FN:14,System.Void TourManagement.Domain.Exceptions.ValidationException::.ctor(System.Collections.Generic.Dictionary`2<System.String,System.String[]>)
FNDA:0,System.Void TourManagement.Domain.Exceptions.ValidationException::.ctor(System.Collections.Generic.Dictionary`2<System.String,System.String[]>)
DA:15,0
DA:16,0
DA:17,0
DA:18,0
LF:8
LH:0
BRF:0
BRH:0
FNF:3
FNH:0
end_of_record
SF:/modernize-data/studio-data/TNT1001/APP1171/transformed-code/355/studio-workspace/Rah-hostcheck/TourManagement.Net8/src/TourManagement.Domain/Entities/Booking.cs
FN:7,System.Int32 TourManagement.Domain.Entities.Booking::get_Id()
FNDA:0,System.Int32 TourManagement.Domain.Entities.Booking::get_Id()
DA:8,0
FN:8,System.Int32 TourManagement.Domain.Entities.Booking::get_UserId()
FNDA:0,System.Int32 TourManagement.Domain.Entities.Booking::get_UserId()
DA:9,0
FN:9,System.Int32 TourManagement.Domain.Entities.Booking::get_TourId()
FNDA:0,System.Int32 TourManagement.Domain.Entities.Booking::get_TourId()
DA:10,0
FN:10,System.DateTime TourManagement.Domain.Entities.Booking::get_BookingDate()
FNDA:0,System.DateTime TourManagement.Domain.Entities.Booking::get_BookingDate()
DA:11,0
FN:11,System.Int32 TourManagement.Domain.Entities.Booking::get_NumberOfPersons()
FNDA:0,System.Int32 TourManagement.Domain.Entities.Booking::get_NumberOfPersons()
DA:12,0
FN:12,System.Decimal TourManagement.Domain.Entities.Booking::get_TotalAmount()
FNDA:0,System.Decimal TourManagement.Domain.Entities.Booking::get_TotalAmount()
DA:13,0
FN:13,System.String TourManagement.Domain.Entities.Booking::get_Status()
FNDA:0,System.String TourManagement.Domain.Entities.Booking::get_Status()
DA:14,0
FN:14,System.DateTime TourManagement.Domain.Entities.Booking::get_CreatedDate()
FNDA:0,System.DateTime TourManagement.Domain.Entities.Booking::get_CreatedDate()
DA:15,0
FN:15,System.Nullable`1<System.DateTime> TourManagement.Domain.Entities.Booking::get_ModifiedDate()
FNDA:0,System.Nullable`1<System.DateTime> TourManagement.Domain.Entities.Booking::get_ModifiedDate()
DA:16,0
FN:16,System.Boolean TourManagement.Domain.Entities.Booking::get_IsActive()
FNDA:0,System.Boolean TourManagement.Domain.Entities.Booking::get_IsActive()
DA:17,0
FN:17,System.String TourManagement.Domain.Entities.Booking::get_CreatedBy()
FNDA:0,System.String TourManagement.Domain.Entities.Booking::get_CreatedBy()
DA:18,0
FN:18,System.String TourManagement.Domain.Entities.Booking::get_ModifiedBy()
FNDA:0,System.String TourManagement.Domain.Entities.Booking::get_ModifiedBy()
DA:19,0
FN:21,TourManagement.Domain.Entities.User TourManagement.Domain.Entities.Booking::get_User()
FNDA:0,TourManagement.Domain.Entities.User TourManagement.Domain.Entities.Booking::get_User()
DA:22,0
FN:22,TourManagement.Domain.Entities.Tour TourManagement.Domain.Entities.Booking::get_Tour()
FNDA:0,TourManagement.Domain.Entities.Tour TourManagement.Domain.Entities.Booking::get_Tour()
DA:23,0
LF:14
LH:0
BRF:0
BRH:0
FNF:14
FNH:0
end_of_record
SF:/modernize-data/studio-data/TNT1001/APP1171/transformed-code/355/studio-workspace/Rah-hostcheck/TourManagement.Net8/src/TourManagement.Domain/Entities/Tour.cs
FN:7,System.Int32 TourManagement.Domain.Entities.Tour::get_Id()
FNDA:0,System.Int32 TourManagement.Domain.Entities.Tour::get_Id()
DA:8,0
FN:8,System.String TourManagement.Domain.Entities.Tour::get_TourName()
FNDA:0,System.String TourManagement.Domain.Entities.Tour::get_TourName()
DA:9,0
FN:9,System.String TourManagement.Domain.Entities.Tour::get_Place()
FNDA:0,System.String TourManagement.Domain.Entities.Tour::get_Place()
DA:10,0
FN:10,System.Int32 TourManagement.Domain.Entities.Tour::get_Days()
FNDA:0,System.Int32 TourManagement.Domain.Entities.Tour::get_Days()
DA:11,0
FN:11,System.Decimal TourManagement.Domain.Entities.Tour::get_Price()
FNDA:0,System.Decimal TourManagement.Domain.Entities.Tour::get_Price()
DA:12,0
FN:12,System.String TourManagement.Domain.Entities.Tour::get_Locations()
FNDA:0,System.String TourManagement.Domain.Entities.Tour::get_Locations()
DA:13,0
FN:13,System.String TourManagement.Domain.Entities.Tour::get_TourInfo()
FNDA:0,System.String TourManagement.Domain.Entities.Tour::get_TourInfo()
DA:14,0
FN:14,System.String TourManagement.Domain.Entities.Tour::get_PictureFileName()
FNDA:0,System.String TourManagement.Domain.Entities.Tour::get_PictureFileName()
DA:15,0
FN:15,System.DateTime TourManagement.Domain.Entities.Tour::get_CreatedDate()
FNDA:0,System.DateTime TourManagement.Domain.Entities.Tour::get_CreatedDate()
DA:16,0
FN:16,System.Nullable`1<System.DateTime> TourManagement.Domain.Entities.Tour::get_ModifiedDate()
FNDA:0,System.Nullable`1<System.DateTime> TourManagement.Domain.Entities.Tour::get_ModifiedDate()
DA:17,0
FN:17,System.Boolean TourManagement.Domain.Entities.Tour::get_IsActive()
FNDA:0,System.Boolean TourManagement.Domain.Entities.Tour::get_IsActive()
DA:18,0
FN:18,System.String TourManagement.Domain.Entities.Tour::get_CreatedBy()
FNDA:0,System.String TourManagement.Domain.Entities.Tour::get_CreatedBy()
DA:19,0
FN:19,System.String TourManagement.Domain.Entities.Tour::get_ModifiedBy()
FNDA:0,System.String TourManagement.Domain.Entities.Tour::get_ModifiedBy()
DA:20,0
FN:22,System.Collections.Generic.ICollection`1<TourManagement.Domain.Entities.Booking> TourManagement.Domain.Entities.Tour::get_Bookings()
FNDA:0,System.Collections.Generic.ICollection`1<TourManagement.Domain.Entities.Booking> TourManagement.Domain.Entities.Tour::get_Bookings()
DA:23,0
LF:14
LH:0
BRF:0
BRH:0
FNF:14
FNH:0
end_of_record
SF:/modernize-data/studio-data/TNT1001/APP1171/transformed-code/355/studio-workspace/Rah-hostcheck/TourManagement.Net8/src/TourManagement.Domain/Entities/User.cs
FN:7,System.Int32 TourManagement.Domain.Entities.User::get_Id()
FNDA:0,System.Int32 TourManagement.Domain.Entities.User::get_Id()
DA:8,0
FN:8,System.String TourManagement.Domain.Entities.User::get_Email()
FNDA:0,System.String TourManagement.Domain.Entities.User::get_Email()
DA:9,0
FN:9,System.String TourManagement.Domain.Entities.User::get_FirstName()
FNDA:0,System.String TourManagement.Domain.Entities.User::get_FirstName()
DA:10,0
FN:10,System.String TourManagement.Domain.Entities.User::get_LastName()
FNDA:0,System.String TourManagement.Domain.Entities.User::get_LastName()
DA:11,0
FN:11,System.String TourManagement.Domain.Entities.User::get_Gender()
FNDA:0,System.String TourManagement.Domain.Entities.User::get_Gender()
DA:12,0
FN:12,System.String TourManagement.Domain.Entities.User::get_PasswordHash()
FNDA:0,System.String TourManagement.Domain.Entities.User::get_PasswordHash()
DA:13,0
FN:13,System.DateTime TourManagement.Domain.Entities.User::get_DateOfBirth()
FNDA:0,System.DateTime TourManagement.Domain.Entities.User::get_DateOfBirth()
DA:14,0
FN:14,System.String TourManagement.Domain.Entities.User::get_Street()
FNDA:0,System.String TourManagement.Domain.Entities.User::get_Street()
DA:15,0
FN:15,System.String TourManagement.Domain.Entities.User::get_City()
FNDA:0,System.String TourManagement.Domain.Entities.User::get_City()
DA:16,0
FN:16,System.String TourManagement.Domain.Entities.User::get_State()
FNDA:0,System.String TourManagement.Domain.Entities.User::get_State()
DA:17,0
FN:17,System.DateTime TourManagement.Domain.Entities.User::get_CreatedDate()
FNDA:0,System.DateTime TourManagement.Domain.Entities.User::get_CreatedDate()
DA:18,0
FN:18,System.Nullable`1<System.DateTime> TourManagement.Domain.Entities.User::get_ModifiedDate()
FNDA:0,System.Nullable`1<System.DateTime> TourManagement.Domain.Entities.User::get_ModifiedDate()
DA:19,0
FN:19,System.Boolean TourManagement.Domain.Entities.User::get_IsActive()
FNDA:0,System.Boolean TourManagement.Domain.Entities.User::get_IsActive()
DA:20,0
FN:20,System.String TourManagement.Domain.Entities.User::get_CreatedBy()
FNDA:0,System.String TourManagement.Domain.Entities.User::get_CreatedBy()
DA:21,0
FN:21,System.String TourManagement.Domain.Entities.User::get_ModifiedBy()
FNDA:0,System.String TourManagement.Domain.Entities.User::get_ModifiedBy()
DA:22,0
FN:24,System.Collections.Generic.ICollection`1<TourManagement.Domain.Entities.Booking> TourManagement.Domain.Entities.User::get_Bookings()
FNDA:0,System.Collections.Generic.ICollection`1<TourManagement.Domain.Entities.Booking> TourManagement.Domain.Entities.User::get_Bookings()
DA:25,0
LF:16
LH:0
BRF:0
BRH:0
FNF:16
FNH:0
end_of_record