SF:/modernize-data/studio-data/TNT1001/APP2643/transformed-code/773/studio-workspace/TourManagmen3/src/TourManagement.Infrastructure/Repositories/BookingRepository.cs
FN:16,System.Void TourManagement.Infrastructure.Repositories.BookingRepository::.ctor(TourManagement.Infrastructure.Data.TourManagementDbContext,Microsoft.Extensions.Logging.ILogger`1<TourManagement.Infrastructure.Repositories.BookingRepository>)
FNDA:0,System.Void TourManagement.Infrastructure.Repositories.BookingRepository::.ctor(TourManagement.Infrastructure.Data.TourManagementDbContext,Microsoft.Extensions.Logging.ILogger`1<TourManagement.Infrastructure.Repositories.BookingRepository>)
DA:17,0
DA:18,0
DA:19,0
DA:20,0
DA:21,0
DA:22,0
DA:23,0
BRDA:21,11,0,0
BRDA:21,11,1,0
BRDA:22,33,0,0
BRDA:22,33,1,0
FN:94,System.Void TourManagement.Infrastructure.Repositories.BookingRepository/<AddAsync>d__7::MoveNext()
FNDA:0,System.Void TourManagement.Infrastructure.Repositories.BookingRepository/<AddAsync>d__7::MoveNext()
DA:95,0
DA:97,0
DA:98,0
DA:99,0
DA:100,0
DA:102,0
DA:103,0
DA:104,0
DA:105,0
DA:107,0
FN:123,System.Void TourManagement.Infrastructure.Repositories.BookingRepository/<DeleteAsync>d__9::MoveNext()
FNDA:0,System.Void TourManagement.Infrastructure.Repositories.BookingRepository/<DeleteAsync>d__9::MoveNext()
DA:124,0
DA:126,0
DA:127,0
DA:128,0
DA:129,0
DA:130,0
DA:131,0
DA:132,0
DA:133,0
DA:134,0
DA:135,0
DA:136,0
DA:137,0
DA:138,0
DA:140,0
BRDA:128,213,0,0
BRDA:128,213,1,0
FN:142,System.Void TourManagement.Infrastructure.Repositories.BookingRepository/<ExistsAsync>d__10::MoveNext()
FNDA:0,System.Void TourManagement.Infrastructure.Repositories.BookingRepository/<ExistsAsync>d__10::MoveNext()
DA:143,0
DA:145,0
DA:146,0
DA:147,0
DA:149,0
DA:150,0
DA:151,0
DA:152,0
DA:154,0
FN:25,System.Void TourManagement.Infrastructure.Repositories.BookingRepository/<GetAllAsync>d__3::MoveNext()
FNDA:0,System.Void TourManagement.Infrastructure.Repositories.BookingRepository/<GetAllAsync>d__3::MoveNext()
DA:26,0
DA:28,0
DA:29,0
DA:30,0
DA:31,0
DA:32,0
DA:33,0
DA:34,0
DA:36,0
DA:37,0
DA:38,0
DA:39,0
DA:41,0
FN:43,System.Void TourManagement.Infrastructure.Repositories.BookingRepository/<GetByIdAsync>d__4::MoveNext()
FNDA:0,System.Void TourManagement.Infrastructure.Repositories.BookingRepository/<GetByIdAsync>d__4::MoveNext()
DA:44,0
DA:46,0
DA:47,0
DA:48,0
DA:49,0
DA:50,0
DA:51,0
DA:53,0
DA:54,0
DA:55,0
DA:56,0
DA:58,0
FN:60,System.Void TourManagement.Infrastructure.Repositories.BookingRepository/<GetByUserEmailAsync>d__5::MoveNext()
FNDA:0,System.Void TourManagement.Infrastructure.Repositories.BookingRepository/<GetByUserEmailAsync>d__5::MoveNext()
DA:61,0
DA:63,0
DA:64,0
DA:65,0
DA:66,0
DA:67,0
DA:68,0
DA:70,0
DA:71,0
DA:72,0
DA:73,0
DA:75,0
FN:77,System.Void TourManagement.Infrastructure.Repositories.BookingRepository/<GetByUserIdAsync>d__6::MoveNext()
FNDA:0,System.Void TourManagement.Infrastructure.Repositories.BookingRepository/<GetByUserIdAsync>d__6::MoveNext()
DA:78,0
DA:80,0
DA:81,0
DA:82,0
DA:83,0
DA:84,0
DA:85,0
DA:87,0
DA:88,0
DA:89,0
DA:90,0
DA:92,0
FN:156,System.Void TourManagement.Infrastructure.Repositories.BookingRepository/<SearchAsync>d__11::MoveNext()
FNDA:0,System.Void TourManagement.Infrastructure.Repositories.BookingRepository/<SearchAsync>d__11::MoveNext()
DA:157,0
DA:159,0
DA:160,0
DA:161,0
DA:162,0
DA:163,0
DA:164,0
DA:165,0
DA:166,0
DA:167,0
DA:168,0
DA:170,0
DA:171,0
DA:172,0
DA:173,0
DA:175,0
FN:109,System.Void TourManagement.Infrastructure.Repositories.BookingRepository/<UpdateAsync>d__8::MoveNext()
FNDA:0,System.Void TourManagement.Infrastructure.Repositories.BookingRepository/<UpdateAsync>d__8::MoveNext()
DA:110,0
DA:112,0
DA:113,0
DA:114,0
DA:115,0
DA:116,0
DA:117,0
DA:118,0
DA:119,0
DA:121,0
LF:116
LH:0
BRF:6
BRH:0
FNF:10
FNH:0
end_of_record
SF:/modernize-data/studio-data/TNT1001/APP2643/transformed-code/773/studio-workspace/TourManagmen3/src/TourManagement.Infrastructure/Repositories/TourRepository.cs
FN:16,System.Void TourManagement.Infrastructure.Repositories.TourRepository::.ctor(TourManagement.Infrastructure.Data.TourManagementDbContext,Microsoft.Extensions.Logging.ILogger`1<TourManagement.Infrastructure.Repositories.TourRepository>)
FNDA:0,System.Void TourManagement.Infrastructure.Repositories.TourRepository::.ctor(TourManagement.Infrastructure.Data.TourManagementDbContext,Microsoft.Extensions.Logging.ILogger`1<TourManagement.Infrastructure.Repositories.TourRepository>)
DA:17,0
DA:18,0
DA:19,0
DA:20,0
DA:21,0
DA:22,0
DA:23,0
BRDA:21,11,0,0
BRDA:21,11,1,0
BRDA:22,33,0,0
BRDA:22,33,1,0
FN:56,System.Void TourManagement.Infrastructure.Repositories.TourRepository/<AddAsync>d__5::MoveNext()
FNDA:0,System.Void TourManagement.Infrastructure.Repositories.TourRepository/<AddAsync>d__5::MoveNext()
DA:57,0
DA:59,0
DA:60,0
DA:61,0
DA:62,0
DA:64,0
DA:65,0
DA:66,0
DA:67,0
DA:69,0
FN:85,System.Void TourManagement.Infrastructure.Repositories.TourRepository/<DeleteAsync>d__7::MoveNext()
FNDA:0,System.Void TourManagement.Infrastructure.Repositories.TourRepository/<DeleteAsync>d__7::MoveNext()
DA:86,0
DA:88,0
DA:89,0
DA:90,0
DA:91,0
DA:92,0
DA:93,0
DA:94,0
DA:95,0
DA:96,0
DA:97,0
DA:98,0
DA:99,0
DA:100,0
DA:102,0
BRDA:90,213,0,0
BRDA:90,213,1,0
FN:104,System.Void TourManagement.Infrastructure.Repositories.TourRepository/<ExistsAsync>d__8::MoveNext()
FNDA:0,System.Void TourManagement.Infrastructure.Repositories.TourRepository/<ExistsAsync>d__8::MoveNext()
DA:105,0
DA:107,0
DA:108,0
DA:109,0
DA:111,0
DA:112,0
DA:113,0
DA:114,0
DA:116,0
FN:25,System.Void TourManagement.Infrastructure.Repositories.TourRepository/<GetAllAsync>d__3::MoveNext()
FNDA:0,System.Void TourManagement.Infrastructure.Repositories.TourRepository/<GetAllAsync>d__3::MoveNext()
DA:26,0
DA:28,0
DA:29,0
DA:30,0
DA:31,0
DA:32,0
DA:34,0
DA:35,0
DA:36,0
DA:37,0
DA:39,0
FN:41,System.Void TourManagement.Infrastructure.Repositories.TourRepository/<GetByIdAsync>d__4::MoveNext()
FNDA:0,System.Void TourManagement.Infrastructure.Repositories.TourRepository/<GetByIdAsync>d__4::MoveNext()
DA:42,0
DA:44,0
DA:45,0
DA:46,0
DA:47,0
DA:49,0
DA:50,0
DA:51,0
DA:52,0
DA:54,0
FN:137,System.Void TourManagement.Infrastructure.Repositories.TourRepository/<GetByPlaceAsync>d__10::MoveNext()
FNDA:0,System.Void TourManagement.Infrastructure.Repositories.TourRepository/<GetByPlaceAsync>d__10::MoveNext()
DA:138,0
DA:140,0
DA:141,0
DA:142,0
DA:143,0
DA:144,0
DA:146,0
DA:147,0
DA:148,0
DA:149,0
DA:151,0
FN:118,System.Void TourManagement.Infrastructure.Repositories.TourRepository/<SearchAsync>d__9::MoveNext()
FNDA:0,System.Void TourManagement.Infrastructure.Repositories.TourRepository/<SearchAsync>d__9::MoveNext()
DA:119,0
DA:121,0
DA:122,0
DA:123,0
DA:124,0
DA:125,0
DA:126,0
DA:127,0
DA:128,0
DA:130,0
DA:131,0
DA:132,0
DA:133,0
DA:135,0
FN:71,System.Void TourManagement.Infrastructure.Repositories.TourRepository/<UpdateAsync>d__6::MoveNext()
FNDA:0,System.Void TourManagement.Infrastructure.Repositories.TourRepository/<UpdateAsync>d__6::MoveNext()
DA:72,0
DA:74,0
DA:75,0
DA:76,0
DA:77,0
DA:78,0
DA:79,0
DA:80,0
DA:81,0
DA:83,0
LF:97
LH:0
BRF:6
BRH:0
FNF:9
FNH:0
end_of_record
SF:/modernize-data/studio-data/TNT1001/APP2643/transformed-code/773/studio-workspace/TourManagmen3/src/TourManagement.Infrastructure/Repositories/UserRepository.cs
FN:16,System.Void TourManagement.Infrastructure.Repositories.UserRepository::.ctor(TourManagement.Infrastructure.Data.TourManagementDbContext,Microsoft.Extensions.Logging.ILogger`1<TourManagement.Infrastructure.Repositories.UserRepository>)
FNDA:2,System.Void TourManagement.Infrastructure.Repositories.UserRepository::.ctor(TourManagement.Infrastructure.Data.TourManagementDbContext,Microsoft.Extensions.Logging.ILogger`1<TourManagement.Infrastructure.Repositories.UserRepository>)
DA:17,2
DA:18,2
DA:19,2
DA:20,2
DA:21,2
DA:22,2
DA:23,2
BRDA:21,11,0,0
BRDA:21,11,1,2
BRDA:22,33,0,0
BRDA:22,33,1,2
FN:71,System.Void TourManagement.Infrastructure.Repositories.UserRepository/<AddAsync>d__6::MoveNext()
FNDA:1,System.Void TourManagement.Infrastructure.Repositories.UserRepository/<AddAsync>d__6::MoveNext()
DA:72,1
DA:74,1
DA:75,1
DA:76,1
DA:77,1
DA:79,0
DA:80,0
DA:81,0
DA:82,0
DA:84,1
FN:100,System.Void TourManagement.Infrastructure.Repositories.UserRepository/<DeleteAsync>d__8::MoveNext()
FNDA:0,System.Void TourManagement.Infrastructure.Repositories.UserRepository/<DeleteAsync>d__8::MoveNext()
DA:101,0
DA:103,0
DA:104,0
DA:105,0
DA:106,0
DA:107,0
DA:108,0
DA:109,0
DA:110,0
DA:111,0
DA:112,0
DA:113,0
DA:114,0
DA:115,0
DA:117,0
BRDA:105,213,0,0
BRDA:105,213,1,0
FN:133,System.Void TourManagement.Infrastructure.Repositories.UserRepository/<EmailExistsAsync>d__10::MoveNext()
FNDA:0,System.Void TourManagement.Infrastructure.Repositories.UserRepository/<EmailExistsAsync>d__10::MoveNext()
DA:134,0
DA:136,0
DA:137,0
DA:138,0
DA:140,0
DA:141,0
DA:142,0
DA:143,0
DA:145,0
FN:119,System.Void TourManagement.Infrastructure.Repositories.UserRepository/<ExistsAsync>d__9::MoveNext()
FNDA:0,System.Void TourManagement.Infrastructure.Repositories.UserRepository/<ExistsAsync>d__9::MoveNext()
DA:120,0
DA:122,0
DA:123,0
DA:124,0
DA:126,0
DA:127,0
DA:128,0
DA:129,0
DA:131,0
FN:25,System.Void TourManagement.Infrastructure.Repositories.UserRepository/<GetAllAsync>d__3::MoveNext()
FNDA:1,System.Void TourManagement.Infrastructure.Repositories.UserRepository/<GetAllAsync>d__3::MoveNext()
DA:26,1
DA:28,1
DA:29,1
DA:30,1
DA:31,1
DA:32,1
DA:34,0
DA:35,0
DA:36,0
DA:37,0
DA:39,1
FN:56,System.Void TourManagement.Infrastructure.Repositories.UserRepository/<GetByEmailAsync>d__5::MoveNext()
FNDA:0,System.Void TourManagement.Infrastructure.Repositories.UserRepository/<GetByEmailAsync>d__5::MoveNext()
DA:57,0
DA:59,0
DA:60,0
DA:61,0
DA:62,0
DA:64,0
DA:65,0
DA:66,0
DA:67,0
DA:69,0
FN:41,System.Void TourManagement.Infrastructure.Repositories.UserRepository/<GetByIdAsync>d__4::MoveNext()
FNDA:0,System.Void TourManagement.Infrastructure.Repositories.UserRepository/<GetByIdAsync>d__4::MoveNext()
DA:42,0
DA:44,0
DA:45,0
DA:46,0
DA:47,0
DA:49,0
DA:50,0
DA:51,0
DA:52,0
DA:54,0
FN:147,System.Void TourManagement.Infrastructure.Repositories.UserRepository/<SearchAsync>d__11::MoveNext()
FNDA:0,System.Void TourManagement.Infrastructure.Repositories.UserRepository/<SearchAsync>d__11::MoveNext()
DA:148,0
DA:150,0
DA:151,0
DA:152,0
DA:153,0
DA:154,0
DA:155,0
DA:156,0
DA:157,0
DA:159,0
DA:160,0
DA:161,0
DA:162,0
DA:164,0
FN:86,System.Void TourManagement.Infrastructure.Repositories.UserRepository/<UpdateAsync>d__7::MoveNext()
FNDA:0,System.Void TourManagement.Infrastructure.Repositories.UserRepository/<UpdateAsync>d__7::MoveNext()
DA:87,0
DA:89,0
DA:90,0
DA:91,0
DA:92,0
DA:93,0
DA:94,0
DA:95,0
DA:96,0
DA:98,0
LF:105
LH:20
BRF:6
BRH:2
FNF:10
FNH:3
end_of_record
SF:/modernize-data/studio-data/TNT1001/APP2643/transformed-code/773/studio-workspace/TourManagmen3/src/TourManagement.Infrastructure/Extensions/ServiceCollectionExtensions.cs
FN:17,Microsoft.Extensions.DependencyInjection.IServiceCollection TourManagement.Infrastructure.Extensions.ServiceCollectionExtensions::AddInfrastructureServices(Microsoft.Extensions.DependencyInjection.IServiceCollection,Microsoft.Extensions.Configuration.IConfiguration)
FNDA:0,Microsoft.Extensions.DependencyInjection.IServiceCollection TourManagement.Infrastructure.Extensions.ServiceCollectionExtensions::AddInfrastructureServices(Microsoft.Extensions.DependencyInjection.IServiceCollection,Microsoft.Extensions.Configuration.IConfiguration)
DA:18,0
DA:20,0
DA:21,0
DA:22,0
DA:23,0
DA:24,0
DA:25,0
DA:26,0
DA:27,0
DA:28,0
DA:29,0
DA:32,0
DA:33,0
DA:34,0
DA:36,0
DA:37,0
LF:16
LH:0
BRF:0
BRH:0
FNF:1
FNH:0
end_of_record
SF:/modernize-data/studio-data/TNT1001/APP2643/transformed-code/773/studio-workspace/TourManagmen3/src/TourManagement.Infrastructure/Data/TourManagementDbContext.cs
FN:15,Microsoft.EntityFrameworkCore.DbSet`1<TourManagement.Domain.Entities.User> TourManagement.Infrastructure.Data.TourManagementDbContext::get_Users()
FNDA:4,Microsoft.EntityFrameworkCore.DbSet`1<TourManagement.Domain.Entities.User> TourManagement.Infrastructure.Data.TourManagementDbContext::get_Users()
DA:16,4
FN:16,Microsoft.EntityFrameworkCore.DbSet`1<TourManagement.Domain.Entities.Tour> TourManagement.Infrastructure.Data.TourManagementDbContext::get_Tours()
FNDA:0,Microsoft.EntityFrameworkCore.DbSet`1<TourManagement.Domain.Entities.Tour> TourManagement.Infrastructure.Data.TourManagementDbContext::get_Tours()
DA:17,0
FN:17,Microsoft.EntityFrameworkCore.DbSet`1<TourManagement.Domain.Entities.Booking> TourManagement.Infrastructure.Data.TourManagementDbContext::get_Bookings()
FNDA:0,Microsoft.EntityFrameworkCore.DbSet`1<TourManagement.Domain.Entities.Booking> TourManagement.Infrastructure.Data.TourManagementDbContext::get_Bookings()
DA:18,0
FN:20,System.Void TourManagement.Infrastructure.Data.TourManagementDbContext::OnModelCreating(Microsoft.EntityFrameworkCore.ModelBuilder)
FNDA:1,System.Void TourManagement.Infrastructure.Data.TourManagementDbContext::OnModelCreating(Microsoft.EntityFrameworkCore.ModelBuilder)
DA:21,1
DA:22,1
DA:25,1
DA:26,1
FN:11,System.Void TourManagement.Infrastructure.Data.TourManagementDbContext::.ctor(Microsoft.EntityFrameworkCore.DbContextOptions`1<TourManagement.Infrastructure.Data.TourManagementDbContext>)
FNDA:2,System.Void TourManagement.Infrastructure.Data.TourManagementDbContext::.ctor(Microsoft.EntityFrameworkCore.DbContextOptions`1<TourManagement.Infrastructure.Data.TourManagementDbContext>)
DA:12,2
DA:13,2
DA:14,2
LF:10
LH:8
BRF:0
BRH:0
FNF:5
FNH:3
end_of_record
SF:/modernize-data/studio-data/TNT1001/APP2643/transformed-code/773/studio-workspace/TourManagmen3/src/TourManagement.Infrastructure/Data/Configurations/BookingConfiguration.cs
FN:12,System.Void TourManagement.Infrastructure.Data.Configurations.BookingConfiguration::Configure(Microsoft.EntityFrameworkCore.Metadata.Builders.EntityTypeBuilder`1<TourManagement.Domain.Entities.Booking>)
FNDA:1,System.Void TourManagement.Infrastructure.Data.Configurations.BookingConfiguration::Configure(Microsoft.EntityFrameworkCore.Metadata.Builders.EntityTypeBuilder`1<TourManagement.Domain.Entities.Booking>)
DA:13,1
DA:14,1
DA:16,1
DA:18,1
DA:19,1
DA:20,1
DA:21,1
DA:23,1
DA:24,1
DA:25,1
DA:26,1
DA:28,1
DA:29,1
DA:30,1
DA:32,1
DA:33,1
DA:34,1
DA:36,1
DA:37,1
DA:39,1
DA:40,1
DA:41,1
DA:43,1
DA:44,1
DA:46,1
DA:47,1
DA:49,1
DA:50,1
DA:51,1
DA:52,1
DA:54,1
DA:55,1
DA:58,1
LF:33
LH:33
BRF:0
BRH:0
FNF:1
FNH:1
end_of_record
SF:/modernize-data/studio-data/TNT1001/APP2643/transformed-code/773/studio-workspace/TourManagmen3/src/TourManagement.Infrastructure/Data/Configurations/TourConfiguration.cs
FN:12,System.Void TourManagement.Infrastructure.Data.Configurations.TourConfiguration::Configure(Microsoft.EntityFrameworkCore.Metadata.Builders.EntityTypeBuilder`1<TourManagement.Domain.Entities.Tour>)
FNDA:1,System.Void TourManagement.Infrastructure.Data.Configurations.TourConfiguration::Configure(Microsoft.EntityFrameworkCore.Metadata.Builders.EntityTypeBuilder`1<TourManagement.Domain.Entities.Tour>)
DA:13,1
DA:14,1
DA:16,1
DA:18,1
DA:19,1
DA:20,1
DA:21,1
DA:23,1
DA:24,1
DA:25,1
DA:26,1
DA:28,1
DA:29,1
DA:30,1
DA:32,1
DA:33,1
DA:34,1
DA:35,1
DA:37,1
DA:38,1
DA:39,1
DA:41,1
DA:42,1
DA:43,1
DA:45,1
DA:46,1
DA:47,1
DA:49,1
DA:50,1
DA:52,1
DA:53,1
DA:55,1
DA:56,1
DA:57,1
DA:58,1
DA:60,1
DA:61,1
DA:64,1
DA:65,1
DA:66,1
DA:67,1
DA:68,1
LF:42
LH:42
BRF:0
BRH:0
FNF:1
FNH:1
end_of_record
SF:/modernize-data/studio-data/TNT1001/APP2643/transformed-code/773/studio-workspace/TourManagmen3/src/TourManagement.Infrastructure/Data/Configurations/UserConfiguration.cs
FN:12,System.Void TourManagement.Infrastructure.Data.Configurations.UserConfiguration::Configure(Microsoft.EntityFrameworkCore.Metadata.Builders.EntityTypeBuilder`1<TourManagement.Domain.Entities.User>)
FNDA:1,System.Void TourManagement.Infrastructure.Data.Configurations.UserConfiguration::Configure(Microsoft.EntityFrameworkCore.Metadata.Builders.EntityTypeBuilder`1<TourManagement.Domain.Entities.User>)
DA:13,1
DA:14,1
DA:16,1
DA:18,1
DA:19,1
DA:20,1
DA:22,1
DA:23,1
DA:25,1
DA:26,1
DA:27,1
DA:29,1
DA:30,1
DA:31,1
DA:33,1
DA:34,1
DA:36,1
DA:37,1
DA:38,1
DA:39,1
DA:41,1
DA:42,1
DA:44,1
DA:45,1
DA:47,1
DA:48,1
DA:50,1
DA:51,1
DA:53,1
DA:54,1
DA:56,1
DA:57,1
DA:59,1
DA:60,1
DA:61,1
DA:62,1
DA:64,1
DA:65,1
DA:68,1
DA:69,1
DA:70,1
DA:71,1
DA:72,1
LF:43
LH:43
BRF:0
BRH:0
FNF:1
FNH:1
end_of_record
SF:/modernize-data/studio-data/TNT1001/APP2643/transformed-code/773/studio-workspace/TourManagmen3/src/TourManagement.Web/Program.cs
FN:7,System.Void Program::<Main>$(System.String[])
FNDA:0,System.Void Program::<Main>$(System.String[])
DA:8,0
DA:11,0
DA:12,0
DA:13,0
DA:14,0
DA:15,0
DA:16,0
DA:18,0
DA:21,0
DA:24,0
DA:27,0
DA:30,0
DA:31,0
DA:32,0
DA:33,0
DA:34,0
DA:35,0
DA:36,0
DA:39,0
DA:41,0
DA:44,0
DA:45,0
DA:46,0
DA:47,0
DA:48,0
DA:50,0
DA:51,0
DA:53,0
DA:55,0
DA:57,0
DA:59,0
DA:62,0
DA:63,0
DA:64,0
DA:65,0
DA:66,0
DA:67,0
DA:68,0
DA:69,0
DA:71,0
DA:72,0
DA:73,0
BRDA:44,294,0,0
BRDA:44,294,1,0
LF:42
LH:0
BRF:2
BRH:0
FNF:1
FNH:0
end_of_record
SF:/modernize-data/studio-data/TNT1001/APP2643/transformed-code/773/studio-workspace/TourManagmen3/src/TourManagement.Web/Pages/Error.cshtml.cs
FN:10,System.String TourManagement.Web.Pages.ErrorModel::get_RequestId()
FNDA:0,System.String TourManagement.Web.Pages.ErrorModel::get_RequestId()
DA:11,0
FN:12,System.Boolean TourManagement.Web.Pages.ErrorModel::get_ShowRequestId()
FNDA:0,System.Boolean TourManagement.Web.Pages.ErrorModel::get_ShowRequestId()
DA:13,0
FN:22,System.Void TourManagement.Web.Pages.ErrorModel::OnGet()
FNDA:0,System.Void TourManagement.Web.Pages.ErrorModel::OnGet()
DA:23,0
DA:24,0
DA:25,0
BRDA:24,8,0,0
BRDA:24,8,1,0
BRDA:24,20,0,0
BRDA:24,20,1,0
FN:16,System.Void TourManagement.Web.Pages.ErrorModel::.ctor(Microsoft.Extensions.Logging.ILogger`1<TourManagement.Web.Pages.ErrorModel>)
FNDA:0,System.Void TourManagement.Web.Pages.ErrorModel::.ctor(Microsoft.Extensions.Logging.ILogger`1<TourManagement.Web.Pages.ErrorModel>)
DA:17,0
DA:18,0
DA:19,0
DA:20,0
LF:9
LH:0
BRF:4
BRH:0
FNF:4
FNH:0
end_of_record
SF:/modernize-data/studio-data/TNT1001/APP2643/transformed-code/773/studio-workspace/TourManagmen3/src/TourManagement.Web/Pages/Index.cshtml.cs
FN:14,System.Void TourManagement.Web.Pages.IndexModel::OnGet()
FNDA:0,System.Void TourManagement.Web.Pages.IndexModel::OnGet()
DA:15,0
DA:16,0
DA:17,0
FN:8,System.Void TourManagement.Web.Pages.IndexModel::.ctor(Microsoft.Extensions.Logging.ILogger`1<TourManagement.Web.Pages.IndexModel>)
FNDA:0,System.Void TourManagement.Web.Pages.IndexModel::.ctor(Microsoft.Extensions.Logging.ILogger`1<TourManagement.Web.Pages.IndexModel>)
DA:9,0
DA:10,0
DA:11,0
DA:12,0
LF:7
LH:0
BRF:0
BRH:0
FNF:2
FNH:0
end_of_record
SF:/modernize-data/studio-data/TNT1001/APP2643/transformed-code/773/studio-workspace/TourManagmen3/src/TourManagement.Web/Pages/Privacy.cshtml.cs
FN:14,System.Void TourManagement.Web.Pages.PrivacyModel::OnGet()
FNDA:0,System.Void TourManagement.Web.Pages.PrivacyModel::OnGet()
DA:15,0
DA:16,0
FN:8,System.Void TourManagement.Web.Pages.PrivacyModel::.ctor(Microsoft.Extensions.Logging.ILogger`1<TourManagement.Web.Pages.PrivacyModel>)
FNDA:0,System.Void TourManagement.Web.Pages.PrivacyModel::.ctor(Microsoft.Extensions.Logging.ILogger`1<TourManagement.Web.Pages.PrivacyModel>)
DA:9,0
DA:10,0
DA:11,0
DA:12,0
LF:6
LH:0
BRF:0
BRH:0
FNF:2
FNH:0
end_of_record
SF:/modernize-data/studio-data/TNT1001/APP2643/transformed-code/773/studio-workspace/TourManagmen3/src/TourManagement.Web/Pages/Error.cshtml
FN:3,System.Void TourManagement.Web.Pages.Pages_Error/<ExecuteAsync>d__0::MoveNext()
FNDA:0,System.Void TourManagement.Web.Pages.Pages_Error/<ExecuteAsync>d__0::MoveNext()
DA:4,0
DA:10,0
DA:11,0
DA:15,0
BRDA:10,70,0,0
BRDA:10,70,1,0
LF:4
LH:0
BRF:2
BRH:0
FNF:1
FNH:0
end_of_record
SF:/modernize-data/studio-data/TNT1001/APP2643/transformed-code/773/studio-workspace/TourManagmen3/src/TourManagement.Web/Pages/Index.cshtml
FN:3,System.Void TourManagement.Web.Pages.Pages_Index/<ExecuteAsync>d__11::MoveNext()
FNDA:0,System.Void TourManagement.Web.Pages.Pages_Index/<ExecuteAsync>d__11::MoveNext()
DA:4,0
BRDA:4,438,0,0
BRDA:4,438,1,0
BRDA:4,952,0,0
BRDA:4,952,1,0
BRDA:4,1466,0,0
BRDA:4,1466,1,0
LF:1
LH:0
BRF:6
BRH:0
FNF:1
FNH:0
end_of_record
SF:/modernize-data/studio-data/TNT1001/APP2643/transformed-code/773/studio-workspace/TourManagmen3/src/TourManagement.Web/Pages/Privacy.cshtml
FN:3,System.Void TourManagement.Web.Pages.Pages_Privacy/<ExecuteAsync>d__0::MoveNext()
FNDA:0,System.Void TourManagement.Web.Pages.Pages_Privacy/<ExecuteAsync>d__0::MoveNext()
DA:4,0
LF:1
LH:0
BRF:0
BRH:0
FNF:1
FNH:0
end_of_record
SF:/modernize-data/studio-data/TNT1001/APP2643/transformed-code/773/studio-workspace/TourManagmen3/src/TourManagement.Web/Pages/_ViewStart.cshtml
FN:1,System.Void TourManagement.Web.Pages.Pages__ViewStart/<ExecuteAsync>d__0::MoveNext()
FNDA:0,System.Void TourManagement.Web.Pages.Pages__ViewStart/<ExecuteAsync>d__0::MoveNext()
DA:2,0
LF:1
LH:0
BRF:0
BRH:0
FNF:1
FNH:0
end_of_record
SF:/modernize-data/studio-data/TNT1001/APP2643/transformed-code/773/studio-workspace/TourManagmen3/src/TourManagement.Web/Pages/Users/Delete.cshtml.cs
FN:18,TourManagement.Web.Pages.Users.DeleteModel/DeleteViewModel TourManagement.Web.Pages.Users.DeleteModel::get_User()
FNDA:0,TourManagement.Web.Pages.Users.DeleteModel/DeleteViewModel TourManagement.Web.Pages.Users.DeleteModel::get_User()
DA:19,0
FN:21,System.String TourManagement.Web.Pages.Users.DeleteModel::get_ErrorMessage()
FNDA:0,System.String TourManagement.Web.Pages.Users.DeleteModel::get_ErrorMessage()
DA:22,0
FN:24,System.String TourManagement.Web.Pages.Users.DeleteModel::get_SuccessMessage()
FNDA:0,System.String TourManagement.Web.Pages.Users.DeleteModel::get_SuccessMessage()
DA:25,0
FN:11,System.Void TourManagement.Web.Pages.Users.DeleteModel::.ctor(TourManagement.Application.Interfaces.IUserService,Microsoft.Extensions.Logging.ILogger`1<TourManagement.Web.Pages.Users.DeleteModel>)
FNDA:0,System.Void TourManagement.Web.Pages.Users.DeleteModel::.ctor(TourManagement.Application.Interfaces.IUserService,Microsoft.Extensions.Logging.ILogger`1<TourManagement.Web.Pages.Users.DeleteModel>)
DA:12,0
DA:13,0
DA:14,0
DA:15,0
DA:16,0
BRDA:14,11,0,0
BRDA:14,11,1,0
BRDA:15,33,0,0
BRDA:15,33,1,0
FN:127,System.Int32 TourManagement.Web.Pages.Users.DeleteModel/DeleteViewModel::get_Id()
FNDA:0,System.Int32 TourManagement.Web.Pages.Users.DeleteModel/DeleteViewModel::get_Id()
DA:128,0
FN:128,System.String TourManagement.Web.Pages.Users.DeleteModel/DeleteViewModel::get_Email()
FNDA:0,System.String TourManagement.Web.Pages.Users.DeleteModel/DeleteViewModel::get_Email()
DA:129,0
FN:129,System.String TourManagement.Web.Pages.Users.DeleteModel/DeleteViewModel::get_FirstName()
FNDA:0,System.String TourManagement.Web.Pages.Users.DeleteModel/DeleteViewModel::get_FirstName()
DA:130,0
FN:130,System.String TourManagement.Web.Pages.Users.DeleteModel/DeleteViewModel::get_LastName()
FNDA:0,System.String TourManagement.Web.Pages.Users.DeleteModel/DeleteViewModel::get_LastName()
DA:131,0
FN:131,System.String TourManagement.Web.Pages.Users.DeleteModel/DeleteViewModel::get_FullName()
FNDA:0,System.String TourManagement.Web.Pages.Users.DeleteModel/DeleteViewModel::get_FullName()
DA:132,0
FN:132,System.String TourManagement.Web.Pages.Users.DeleteModel/DeleteViewModel::get_Gender()
FNDA:0,System.String TourManagement.Web.Pages.Users.DeleteModel/DeleteViewModel::get_Gender()
DA:133,0
FN:133,System.DateTime TourManagement.Web.Pages.Users.DeleteModel/DeleteViewModel::get_DateOfBirth()
FNDA:0,System.DateTime TourManagement.Web.Pages.Users.DeleteModel/DeleteViewModel::get_DateOfBirth()
DA:134,0
FN:134,System.String TourManagement.Web.Pages.Users.DeleteModel/DeleteViewModel::get_Street()
FNDA:0,System.String TourManagement.Web.Pages.Users.DeleteModel/DeleteViewModel::get_Street()
DA:135,0
FN:135,System.String TourManagement.Web.Pages.Users.DeleteModel/DeleteViewModel::get_City()
FNDA:0,System.String TourManagement.Web.Pages.Users.DeleteModel/DeleteViewModel::get_City()
DA:136,0
FN:136,System.String TourManagement.Web.Pages.Users.DeleteModel/DeleteViewModel::get_State()
FNDA:0,System.String TourManagement.Web.Pages.Users.DeleteModel/DeleteViewModel::get_State()
DA:137,0
FN:137,System.String TourManagement.Web.Pages.Users.DeleteModel/DeleteViewModel::get_FullAddress()
FNDA:0,System.String TourManagement.Web.Pages.Users.DeleteModel/DeleteViewModel::get_FullAddress()
DA:138,0
FN:138,System.DateTime TourManagement.Web.Pages.Users.DeleteModel/DeleteViewModel::get_CreatedDate()
FNDA:0,System.DateTime TourManagement.Web.Pages.Users.DeleteModel/DeleteViewModel::get_CreatedDate()
DA:139,0
FN:139,System.Nullable`1<System.DateTime> TourManagement.Web.Pages.Users.DeleteModel/DeleteViewModel::get_ModifiedDate()
FNDA:0,System.Nullable`1<System.DateTime> TourManagement.Web.Pages.Users.DeleteModel/DeleteViewModel::get_ModifiedDate()
DA:140,0
FN:140,System.Boolean TourManagement.Web.Pages.Users.DeleteModel/DeleteViewModel::get_IsActive()
FNDA:0,System.Boolean TourManagement.Web.Pages.Users.DeleteModel/DeleteViewModel::get_IsActive()
DA:141,0
FN:27,System.Void TourManagement.Web.Pages.Users.DeleteModel/<OnGetAsync>d__15::MoveNext()
FNDA:0,System.Void TourManagement.Web.Pages.Users.DeleteModel/<OnGetAsync>d__15::MoveNext()
DA:28,0
DA:29,0
DA:30,0
DA:31,0
DA:32,0
DA:36,0
DA:37,0
DA:39,0
DA:40,0
DA:41,0
DA:42,0
DA:43,0
DA:47,0
DA:48,0
DA:49,0
DA:50,0
DA:51,0
DA:52,0
DA:53,0
DA:54,0
DA:55,0
DA:56,0
DA:57,0
DA:58,0
DA:59,0
DA:60,0
DA:61,0
DA:62,0
DA:63,0
DA:65,0
DA:66,0
DA:68,0
DA:69,0
DA:70,0
DA:71,0
DA:72,0
DA:74,0
BRDA:29,31,0,0
BRDA:29,31,1,0
BRDA:39,247,0,0
BRDA:39,247,1,0
FN:76,System.Void TourManagement.Web.Pages.Users.DeleteModel/<OnPostAsync>d__16::MoveNext()
FNDA:0,System.Void TourManagement.Web.Pages.Users.DeleteModel/<OnPostAsync>d__16::MoveNext()
DA:77,0
DA:78,0
DA:79,0
DA:80,0
DA:81,0
DA:85,0
DA:87,0
DA:88,0
DA:89,0
DA:90,0
DA:91,0
DA:92,0
DA:96,0
DA:97,0
DA:98,0
DA:99,0
DA:100,0
DA:101,0
DA:105,0
DA:107,0
DA:109,0
DA:110,0
DA:112,0
DA:113,0
DA:114,0
DA:115,0
DA:116,0
DA:118,0
DA:119,0
DA:120,0
DA:121,0
DA:122,0
DA:124,0
BRDA:78,59,0,0
BRDA:78,59,1,0
BRDA:78,88,0,0
BRDA:78,88,1,0
BRDA:88,253,0,0
BRDA:88,253,1,0
BRDA:97,644,0,0
BRDA:97,644,1,0
LF:92
LH:0
BRF:16
BRH:0
FNF:20
FNH:0
end_of_record
SF:/modernize-data/studio-data/TNT1001/APP2643/transformed-code/773/studio-workspace/TourManagmen3/src/TourManagement.Web/Pages/Users/Details.cshtml.cs
FN:18,TourManagement.Web.Pages.Users.DetailsModel/UserDetailsViewModel TourManagement.Web.Pages.Users.DetailsModel::get_User()
FNDA:0,TourManagement.Web.Pages.Users.DetailsModel/UserDetailsViewModel TourManagement.Web.Pages.Users.DetailsModel::get_User()
DA:19,0
FN:21,System.String TourManagement.Web.Pages.Users.DetailsModel::get_ErrorMessage()
FNDA:0,System.String TourManagement.Web.Pages.Users.DetailsModel::get_ErrorMessage()
DA:22,0
FN:74,System.Int32 TourManagement.Web.Pages.Users.DetailsModel::CalculateAge(System.DateTime)
FNDA:0,System.Int32 TourManagement.Web.Pages.Users.DetailsModel::CalculateAge(System.DateTime)
DA:75,0
DA:76,0
DA:77,0
DA:79,0
DA:80,0
DA:81,0
DA:82,0
DA:84,0
DA:85,0
BRDA:79,46,0,0
BRDA:79,46,1,0
FN:12,System.Void TourManagement.Web.Pages.Users.DetailsModel::.ctor(TourManagement.Application.Interfaces.IUserService,Microsoft.Extensions.Logging.ILogger`1<TourManagement.Web.Pages.Users.DetailsModel>)
FNDA:0,System.Void TourManagement.Web.Pages.Users.DetailsModel::.ctor(TourManagement.Application.Interfaces.IUserService,Microsoft.Extensions.Logging.ILogger`1<TourManagement.Web.Pages.Users.DetailsModel>)
DA:13,0
DA:14,0
DA:15,0
DA:16,0
DA:17,0
BRDA:15,11,0,0
BRDA:15,11,1,0
BRDA:16,33,0,0
BRDA:16,33,1,0
FN:88,System.Int32 TourManagement.Web.Pages.Users.DetailsModel/UserDetailsViewModel::get_Id()
FNDA:0,System.Int32 TourManagement.Web.Pages.Users.DetailsModel/UserDetailsViewModel::get_Id()
DA:89,0
FN:89,System.String TourManagement.Web.Pages.Users.DetailsModel/UserDetailsViewModel::get_Email()
FNDA:0,System.String TourManagement.Web.Pages.Users.DetailsModel/UserDetailsViewModel::get_Email()
DA:90,0
FN:90,System.String TourManagement.Web.Pages.Users.DetailsModel/UserDetailsViewModel::get_FirstName()
FNDA:0,System.String TourManagement.Web.Pages.Users.DetailsModel/UserDetailsViewModel::get_FirstName()
DA:91,0
FN:91,System.String TourManagement.Web.Pages.Users.DetailsModel/UserDetailsViewModel::get_LastName()
FNDA:0,System.String TourManagement.Web.Pages.Users.DetailsModel/UserDetailsViewModel::get_LastName()
DA:92,0
FN:92,System.String TourManagement.Web.Pages.Users.DetailsModel/UserDetailsViewModel::get_FullName()
FNDA:0,System.String TourManagement.Web.Pages.Users.DetailsModel/UserDetailsViewModel::get_FullName()
DA:93,0
FN:93,System.String TourManagement.Web.Pages.Users.DetailsModel/UserDetailsViewModel::get_Gender()
FNDA:0,System.String TourManagement.Web.Pages.Users.DetailsModel/UserDetailsViewModel::get_Gender()
DA:94,0
FN:94,System.DateTime TourManagement.Web.Pages.Users.DetailsModel/UserDetailsViewModel::get_DateOfBirth()
FNDA:0,System.DateTime TourManagement.Web.Pages.Users.DetailsModel/UserDetailsViewModel::get_DateOfBirth()
DA:95,0
FN:95,System.Int32 TourManagement.Web.Pages.Users.DetailsModel/UserDetailsViewModel::get_Age()
FNDA:0,System.Int32 TourManagement.Web.Pages.Users.DetailsModel/UserDetailsViewModel::get_Age()
DA:96,0
FN:96,System.String TourManagement.Web.Pages.Users.DetailsModel/UserDetailsViewModel::get_Street()
FNDA:0,System.String TourManagement.Web.Pages.Users.DetailsModel/UserDetailsViewModel::get_Street()
DA:97,0
FN:97,System.String TourManagement.Web.Pages.Users.DetailsModel/UserDetailsViewModel::get_City()
FNDA:0,System.String TourManagement.Web.Pages.Users.DetailsModel/UserDetailsViewModel::get_City()
DA:98,0
FN:98,System.String TourManagement.Web.Pages.Users.DetailsModel/UserDetailsViewModel::get_State()
FNDA:0,System.String TourManagement.Web.Pages.Users.DetailsModel/UserDetailsViewModel::get_State()
DA:99,0
FN:99,System.String TourManagement.Web.Pages.Users.DetailsModel/UserDetailsViewModel::get_FullAddress()
FNDA:0,System.String TourManagement.Web.Pages.Users.DetailsModel/UserDetailsViewModel::get_FullAddress()
DA:100,0
FN:100,System.DateTime TourManagement.Web.Pages.Users.DetailsModel/UserDetailsViewModel::get_CreatedDate()
FNDA:0,System.DateTime TourManagement.Web.Pages.Users.DetailsModel/UserDetailsViewModel::get_CreatedDate()
DA:101,0
FN:101,System.Nullable`1<System.DateTime> TourManagement.Web.Pages.Users.DetailsModel/UserDetailsViewModel::get_ModifiedDate()
FNDA:0,System.Nullable`1<System.DateTime> TourManagement.Web.Pages.Users.DetailsModel/UserDetailsViewModel::get_ModifiedDate()
DA:102,0
FN:102,System.Boolean TourManagement.Web.Pages.Users.DetailsModel/UserDetailsViewModel::get_IsActive()
FNDA:0,System.Boolean TourManagement.Web.Pages.Users.DetailsModel/UserDetailsViewModel::get_IsActive()
DA:103,0
FN:24,System.Void TourManagement.Web.Pages.Users.DetailsModel/<OnGetAsync>d__11::MoveNext()
FNDA:0,System.Void TourManagement.Web.Pages.Users.DetailsModel/<OnGetAsync>d__11::MoveNext()
DA:25,0
DA:26,0
DA:27,0
DA:28,0
DA:29,0
DA:33,0
DA:34,0
DA:36,0
DA:37,0
DA:38,0
DA:39,0
DA:40,0
DA:44,0
DA:45,0
DA:46,0
DA:47,0
DA:48,0
DA:49,0
DA:50,0
DA:51,0
DA:52,0
DA:53,0
DA:54,0
DA:55,0
DA:56,0
DA:57,0
DA:58,0
DA:59,0
DA:60,0
DA:61,0
DA:63,0
DA:64,0
DA:66,0
DA:67,0
DA:68,0
DA:69,0
DA:70,0
DA:72,0
BRDA:26,31,0,0
BRDA:26,31,1,0
BRDA:36,247,0,0
BRDA:36,247,1,0
LF:69
LH:0
BRF:10
BRH:0
FNF:20
FNH:0
end_of_record
SF:/modernize-data/studio-data/TNT1001/APP2643/transformed-code/773/studio-workspace/TourManagmen3/src/TourManagement.Web/Pages/Users/Edit.cshtml.cs
FN:20,TourManagement.Web.Pages.Users.EditModel/EditInputModel TourManagement.Web.Pages.Users.EditModel::get_EditInput()
FNDA:0,TourManagement.Web.Pages.Users.EditModel/EditInputModel TourManagement.Web.Pages.Users.EditModel::get_EditInput()
DA:21,0
FN:23,System.String TourManagement.Web.Pages.Users.EditModel::get_ErrorMessage()
FNDA:0,System.String TourManagement.Web.Pages.Users.EditModel::get_ErrorMessage()
DA:24,0
FN:26,System.String TourManagement.Web.Pages.Users.EditModel::get_SuccessMessage()
FNDA:0,System.String TourManagement.Web.Pages.Users.EditModel::get_SuccessMessage()
DA:27,0
FN:13,System.Void TourManagement.Web.Pages.Users.EditModel::.ctor(TourManagement.Application.Interfaces.IUserService,Microsoft.Extensions.Logging.ILogger`1<TourManagement.Web.Pages.Users.EditModel>)
FNDA:0,System.Void TourManagement.Web.Pages.Users.EditModel::.ctor(TourManagement.Application.Interfaces.IUserService,Microsoft.Extensions.Logging.ILogger`1<TourManagement.Web.Pages.Users.EditModel>)
DA:14,0
DA:15,0
DA:16,0
DA:17,0
DA:18,0
BRDA:16,11,0,0
BRDA:16,11,1,0
BRDA:17,33,0,0
BRDA:17,33,1,0
FN:141,System.Int32 TourManagement.Web.Pages.Users.EditModel/EditInputModel::get_Id()
FNDA:0,System.Int32 TourManagement.Web.Pages.Users.EditModel/EditInputModel::get_Id()
DA:142,0
FN:143,System.String TourManagement.Web.Pages.Users.EditModel/EditInputModel::get_Email()
FNDA:0,System.String TourManagement.Web.Pages.Users.EditModel/EditInputModel::get_Email()
DA:144,0
FN:148,System.String TourManagement.Web.Pages.Users.EditModel/EditInputModel::get_FirstName()
FNDA:0,System.String TourManagement.Web.Pages.Users.EditModel/EditInputModel::get_FirstName()
DA:149,0
FN:153,System.String TourManagement.Web.Pages.Users.EditModel/EditInputModel::get_LastName()
FNDA:0,System.String TourManagement.Web.Pages.Users.EditModel/EditInputModel::get_LastName()
DA:154,0
FN:157,System.String TourManagement.Web.Pages.Users.EditModel/EditInputModel::get_Gender()
FNDA:0,System.String TourManagement.Web.Pages.Users.EditModel/EditInputModel::get_Gender()
DA:158,0
FN:162,System.DateTime TourManagement.Web.Pages.Users.EditModel/EditInputModel::get_DateOfBirth()
FNDA:0,System.DateTime TourManagement.Web.Pages.Users.EditModel/EditInputModel::get_DateOfBirth()
DA:163,0
FN:167,System.String TourManagement.Web.Pages.Users.EditModel/EditInputModel::get_Street()
FNDA:0,System.String TourManagement.Web.Pages.Users.EditModel/EditInputModel::get_Street()
DA:168,0
FN:172,System.String TourManagement.Web.Pages.Users.EditModel/EditInputModel::get_City()
FNDA:0,System.String TourManagement.Web.Pages.Users.EditModel/EditInputModel::get_City()
DA:173,0
FN:177,System.String TourManagement.Web.Pages.Users.EditModel/EditInputModel::get_State()
FNDA:0,System.String TourManagement.Web.Pages.Users.EditModel/EditInputModel::get_State()
DA:178,0
FN:29,System.Void TourManagement.Web.Pages.Users.EditModel/<OnGetAsync>d__15::MoveNext()
FNDA:0,System.Void TourManagement.Web.Pages.Users.EditModel/<OnGetAsync>d__15::MoveNext()
DA:30,0
DA:31,0
DA:32,0
DA:33,0
DA:34,0
DA:38,0
DA:39,0
DA:41,0
DA:42,0
DA:43,0
DA:44,0
DA:45,0
DA:49,0
DA:50,0
DA:51,0
DA:52,0
DA:53,0
DA:54,0
DA:55,0
DA:56,0
DA:57,0
DA:58,0
DA:59,0
DA:60,0
DA:62,0
DA:63,0
DA:65,0
DA:66,0
DA:67,0
DA:68,0
DA:69,0
DA:71,0
BRDA:31,31,0,0
BRDA:31,31,1,0
BRDA:41,247,0,0
BRDA:41,247,1,0
FN:73,System.Void TourManagement.Web.Pages.Users.EditModel/<OnPostAsync>d__16::MoveNext()
FNDA:0,System.Void TourManagement.Web.Pages.Users.EditModel/<OnPostAsync>d__16::MoveNext()
DA:74,0
DA:75,0
DA:76,0
DA:77,0
DA:80,0
DA:81,0
DA:82,0
DA:83,0
DA:87,0
DA:89,0
DA:90,0
DA:91,0
DA:92,0
DA:93,0
DA:94,0
DA:98,0
DA:99,0
DA:100,0
DA:101,0
DA:102,0
DA:103,0
DA:104,0
DA:105,0
DA:106,0
DA:107,0
DA:110,0
DA:112,0
DA:115,0
DA:116,0
DA:117,0
DA:118,0
DA:119,0
DA:121,0
DA:122,0
DA:124,0
DA:125,0
DA:126,0
DA:127,0
DA:128,0
DA:129,0
DA:131,0
DA:132,0
DA:133,0
DA:134,0
DA:135,0
DA:136,0
DA:138,0
BRDA:75,37,0,0
BRDA:75,37,1,0
BRDA:80,73,0,0
BRDA:80,73,1,0
BRDA:90,303,0,0
BRDA:90,303,1,0
BRDA:116,844,0,0
BRDA:116,844,1,0
LF:96
LH:0
BRF:16
BRH:0
FNF:15
FNH:0
end_of_record
SF:/modernize-data/studio-data/TNT1001/APP2643/transformed-code/773/studio-workspace/TourManagmen3/src/TourManagement.Web/Pages/Users/Index.cshtml.cs
FN:18,System.Collections.Generic.List`1<TourManagement.Web.Pages.Users.IndexModel/UserViewModel> TourManagement.Web.Pages.Users.IndexModel::get_Users()
FNDA:0,System.Collections.Generic.List`1<TourManagement.Web.Pages.Users.IndexModel/UserViewModel> TourManagement.Web.Pages.Users.IndexModel::get_Users()
DA:19,0
FN:21,System.String TourManagement.Web.Pages.Users.IndexModel::get_ErrorMessage()
FNDA:0,System.String TourManagement.Web.Pages.Users.IndexModel::get_ErrorMessage()
DA:22,0
FN:24,System.String TourManagement.Web.Pages.Users.IndexModel::get_SuccessMessage()
FNDA:0,System.String TourManagement.Web.Pages.Users.IndexModel::get_SuccessMessage()
DA:25,0
FN:27,System.String TourManagement.Web.Pages.Users.IndexModel::get_SearchTerm()
FNDA:0,System.String TourManagement.Web.Pages.Users.IndexModel::get_SearchTerm()
DA:28,0
FN:12,System.Void TourManagement.Web.Pages.Users.IndexModel::.ctor(TourManagement.Application.Interfaces.IUserService,Microsoft.Extensions.Logging.ILogger`1<TourManagement.Web.Pages.Users.IndexModel>)
FNDA:0,System.Void TourManagement.Web.Pages.Users.IndexModel::.ctor(TourManagement.Application.Interfaces.IUserService,Microsoft.Extensions.Logging.ILogger`1<TourManagement.Web.Pages.Users.IndexModel>)
DA:13,0
DA:14,0
DA:15,0
DA:16,0
DA:17,0
BRDA:15,22,0,0
BRDA:15,22,1,0
BRDA:16,44,0,0
BRDA:16,44,1,0
FN:89,System.Int32 TourManagement.Web.Pages.Users.IndexModel/UserViewModel::get_Id()
FNDA:0,System.Int32 TourManagement.Web.Pages.Users.IndexModel/UserViewModel::get_Id()
DA:90,0
FN:90,System.String TourManagement.Web.Pages.Users.IndexModel/UserViewModel::get_Email()
FNDA:0,System.String TourManagement.Web.Pages.Users.IndexModel/UserViewModel::get_Email()
DA:91,0
FN:91,System.String TourManagement.Web.Pages.Users.IndexModel/UserViewModel::get_FirstName()
FNDA:0,System.String TourManagement.Web.Pages.Users.IndexModel/UserViewModel::get_FirstName()
DA:92,0
FN:92,System.String TourManagement.Web.Pages.Users.IndexModel/UserViewModel::get_LastName()
FNDA:0,System.String TourManagement.Web.Pages.Users.IndexModel/UserViewModel::get_LastName()
DA:93,0
FN:93,System.String TourManagement.Web.Pages.Users.IndexModel/UserViewModel::get_FullName()
FNDA:0,System.String TourManagement.Web.Pages.Users.IndexModel/UserViewModel::get_FullName()
DA:94,0
FN:94,System.String TourManagement.Web.Pages.Users.IndexModel/UserViewModel::get_Gender()
FNDA:0,System.String TourManagement.Web.Pages.Users.IndexModel/UserViewModel::get_Gender()
DA:95,0
FN:95,System.DateTime TourManagement.Web.Pages.Users.IndexModel/UserViewModel::get_DateOfBirth()
FNDA:0,System.DateTime TourManagement.Web.Pages.Users.IndexModel/UserViewModel::get_DateOfBirth()
DA:96,0
FN:96,System.String TourManagement.Web.Pages.Users.IndexModel/UserViewModel::get_Street()
FNDA:0,System.String TourManagement.Web.Pages.Users.IndexModel/UserViewModel::get_Street()
DA:97,0
FN:97,System.String TourManagement.Web.Pages.Users.IndexModel/UserViewModel::get_City()
FNDA:0,System.String TourManagement.Web.Pages.Users.IndexModel/UserViewModel::get_City()
DA:98,0
FN:98,System.String TourManagement.Web.Pages.Users.IndexModel/UserViewModel::get_State()
FNDA:0,System.String TourManagement.Web.Pages.Users.IndexModel/UserViewModel::get_State()
DA:99,0
FN:99,System.DateTime TourManagement.Web.Pages.Users.IndexModel/UserViewModel::get_CreatedDate()
FNDA:0,System.DateTime TourManagement.Web.Pages.Users.IndexModel/UserViewModel::get_CreatedDate()
DA:100,0
FN:100,System.Nullable`1<System.DateTime> TourManagement.Web.Pages.Users.IndexModel/UserViewModel::get_ModifiedDate()
FNDA:0,System.Nullable`1<System.DateTime> TourManagement.Web.Pages.Users.IndexModel/UserViewModel::get_ModifiedDate()
DA:101,0
FN:101,System.Boolean TourManagement.Web.Pages.Users.IndexModel/UserViewModel::get_IsActive()
FNDA:0,System.Boolean TourManagement.Web.Pages.Users.IndexModel/UserViewModel::get_IsActive()
DA:102,0
FN:60,TourManagement.Web.Pages.Users.IndexModel/UserViewModel TourManagement.Web.Pages.Users.IndexModel/<>c::<OnGetAsync>b__19_0(TourManagement.Application.DTOs.UserDto)
FNDA:0,TourManagement.Web.Pages.Users.IndexModel/UserViewModel TourManagement.Web.Pages.Users.IndexModel/<>c::<OnGetAsync>b__19_0(TourManagement.Application.DTOs.UserDto)
DA:61,0
DA:62,0
DA:63,0
DA:64,0
DA:65,0
DA:66,0
DA:67,0
DA:68,0
DA:69,0
DA:70,0
DA:71,0
DA:72,0
DA:73,0
DA:74,0
DA:75,0
DA:76,0
FN:30,System.Void TourManagement.Web.Pages.Users.IndexModel/<OnGetAsync>d__19::MoveNext()
FNDA:0,System.Void TourManagement.Web.Pages.Users.IndexModel/<OnGetAsync>d__19::MoveNext()
DA:31,0
DA:33,0
DA:34,0
DA:36,0
DA:37,0
DA:38,0
DA:39,0
DA:46,0
DA:49,0
DA:50,0
DA:51,0
DA:52,0
DA:53,0
DA:55,0
DA:56,0
DA:57,0
DA:58,0
DA:78,0
DA:80,0
DA:81,0
DA:82,0
DA:83,0
DA:84,0
DA:86,0
BRDA:36,99,0,0
BRDA:36,99,1,0
BRDA:49,192,0,0
BRDA:49,192,1,0
LF:62
LH:0
BRF:8
BRH:0
FNF:20
FNH:0
end_of_record
SF:/modernize-data/studio-data/TNT1001/APP2643/transformed-code/773/studio-workspace/TourManagmen3/src/TourManagement.Web/Pages/Users/Login.cshtml.cs
FN:19,TourManagement.Web.Pages.Users.LoginModel/LoginInputModel TourManagement.Web.Pages.Users.LoginModel::get_LoginInput()
FNDA:0,TourManagement.Web.Pages.Users.LoginModel/LoginInputModel TourManagement.Web.Pages.Users.LoginModel::get_LoginInput()
DA:20,0
FN:22,System.String TourManagement.Web.Pages.Users.LoginModel::get_ErrorMessage()
FNDA:0,System.String TourManagement.Web.Pages.Users.LoginModel::get_ErrorMessage()
DA:23,0
FN:25,System.String TourManagement.Web.Pages.Users.LoginModel::get_SuccessMessage()
FNDA:0,System.String TourManagement.Web.Pages.Users.LoginModel::get_SuccessMessage()
DA:26,0
FN:27,System.String TourManagement.Web.Pages.Users.LoginModel::get_ReturnUrl()
FNDA:0,System.String TourManagement.Web.Pages.Users.LoginModel::get_ReturnUrl()
DA:28,0
FN:30,System.Void TourManagement.Web.Pages.Users.LoginModel::OnGet(System.String)
FNDA:0,System.Void TourManagement.Web.Pages.Users.LoginModel::OnGet(System.String)
DA:31,0
DA:33,0
DA:34,0
DA:35,0
DA:36,0
DA:38,0
DA:39,0
BRDA:33,17,0,0
BRDA:33,17,1,0
FN:12,System.Void TourManagement.Web.Pages.Users.LoginModel::.ctor(TourManagement.Application.Interfaces.IUserService,Microsoft.Extensions.Logging.ILogger`1<TourManagement.Web.Pages.Users.LoginModel>)
FNDA:0,System.Void TourManagement.Web.Pages.Users.LoginModel::.ctor(TourManagement.Application.Interfaces.IUserService,Microsoft.Extensions.Logging.ILogger`1<TourManagement.Web.Pages.Users.LoginModel>)
DA:13,0
DA:14,0
DA:15,0
DA:16,0
DA:17,0
BRDA:15,22,0,0
BRDA:15,22,1,0
BRDA:16,44,0,0
BRDA:16,44,1,0
FN:99,System.String TourManagement.Web.Pages.Users.LoginModel/LoginInputModel::get_Email()
FNDA:0,System.String TourManagement.Web.Pages.Users.LoginModel/LoginInputModel::get_Email()
DA:100,0
FN:104,System.String TourManagement.Web.Pages.Users.LoginModel/LoginInputModel::get_Password()
FNDA:0,System.String TourManagement.Web.Pages.Users.LoginModel/LoginInputModel::get_Password()
DA:105,0
FN:107,System.Boolean TourManagement.Web.Pages.Users.LoginModel/LoginInputModel::get_RememberMe()
FNDA:0,System.Boolean TourManagement.Web.Pages.Users.LoginModel/LoginInputModel::get_RememberMe()
DA:108,0
FN:41,System.Void TourManagement.Web.Pages.Users.LoginModel/<OnPostAsync>d__20::MoveNext()
FNDA:0,System.Void TourManagement.Web.Pages.Users.LoginModel/<OnPostAsync>d__20::MoveNext()
DA:42,0
DA:43,0
DA:45,0
DA:46,0
DA:47,0
DA:51,0
DA:52,0
DA:54,0
DA:55,0
DA:56,0
DA:57,0
DA:58,0
DA:59,0
DA:62,0
DA:63,0
DA:64,0
DA:65,0
DA:66,0
DA:67,0
DA:71,0
DA:72,0
DA:73,0
DA:74,0
DA:76,0
DA:79,0
DA:80,0
DA:81,0
DA:84,0
DA:86,0
DA:87,0
DA:88,0
DA:89,0
DA:90,0
DA:91,0
DA:93,0
BRDA:45,54,0,0
BRDA:45,54,1,0
BRDA:54,269,0,0
BRDA:54,269,1,0
BRDA:62,398,0,0
BRDA:62,398,1,0
BRDA:79,729,0,0
BRDA:79,729,1,0
BRDA:79,760,0,0
BRDA:79,760,1,0
LF:54
LH:0
BRF:16
BRH:0
FNF:10
FNH:0
end_of_record
SF:/modernize-data/studio-data/TNT1001/APP2643/transformed-code/773/studio-workspace/TourManagmen3/src/TourManagement.Web/Pages/Users/Logout.cshtml.cs
FN:15,Microsoft.AspNetCore.Mvc.IActionResult TourManagement.Web.Pages.Users.LogoutModel::OnGet()
FNDA:0,Microsoft.AspNetCore.Mvc.IActionResult TourManagement.Web.Pages.Users.LogoutModel::OnGet()
DA:16,0
DA:18,0
DA:19,0
DA:22,0
DA:24,0
DA:26,0
DA:27,0
FN:29,Microsoft.AspNetCore.Mvc.IActionResult TourManagement.Web.Pages.Users.LogoutModel::OnPost()
FNDA:0,Microsoft.AspNetCore.Mvc.IActionResult TourManagement.Web.Pages.Users.LogoutModel::OnPost()
DA:30,0
DA:31,0
DA:32,0
FN:9,System.Void TourManagement.Web.Pages.Users.LogoutModel::.ctor(Microsoft.Extensions.Logging.ILogger`1<TourManagement.Web.Pages.Users.LogoutModel>)
FNDA:0,System.Void TourManagement.Web.Pages.Users.LogoutModel::.ctor(Microsoft.Extensions.Logging.ILogger`1<TourManagement.Web.Pages.Users.LogoutModel>)
DA:10,0
DA:11,0
DA:12,0
DA:13,0
BRDA:12,11,0,0
BRDA:12,11,1,0
LF:14
LH:0
BRF:2
BRH:0
FNF:3
FNH:0
end_of_record
SF:/modernize-data/studio-data/TNT1001/APP2643/transformed-code/773/studio-workspace/TourManagmen3/src/TourManagement.Web/Pages/Users/Register.cshtml.cs
FN:20,TourManagement.Web.Pages.Users.RegisterModel/RegisterInputModel TourManagement.Web.Pages.Users.RegisterModel::get_RegisterInput()
FNDA:0,TourManagement.Web.Pages.Users.RegisterModel/RegisterInputModel TourManagement.Web.Pages.Users.RegisterModel::get_RegisterInput()
DA:21,0
FN:23,System.String TourManagement.Web.Pages.Users.RegisterModel::get_ErrorMessage()
FNDA:0,System.String TourManagement.Web.Pages.Users.RegisterModel::get_ErrorMessage()
DA:24,0
FN:26,System.String TourManagement.Web.Pages.Users.RegisterModel::get_SuccessMessage()
FNDA:0,System.String TourManagement.Web.Pages.Users.RegisterModel::get_SuccessMessage()
DA:27,0
FN:29,System.Void TourManagement.Web.Pages.Users.RegisterModel::OnGet()
FNDA:0,System.Void TourManagement.Web.Pages.Users.RegisterModel::OnGet()
DA:30,0
DA:32,0
FN:13,System.Void TourManagement.Web.Pages.Users.RegisterModel::.ctor(TourManagement.Application.Interfaces.IUserService,Microsoft.Extensions.Logging.ILogger`1<TourManagement.Web.Pages.Users.RegisterModel>)
FNDA:0,System.Void TourManagement.Web.Pages.Users.RegisterModel::.ctor(TourManagement.Application.Interfaces.IUserService,Microsoft.Extensions.Logging.ILogger`1<TourManagement.Web.Pages.Users.RegisterModel>)
DA:14,0
DA:15,0
DA:16,0
DA:17,0
DA:18,0
BRDA:16,22,0,0
BRDA:16,22,1,0
BRDA:17,44,0,0
BRDA:17,44,1,0
FN:95,System.String TourManagement.Web.Pages.Users.RegisterModel/RegisterInputModel::get_FirstName()
FNDA:0,System.String TourManagement.Web.Pages.Users.RegisterModel/RegisterInputModel::get_FirstName()
DA:96,0
FN:100,System.String TourManagement.Web.Pages.Users.RegisterModel/RegisterInputModel::get_LastName()
FNDA:0,System.String TourManagement.Web.Pages.Users.RegisterModel/RegisterInputModel::get_LastName()
DA:101,0
FN:105,System.String TourManagement.Web.Pages.Users.RegisterModel/RegisterInputModel::get_Email()
FNDA:0,System.String TourManagement.Web.Pages.Users.RegisterModel/RegisterInputModel::get_Email()
DA:106,0
FN:111,System.String TourManagement.Web.Pages.Users.RegisterModel/RegisterInputModel::get_Password()
FNDA:0,System.String TourManagement.Web.Pages.Users.RegisterModel/RegisterInputModel::get_Password()
DA:112,0
FN:117,System.String TourManagement.Web.Pages.Users.RegisterModel/RegisterInputModel::get_ConfirmPassword()
FNDA:0,System.String TourManagement.Web.Pages.Users.RegisterModel/RegisterInputModel::get_ConfirmPassword()
DA:118,0
FN:121,System.String TourManagement.Web.Pages.Users.RegisterModel/RegisterInputModel::get_Gender()
FNDA:0,System.String TourManagement.Web.Pages.Users.RegisterModel/RegisterInputModel::get_Gender()
DA:122,0
FN:126,System.DateTime TourManagement.Web.Pages.Users.RegisterModel/RegisterInputModel::get_DateOfBirth()
FNDA:0,System.DateTime TourManagement.Web.Pages.Users.RegisterModel/RegisterInputModel::get_DateOfBirth()
DA:127,0
FN:131,System.String TourManagement.Web.Pages.Users.RegisterModel/RegisterInputModel::get_Street()
FNDA:0,System.String TourManagement.Web.Pages.Users.RegisterModel/RegisterInputModel::get_Street()
DA:132,0
FN:136,System.String TourManagement.Web.Pages.Users.RegisterModel/RegisterInputModel::get_City()
FNDA:0,System.String TourManagement.Web.Pages.Users.RegisterModel/RegisterInputModel::get_City()
DA:137,0
FN:141,System.String TourManagement.Web.Pages.Users.RegisterModel/RegisterInputModel::get_State()
FNDA:0,System.String TourManagement.Web.Pages.Users.RegisterModel/RegisterInputModel::get_State()
DA:142,0
FN:34,System.Void TourManagement.Web.Pages.Users.RegisterModel/<OnPostAsync>d__16::MoveNext()
FNDA:0,System.Void TourManagement.Web.Pages.Users.RegisterModel/<OnPostAsync>d__16::MoveNext()
DA:35,0
DA:36,0
DA:37,0
DA:38,0
DA:42,0
DA:44,0
DA:45,0
DA:46,0
DA:47,0
DA:48,0
DA:49,0
DA:53,0
DA:54,0
DA:55,0
DA:56,0
DA:57,0
DA:58,0
DA:59,0
DA:60,0
DA:61,0
DA:62,0
DA:63,0
DA:64,0
DA:67,0
DA:69,0
DA:72,0
DA:73,0
DA:75,0
DA:76,0
DA:77,0
DA:78,0
DA:79,0
DA:80,0
DA:82,0
DA:83,0
DA:84,0
DA:85,0
DA:86,0
DA:87,0
DA:89,0
BRDA:36,37,0,0
BRDA:36,37,1,0
BRDA:45,247,0,0
BRDA:45,247,1,0
LF:60
LH:0
BRF:8
BRH:0
FNF:16
FNH:0
end_of_record
SF:/modernize-data/studio-data/TNT1001/APP2643/transformed-code/773/studio-workspace/TourManagmen3/src/TourManagement.Web/Pages/Users/Delete.cshtml
FN:3,System.Void TourManagement.Web.Pages.Users.Pages_Users_Delete/<ExecuteAsync>d__18::MoveNext()
FNDA:0,System.Void TourManagement.Web.Pages.Users.Pages_Users_Delete/<ExecuteAsync>d__18::MoveNext()
DA:4,0
DA:20,0
DA:21,0
DA:26,0
DA:28,0
DA:29,0
DA:82,0
DA:83,0
DA:85,0
DA:87,0
DA:89,0
DA:106,0
DA:107,0
DA:112,0
DA:136,0
DA:138,0
DA:145,0
BRDA:4,434,0,0
BRDA:4,434,1,0
BRDA:4,926,0,0
BRDA:4,926,1,0
BRDA:20,1139,0,0
BRDA:20,1139,1,0
BRDA:28,1245,0,0
BRDA:82,1579,0,0
BRDA:82,1579,1,0
BRDA:106,1786,0,0
BRDA:106,1786,1,0
BRDA:112,2254,0,0
BRDA:112,2254,1,0
BRDA:28,1245,1,0
BRDA:138,2792,0,0
BRDA:138,2792,1,0
LF:17
LH:0
BRF:16
BRH:0
FNF:1
FNH:0
end_of_record
SF:/modernize-data/studio-data/TNT1001/APP2643/transformed-code/773/studio-workspace/TourManagmen3/src/TourManagement.Web/Pages/Users/Details.cshtml
FN:3,System.Void TourManagement.Web.Pages.Users.Pages_Users_Details/<ExecuteAsync>d__15::MoveNext()
FNDA:0,System.Void TourManagement.Web.Pages.Users.Pages_Users_Details/<ExecuteAsync>d__15::MoveNext()
DA:4,0
DA:21,0
DA:22,0
DA:27,0
DA:29,0
DA:30,0
DA:46,0
DA:47,0
DA:49,0
DA:51,0
DA:53,0
DA:153,0
DA:154,0
DA:160,0
DA:165,0
DA:167,0
DA:174,0
BRDA:4,470,0,0
BRDA:4,470,1,0
BRDA:4,962,0,0
BRDA:4,962,1,0
BRDA:21,1175,0,0
BRDA:21,1175,1,0
BRDA:29,1281,0,0
BRDA:46,1384,0,0
BRDA:46,1384,1,0
BRDA:53,2144,0,0
BRDA:53,2144,1,0
BRDA:53,2508,0,0
BRDA:53,2508,1,0
BRDA:53,2875,0,0
BRDA:53,2875,1,0
BRDA:53,3239,0,0
BRDA:53,3239,1,0
BRDA:53,3753,0,0
BRDA:53,3753,1,0
BRDA:153,4101,0,0
BRDA:153,4101,1,0
BRDA:29,1281,1,0
BRDA:167,4642,0,0
BRDA:167,4642,1,0
LF:17
LH:0
BRF:24
BRH:0
FNF:1
FNH:0
end_of_record
SF:/modernize-data/studio-data/TNT1001/APP2643/transformed-code/773/studio-workspace/TourManagmen3/src/TourManagement.Web/Pages/Users/Edit.cshtml
FN:3,System.Void TourManagement.Web.Pages.Users.Pages_Users_Edit/<ExecuteAsync>d__31::MoveNext()
FNDA:0,System.Void TourManagement.Web.Pages.Users.Pages_Users_Edit/<ExecuteAsync>d__31::MoveNext()
DA:4,0
DA:22,0
DA:23,0
DA:28,0
DA:30,0
DA:31,0
DA:121,0
BRDA:4,416,0,0
BRDA:4,416,1,0
BRDA:4,908,0,0
BRDA:4,908,1,0
BRDA:22,1121,0,0
BRDA:22,1121,1,0
BRDA:30,1227,0,0
BRDA:31,1607,0,0
BRDA:31,1607,1,0
BRDA:30,1227,1,0
LF:7
LH:0
BRF:10
BRH:0
FNF:1
FNH:0
end_of_record
SF:/modernize-data/studio-data/TNT1001/APP2643/transformed-code/773/studio-workspace/TourManagmen3/src/TourManagement.Web/Pages/Users/Index.cshtml
FN:35,System.Void TourManagement.Web.Pages.Users.Pages_Users_Index/<<ExecuteAsync>b__24_0>d::MoveNext()
FNDA:0,System.Void TourManagement.Web.Pages.Users.Pages_Users_Index/<<ExecuteAsync>b__24_0>d::MoveNext()
DA:36,0
DA:37,0
DA:39,0
BRDA:36,185,0,0
BRDA:37,534,0,0
BRDA:37,534,1,0
BRDA:36,185,1,0
FN:3,System.Void TourManagement.Web.Pages.Users.Pages_Users_Index/<ExecuteAsync>d__24::MoveNext()
FNDA:0,System.Void TourManagement.Web.Pages.Users.Pages_Users_Index/<ExecuteAsync>d__24::MoveNext()
DA:4,0
DA:15,0
DA:16,0
DA:21,0
DA:23,0
DA:24,0
DA:29,0
DA:49,0
DA:50,0
DA:69,0
DA:70,0
DA:79,0
DA:80,0
DA:82,0
DA:84,0
DA:86,0
DA:103,0
DA:114,0
DA:116,0
DA:120,0
DA:121,0
DA:123,0
DA:125,0
DA:127,0
DA:130,0
BRDA:15,151,0,0
BRDA:15,151,1,0
BRDA:23,260,0,0
BRDA:23,260,1,0
BRDA:29,720,0,0
BRDA:29,720,1,0
BRDA:29,1236,0,0
BRDA:29,1236,1,0
BRDA:49,1438,0,0
BRDA:49,1438,1,0
BRDA:49,1468,0,0
BRDA:69,4252,1,0
BRDA:79,1884,0,0
BRDA:79,1884,1,0
BRDA:86,2179,0,0
BRDA:86,2179,1,0
BRDA:86,2556,0,0
BRDA:86,2556,1,0
BRDA:86,2924,0,0
BRDA:86,2924,1,0
BRDA:86,3301,0,0
BRDA:86,3301,1,0
BRDA:86,3669,0,0
BRDA:86,3669,1,0
BRDA:86,4046,0,0
BRDA:86,4046,1,0
BRDA:69,4252,0,0
BRDA:49,1468,1,0
BRDA:120,4415,0,0
BRDA:120,4415,1,0
LF:28
LH:0
BRF:34
BRH:0
FNF:2
FNH:0
end_of_record
SF:/modernize-data/studio-data/TNT1001/APP2643/transformed-code/773/studio-workspace/TourManagmen3/src/TourManagement.Web/Pages/Users/Login.cshtml
FN:3,System.Void TourManagement.Web.Pages.Users.Pages_Users_Login/<ExecuteAsync>d__24::MoveNext()
FNDA:0,System.Void TourManagement.Web.Pages.Users.Pages_Users_Login/<ExecuteAsync>d__24::MoveNext()
DA:4,0
DA:14,0
DA:15,0
DA:20,0
DA:22,0
DA:23,0
DA:28,0
BRDA:14,122,0,0
BRDA:14,122,1,0
BRDA:22,231,0,0
BRDA:22,231,1,0
BRDA:28,669,0,0
BRDA:28,669,1,0
BRDA:28,1185,0,0
BRDA:28,1185,1,0
LF:7
LH:0
BRF:8
BRH:0
FNF:1
FNH:0
end_of_record
SF:/modernize-data/studio-data/TNT1001/APP2643/transformed-code/773/studio-workspace/TourManagmen3/src/TourManagement.Web/Pages/Users/Logout.cshtml
FN:3,System.Void TourManagement.Web.Pages.Users.Pages_Users_Logout/<ExecuteAsync>d__11::MoveNext()
FNDA:0,System.Void TourManagement.Web.Pages.Users.Pages_Users_Logout/<ExecuteAsync>d__11::MoveNext()
DA:4,0
BRDA:4,420,0,0
BRDA:4,420,1,0
BRDA:4,934,0,0
BRDA:4,934,1,0
LF:1
LH:0
BRF:4
BRH:0
FNF:1
FNH:0
end_of_record
SF:/modernize-data/studio-data/TNT1001/APP2643/transformed-code/773/studio-workspace/TourManagmen3/src/TourManagement.Web/Pages/Users/Register.cshtml
FN:3,System.Void TourManagement.Web.Pages.Users.Pages_Users_Register/<ExecuteAsync>d__36::MoveNext()
FNDA:0,System.Void TourManagement.Web.Pages.Users.Pages_Users_Register/<ExecuteAsync>d__36::MoveNext()
DA:4,0
DA:14,0
DA:15,0
DA:20,0
BRDA:14,99,0,0
BRDA:14,99,1,0
BRDA:20,536,0,0
BRDA:20,536,1,0
LF:4
LH:0
BRF:4
BRH:0
FNF:1
FNH:0
end_of_record
SF:/modernize-data/studio-data/TNT1001/APP2643/transformed-code/773/studio-workspace/TourManagmen3/src/TourManagement.Web/Pages/Tours/Create.cshtml.cs
FN:25,TourManagement.Web.Pages.Tours.CreateModel/TourInputModel TourManagement.Web.Pages.Tours.CreateModel::get_Input()
FNDA:0,TourManagement.Web.Pages.Tours.CreateModel/TourInputModel TourManagement.Web.Pages.Tours.CreateModel::get_Input()
DA:26,0
FN:28,System.Void TourManagement.Web.Pages.Tours.CreateModel::OnGet()
FNDA:0,System.Void TourManagement.Web.Pages.Tours.CreateModel::OnGet()
DA:29,0
DA:31,0
DA:32,0
DA:33,0
DA:34,0
DA:35,0
FN:14,System.Void TourManagement.Web.Pages.Tours.CreateModel::.ctor(TourManagement.Application.Interfaces.ITourService,Microsoft.AspNetCore.Hosting.IWebHostEnvironment,Microsoft.Extensions.Logging.ILogger`1<TourManagement.Web.Pages.Tours.CreateModel>)
FNDA:0,System.Void TourManagement.Web.Pages.Tours.CreateModel::.ctor(TourManagement.Application.Interfaces.ITourService,Microsoft.AspNetCore.Hosting.IWebHostEnvironment,Microsoft.Extensions.Logging.ILogger`1<TourManagement.Web.Pages.Tours.CreateModel>)
DA:15,0
DA:16,0
DA:17,0
DA:18,0
DA:19,0
DA:20,0
DA:21,0
DA:22,0
DA:23,0
FN:131,System.String TourManagement.Web.Pages.Tours.CreateModel/TourInputModel::get_TourName()
FNDA:0,System.String TourManagement.Web.Pages.Tours.CreateModel/TourInputModel::get_TourName()
DA:132,0
FN:135,System.String TourManagement.Web.Pages.Tours.CreateModel/TourInputModel::get_Place()
FNDA:0,System.String TourManagement.Web.Pages.Tours.CreateModel/TourInputModel::get_Place()
DA:136,0
FN:139,System.Int32 TourManagement.Web.Pages.Tours.CreateModel/TourInputModel::get_Days()
FNDA:0,System.Int32 TourManagement.Web.Pages.Tours.CreateModel/TourInputModel::get_Days()
DA:140,0
FN:144,System.Decimal TourManagement.Web.Pages.Tours.CreateModel/TourInputModel::get_Price()
FNDA:0,System.Decimal TourManagement.Web.Pages.Tours.CreateModel/TourInputModel::get_Price()
DA:145,0
FN:148,System.String TourManagement.Web.Pages.Tours.CreateModel/TourInputModel::get_Locations()
FNDA:0,System.String TourManagement.Web.Pages.Tours.CreateModel/TourInputModel::get_Locations()
DA:149,0
FN:152,System.String TourManagement.Web.Pages.Tours.CreateModel/TourInputModel::get_TourInfo()
FNDA:0,System.String TourManagement.Web.Pages.Tours.CreateModel/TourInputModel::get_TourInfo()
DA:153,0
FN:154,Microsoft.AspNetCore.Http.IFormFile TourManagement.Web.Pages.Tours.CreateModel/TourInputModel::get_ImageFile()
FNDA:0,Microsoft.AspNetCore.Http.IFormFile TourManagement.Web.Pages.Tours.CreateModel/TourInputModel::get_ImageFile()
DA:155,0
FN:156,System.Boolean TourManagement.Web.Pages.Tours.CreateModel/TourInputModel::get_IsActive()
FNDA:0,System.Boolean TourManagement.Web.Pages.Tours.CreateModel/TourInputModel::get_IsActive()
DA:157,0
FN:37,System.Void TourManagement.Web.Pages.Tours.CreateModel/<OnPostAsync>d__9::MoveNext()
FNDA:0,System.Void TourManagement.Web.Pages.Tours.CreateModel/<OnPostAsync>d__9::MoveNext()
DA:38,0
DA:39,0
DA:40,0
DA:41,0
DA:45,0
DA:46,0
DA:49,0
DA:50,0
DA:51,0
DA:52,0
DA:55,0
DA:56,0
DA:57,0
DA:58,0
DA:59,0
DA:60,0
DA:61,0
DA:62,0
DA:63,0
DA:64,0
DA:66,0
DA:68,0
DA:69,0
DA:71,0
DA:73,0
DA:74,0
DA:75,0
DA:76,0
DA:77,0
DA:79,0
BRDA:39,37,0,0
BRDA:39,37,1,0
BRDA:49,105,0,0
BRDA:49,105,1,0
FN:81,System.Void TourManagement.Web.Pages.Tours.CreateModel/<SaveImageFileAsync>d__10::MoveNext()
FNDA:0,System.Void TourManagement.Web.Pages.Tours.CreateModel/<SaveImageFileAsync>d__10::MoveNext()
DA:82,0
DA:84,0
DA:86,0
DA:87,0
DA:88,0
DA:92,0
DA:93,0
DA:95,0
DA:96,0
DA:97,0
DA:101,0
DA:102,0
DA:105,0
DA:106,0
DA:107,0
DA:108,0
DA:110,0
DA:113,0
DA:114,0
DA:115,0
DA:116,0
DA:118,0
DA:119,0
DA:121,0
DA:122,0
DA:123,0
DA:124,0
DA:126,0
BRDA:86,48,0,0
BRDA:86,48,1,0
BRDA:95,155,0,0
BRDA:95,155,1,0
BRDA:105,273,0,0
BRDA:105,273,1,0
LF:82
LH:0
BRF:10
BRH:0
FNF:13
FNH:0
end_of_record
SF:/modernize-data/studio-data/TNT1001/APP2643/transformed-code/773/studio-workspace/TourManagmen3/src/TourManagement.Web/Pages/Tours/Delete.cshtml.cs
FN:23,TourManagement.Web.Pages.Tours.DeleteModel/TourDeleteViewModel TourManagement.Web.Pages.Tours.DeleteModel::get_Tour()
FNDA:0,TourManagement.Web.Pages.Tours.DeleteModel/TourDeleteViewModel TourManagement.Web.Pages.Tours.DeleteModel::get_Tour()
DA:24,0
FN:104,System.Void TourManagement.Web.Pages.Tours.DeleteModel::DeleteImageFile(System.String)
FNDA:0,System.Void TourManagement.Web.Pages.Tours.DeleteModel::DeleteImageFile(System.String)
DA:105,0
DA:107,0
DA:108,0
DA:110,0
DA:111,0
DA:112,0
DA:113,0
DA:114,0
DA:116,0
DA:117,0
DA:118,0
DA:119,0
DA:120,0
DA:121,0
DA:122,0
DA:125,0
DA:126,0
BRDA:110,38,0,0
BRDA:110,38,1,0
FN:13,System.Void TourManagement.Web.Pages.Tours.DeleteModel::.ctor(TourManagement.Application.Interfaces.ITourService,Microsoft.AspNetCore.Hosting.IWebHostEnvironment,Microsoft.Extensions.Logging.ILogger`1<TourManagement.Web.Pages.Tours.DeleteModel>)
FNDA:0,System.Void TourManagement.Web.Pages.Tours.DeleteModel::.ctor(TourManagement.Application.Interfaces.ITourService,Microsoft.AspNetCore.Hosting.IWebHostEnvironment,Microsoft.Extensions.Logging.ILogger`1<TourManagement.Web.Pages.Tours.DeleteModel>)
DA:14,0
DA:15,0
DA:16,0
DA:17,0
DA:18,0
DA:19,0
DA:20,0
DA:21,0
DA:22,0
FN:129,System.Int32 TourManagement.Web.Pages.Tours.DeleteModel/TourDeleteViewModel::get_Id()
FNDA:0,System.Int32 TourManagement.Web.Pages.Tours.DeleteModel/TourDeleteViewModel::get_Id()
DA:130,0
FN:130,System.String TourManagement.Web.Pages.Tours.DeleteModel/TourDeleteViewModel::get_TourName()
FNDA:0,System.String TourManagement.Web.Pages.Tours.DeleteModel/TourDeleteViewModel::get_TourName()
DA:131,0
FN:131,System.String TourManagement.Web.Pages.Tours.DeleteModel/TourDeleteViewModel::get_Place()
FNDA:0,System.String TourManagement.Web.Pages.Tours.DeleteModel/TourDeleteViewModel::get_Place()
DA:132,0
FN:132,System.Int32 TourManagement.Web.Pages.Tours.DeleteModel/TourDeleteViewModel::get_Days()
FNDA:0,System.Int32 TourManagement.Web.Pages.Tours.DeleteModel/TourDeleteViewModel::get_Days()
DA:133,0
FN:133,System.Decimal TourManagement.Web.Pages.Tours.DeleteModel/TourDeleteViewModel::get_Price()
FNDA:0,System.Decimal TourManagement.Web.Pages.Tours.DeleteModel/TourDeleteViewModel::get_Price()
DA:134,0
FN:134,System.String TourManagement.Web.Pages.Tours.DeleteModel/TourDeleteViewModel::get_Locations()
FNDA:0,System.String TourManagement.Web.Pages.Tours.DeleteModel/TourDeleteViewModel::get_Locations()
DA:135,0
FN:135,System.String TourManagement.Web.Pages.Tours.DeleteModel/TourDeleteViewModel::get_TourInfo()
FNDA:0,System.String TourManagement.Web.Pages.Tours.DeleteModel/TourDeleteViewModel::get_TourInfo()
DA:136,0
FN:136,System.String TourManagement.Web.Pages.Tours.DeleteModel/TourDeleteViewModel::get_PictureFileName()
FNDA:0,System.String TourManagement.Web.Pages.Tours.DeleteModel/TourDeleteViewModel::get_PictureFileName()
DA:137,0
FN:137,System.DateTime TourManagement.Web.Pages.Tours.DeleteModel/TourDeleteViewModel::get_CreatedDate()
FNDA:0,System.DateTime TourManagement.Web.Pages.Tours.DeleteModel/TourDeleteViewModel::get_CreatedDate()
DA:138,0
FN:138,System.Nullable`1<System.DateTime> TourManagement.Web.Pages.Tours.DeleteModel/TourDeleteViewModel::get_ModifiedDate()
FNDA:0,System.Nullable`1<System.DateTime> TourManagement.Web.Pages.Tours.DeleteModel/TourDeleteViewModel::get_ModifiedDate()
DA:139,0
FN:139,System.Boolean TourManagement.Web.Pages.Tours.DeleteModel/TourDeleteViewModel::get_IsActive()
FNDA:0,System.Boolean TourManagement.Web.Pages.Tours.DeleteModel/TourDeleteViewModel::get_IsActive()
DA:140,0
FN:26,System.Void TourManagement.Web.Pages.Tours.DeleteModel/<OnGetAsync>d__8::MoveNext()
FNDA:0,System.Void TourManagement.Web.Pages.Tours.DeleteModel/<OnGetAsync>d__8::MoveNext()
DA:27,0
DA:29,0
DA:30,0
DA:32,0
DA:33,0
DA:34,0
DA:35,0
DA:36,0
DA:40,0
DA:41,0
DA:42,0
DA:43,0
DA:44,0
DA:45,0
DA:46,0
DA:47,0
DA:48,0
DA:49,0
DA:50,0
DA:51,0
DA:52,0
DA:53,0
DA:55,0
DA:57,0
DA:58,0
DA:59,0
DA:60,0
DA:61,0
DA:63,0
BRDA:32,183,0,0
BRDA:32,183,1,0
FN:65,System.Void TourManagement.Web.Pages.Tours.DeleteModel/<OnPostAsync>d__9::MoveNext()
FNDA:0,System.Void TourManagement.Web.Pages.Tours.DeleteModel/<OnPostAsync>d__9::MoveNext()
DA:66,0
DA:68,0
DA:69,0
DA:71,0
DA:72,0
DA:73,0
DA:74,0
DA:75,0
DA:79,0
DA:80,0
DA:83,0
DA:86,0
DA:87,0
DA:88,0
DA:89,0
DA:91,0
DA:92,0
DA:94,0
DA:96,0
DA:97,0
DA:98,0
DA:99,0
DA:100,0
DA:102,0
BRDA:71,195,0,0
BRDA:71,195,1,0
BRDA:86,521,0,0
BRDA:86,521,1,0
LF:91
LH:0
BRF:8
BRH:0
FNF:16
FNH:0
end_of_record
SF:/modernize-data/studio-data/TNT1001/APP2643/transformed-code/773/studio-workspace/TourManagmen3/src/TourManagement.Web/Pages/Tours/Details.cshtml.cs
FN:18,TourManagement.Web.Pages.Tours.DetailsModel/TourDetailViewModel TourManagement.Web.Pages.Tours.DetailsModel::get_Tour()
FNDA:0,TourManagement.Web.Pages.Tours.DetailsModel/TourDetailViewModel TourManagement.Web.Pages.Tours.DetailsModel::get_Tour()
DA:19,0
FN:12,System.Void TourManagement.Web.Pages.Tours.DetailsModel::.ctor(TourManagement.Application.Interfaces.ITourService,Microsoft.Extensions.Logging.ILogger`1<TourManagement.Web.Pages.Tours.DetailsModel>)
FNDA:0,System.Void TourManagement.Web.Pages.Tours.DetailsModel::.ctor(TourManagement.Application.Interfaces.ITourService,Microsoft.Extensions.Logging.ILogger`1<TourManagement.Web.Pages.Tours.DetailsModel>)
DA:13,0
DA:14,0
DA:15,0
DA:16,0
DA:17,0
FN:61,System.Int32 TourManagement.Web.Pages.Tours.DetailsModel/TourDetailViewModel::get_Id()
FNDA:0,System.Int32 TourManagement.Web.Pages.Tours.DetailsModel/TourDetailViewModel::get_Id()
DA:62,0
FN:62,System.String TourManagement.Web.Pages.Tours.DetailsModel/TourDetailViewModel::get_TourName()
FNDA:0,System.String TourManagement.Web.Pages.Tours.DetailsModel/TourDetailViewModel::get_TourName()
DA:63,0
FN:63,System.String TourManagement.Web.Pages.Tours.DetailsModel/TourDetailViewModel::get_Place()
FNDA:0,System.String TourManagement.Web.Pages.Tours.DetailsModel/TourDetailViewModel::get_Place()
DA:64,0
FN:64,System.Int32 TourManagement.Web.Pages.Tours.DetailsModel/TourDetailViewModel::get_Days()
FNDA:0,System.Int32 TourManagement.Web.Pages.Tours.DetailsModel/TourDetailViewModel::get_Days()
DA:65,0
FN:65,System.Decimal TourManagement.Web.Pages.Tours.DetailsModel/TourDetailViewModel::get_Price()
FNDA:0,System.Decimal TourManagement.Web.Pages.Tours.DetailsModel/TourDetailViewModel::get_Price()
DA:66,0
FN:66,System.String TourManagement.Web.Pages.Tours.DetailsModel/TourDetailViewModel::get_Locations()
FNDA:0,System.String TourManagement.Web.Pages.Tours.DetailsModel/TourDetailViewModel::get_Locations()
DA:67,0
FN:67,System.String TourManagement.Web.Pages.Tours.DetailsModel/TourDetailViewModel::get_TourInfo()
FNDA:0,System.String TourManagement.Web.Pages.Tours.DetailsModel/TourDetailViewModel::get_TourInfo()
DA:68,0
FN:68,System.String TourManagement.Web.Pages.Tours.DetailsModel/TourDetailViewModel::get_PictureFileName()
FNDA:0,System.String TourManagement.Web.Pages.Tours.DetailsModel/TourDetailViewModel::get_PictureFileName()
DA:69,0
FN:69,System.DateTime TourManagement.Web.Pages.Tours.DetailsModel/TourDetailViewModel::get_CreatedDate()
FNDA:0,System.DateTime TourManagement.Web.Pages.Tours.DetailsModel/TourDetailViewModel::get_CreatedDate()
DA:70,0
FN:70,System.Nullable`1<System.DateTime> TourManagement.Web.Pages.Tours.DetailsModel/TourDetailViewModel::get_ModifiedDate()
FNDA:0,System.Nullable`1<System.DateTime> TourManagement.Web.Pages.Tours.DetailsModel/TourDetailViewModel::get_ModifiedDate()
DA:71,0
FN:71,System.Boolean TourManagement.Web.Pages.Tours.DetailsModel/TourDetailViewModel::get_IsActive()
FNDA:0,System.Boolean TourManagement.Web.Pages.Tours.DetailsModel/TourDetailViewModel::get_IsActive()
DA:72,0
FN:21,System.Void TourManagement.Web.Pages.Tours.DetailsModel/<OnGetAsync>d__7::MoveNext()
FNDA:0,System.Void TourManagement.Web.Pages.Tours.DetailsModel/<OnGetAsync>d__7::MoveNext()
DA:22,0
DA:24,0
DA:25,0
DA:27,0
DA:28,0
DA:29,0
DA:30,0
DA:31,0
DA:35,0
DA:36,0
DA:37,0
DA:38,0
DA:39,0
DA:40,0
DA:41,0
DA:42,0
DA:43,0
DA:44,0
DA:45,0
DA:46,0
DA:47,0
DA:48,0
DA:50,0
DA:52,0
DA:53,0
DA:54,0
DA:55,0
DA:56,0
DA:58,0
BRDA:27,183,0,0
BRDA:27,183,1,0
LF:46
LH:0
BRF:2
BRH:0
FNF:14
FNH:0
end_of_record
SF:/modernize-data/studio-data/TNT1001/APP2643/transformed-code/773/studio-workspace/TourManagmen3/src/TourManagement.Web/Pages/Tours/Edit.cshtml.cs
FN:25,TourManagement.Web.Pages.Tours.EditModel/TourEditInputModel TourManagement.Web.Pages.Tours.EditModel::get_Input()
FNDA:0,TourManagement.Web.Pages.Tours.EditModel/TourEditInputModel TourManagement.Web.Pages.Tours.EditModel::get_Input()
DA:26,0
FN:179,System.Void TourManagement.Web.Pages.Tours.EditModel::DeleteImageFile(System.String)
FNDA:0,System.Void TourManagement.Web.Pages.Tours.EditModel::DeleteImageFile(System.String)
DA:180,0
DA:182,0
DA:183,0
DA:185,0
DA:186,0
DA:187,0
DA:188,0
DA:189,0
DA:190,0
DA:191,0
DA:192,0
DA:193,0
DA:195,0
DA:196,0
BRDA:185,38,0,0
BRDA:185,38,1,0
FN:14,System.Void TourManagement.Web.Pages.Tours.EditModel::.ctor(TourManagement.Application.Interfaces.ITourService,Microsoft.AspNetCore.Hosting.IWebHostEnvironment,Microsoft.Extensions.Logging.ILogger`1<TourManagement.Web.Pages.Tours.EditModel>)
FNDA:0,System.Void TourManagement.Web.Pages.Tours.EditModel::.ctor(TourManagement.Application.Interfaces.ITourService,Microsoft.AspNetCore.Hosting.IWebHostEnvironment,Microsoft.Extensions.Logging.ILogger`1<TourManagement.Web.Pages.Tours.EditModel>)
DA:15,0
DA:16,0
DA:17,0
DA:18,0
DA:19,0
DA:20,0
DA:21,0
DA:22,0
DA:23,0
FN:199,System.Int32 TourManagement.Web.Pages.Tours.EditModel/TourEditInputModel::get_Id()
FNDA:0,System.Int32 TourManagement.Web.Pages.Tours.EditModel/TourEditInputModel::get_Id()
DA:200,0
FN:203,System.String TourManagement.Web.Pages.Tours.EditModel/TourEditInputModel::get_TourName()
FNDA:0,System.String TourManagement.Web.Pages.Tours.EditModel/TourEditInputModel::get_TourName()
DA:204,0
FN:207,System.String TourManagement.Web.Pages.Tours.EditModel/TourEditInputModel::get_Place()
FNDA:0,System.String TourManagement.Web.Pages.Tours.EditModel/TourEditInputModel::get_Place()
DA:208,0
FN:211,System.Int32 TourManagement.Web.Pages.Tours.EditModel/TourEditInputModel::get_Days()
FNDA:0,System.Int32 TourManagement.Web.Pages.Tours.EditModel/TourEditInputModel::get_Days()
DA:212,0
FN:216,System.Decimal TourManagement.Web.Pages.Tours.EditModel/TourEditInputModel::get_Price()
FNDA:0,System.Decimal TourManagement.Web.Pages.Tours.EditModel/TourEditInputModel::get_Price()
DA:217,0
FN:220,System.String TourManagement.Web.Pages.Tours.EditModel/TourEditInputModel::get_Locations()
FNDA:0,System.String TourManagement.Web.Pages.Tours.EditModel/TourEditInputModel::get_Locations()
DA:221,0
FN:224,System.String TourManagement.Web.Pages.Tours.EditModel/TourEditInputModel::get_TourInfo()
FNDA:0,System.String TourManagement.Web.Pages.Tours.EditModel/TourEditInputModel::get_TourInfo()
DA:225,0
FN:226,System.String TourManagement.Web.Pages.Tours.EditModel/TourEditInputModel::get_CurrentPictureFileName()
FNDA:0,System.String TourManagement.Web.Pages.Tours.EditModel/TourEditInputModel::get_CurrentPictureFileName()
DA:227,0
FN:228,Microsoft.AspNetCore.Http.IFormFile TourManagement.Web.Pages.Tours.EditModel/TourEditInputModel::get_ImageFile()
FNDA:0,Microsoft.AspNetCore.Http.IFormFile TourManagement.Web.Pages.Tours.EditModel/TourEditInputModel::get_ImageFile()
DA:229,0
FN:230,System.Boolean TourManagement.Web.Pages.Tours.EditModel/TourEditInputModel::get_DeleteExistingImage()
FNDA:0,System.Boolean TourManagement.Web.Pages.Tours.EditModel/TourEditInputModel::get_DeleteExistingImage()
DA:231,0
FN:232,System.Boolean TourManagement.Web.Pages.Tours.EditModel/TourEditInputModel::get_IsActive()
FNDA:0,System.Boolean TourManagement.Web.Pages.Tours.EditModel/TourEditInputModel::get_IsActive()
DA:233,0
FN:28,System.Void TourManagement.Web.Pages.Tours.EditModel/<OnGetAsync>d__8::MoveNext()
FNDA:0,System.Void TourManagement.Web.Pages.Tours.EditModel/<OnGetAsync>d__8::MoveNext()
DA:29,0
DA:31,0
DA:32,0
DA:34,0
DA:35,0
DA:36,0
DA:37,0
DA:38,0
DA:42,0
DA:43,0
DA:44,0
DA:45,0
DA:46,0
DA:47,0
DA:48,0
DA:49,0
DA:50,0
DA:51,0
DA:52,0
DA:53,0
DA:55,0
DA:57,0
DA:58,0
DA:59,0
DA:60,0
DA:61,0
DA:63,0
BRDA:34,183,0,0
BRDA:34,183,1,0
FN:65,System.Void TourManagement.Web.Pages.Tours.EditModel/<OnPostAsync>d__9::MoveNext()
FNDA:0,System.Void TourManagement.Web.Pages.Tours.EditModel/<OnPostAsync>d__9::MoveNext()
DA:66,0
DA:67,0
DA:68,0
DA:69,0
DA:73,0
DA:74,0
DA:76,0
DA:77,0
DA:78,0
DA:79,0
DA:80,0
DA:83,0
DA:86,0
DA:87,0
DA:89,0
DA:90,0
DA:91,0
DA:93,0
DA:94,0
DA:96,0
DA:97,0
DA:98,0
DA:99,0
DA:102,0
DA:103,0
DA:106,0
DA:107,0
DA:108,0
DA:109,0
DA:110,0
DA:111,0
DA:112,0
DA:113,0
DA:114,0
DA:115,0
DA:117,0
DA:119,0
DA:120,0
DA:122,0
DA:124,0
DA:125,0
DA:126,0
DA:127,0
DA:128,0
DA:130,0
BRDA:67,37,0,0
BRDA:67,37,1,0
BRDA:76,261,0,0
BRDA:76,261,1,0
BRDA:86,468,0,0
BRDA:86,468,1,0
BRDA:86,501,0,0
BRDA:86,501,1,0
BRDA:93,563,0,0
BRDA:96,597,0,0
BRDA:96,597,1,0
BRDA:93,563,1,0
FN:132,System.Void TourManagement.Web.Pages.Tours.EditModel/<SaveImageFileAsync>d__10::MoveNext()
FNDA:0,System.Void TourManagement.Web.Pages.Tours.EditModel/<SaveImageFileAsync>d__10::MoveNext()
DA:133,0
DA:135,0
DA:137,0
DA:138,0
DA:139,0
DA:143,0
DA:144,0
DA:146,0
DA:147,0
DA:148,0
DA:152,0
DA:153,0
DA:156,0
DA:157,0
DA:158,0
DA:159,0
DA:161,0
DA:164,0
DA:165,0
DA:166,0
DA:167,0
DA:169,0
DA:170,0
DA:172,0
DA:173,0
DA:174,0
DA:175,0
DA:177,0
BRDA:137,48,0,0
BRDA:137,48,1,0
BRDA:146,155,0,0
BRDA:146,155,1,0
BRDA:156,273,0,0
BRDA:156,273,1,0
LF:135
LH:0
BRF:22
BRH:0
FNF:17
FNH:0
end_of_record
SF:/modernize-data/studio-data/TNT1001/APP2643/transformed-code/773/studio-workspace/TourManagmen3/src/TourManagement.Web/Pages/Tours/Index.cshtml.cs
FN:18,System.Collections.Generic.IEnumerable`1<TourManagement.Web.Pages.Tours.IndexModel/TourViewModel> TourManagement.Web.Pages.Tours.IndexModel::get_Tours()
FNDA:0,System.Collections.Generic.IEnumerable`1<TourManagement.Web.Pages.Tours.IndexModel/TourViewModel> TourManagement.Web.Pages.Tours.IndexModel::get_Tours()
DA:19,0
FN:21,System.String TourManagement.Web.Pages.Tours.IndexModel::get_SearchTerm()
FNDA:0,System.String TourManagement.Web.Pages.Tours.IndexModel::get_SearchTerm()
DA:22,0
FN:12,System.Void TourManagement.Web.Pages.Tours.IndexModel::.ctor(TourManagement.Application.Interfaces.ITourService,Microsoft.Extensions.Logging.ILogger`1<TourManagement.Web.Pages.Tours.IndexModel>)
FNDA:0,System.Void TourManagement.Web.Pages.Tours.IndexModel::.ctor(TourManagement.Application.Interfaces.ITourService,Microsoft.Extensions.Logging.ILogger`1<TourManagement.Web.Pages.Tours.IndexModel>)
DA:13,0
DA:14,0
DA:15,0
DA:16,0
DA:17,0
FN:67,System.Int32 TourManagement.Web.Pages.Tours.IndexModel/TourViewModel::get_Id()
FNDA:0,System.Int32 TourManagement.Web.Pages.Tours.IndexModel/TourViewModel::get_Id()
DA:68,0
FN:68,System.String TourManagement.Web.Pages.Tours.IndexModel/TourViewModel::get_TourName()
FNDA:0,System.String TourManagement.Web.Pages.Tours.IndexModel/TourViewModel::get_TourName()
DA:69,0
FN:69,System.String TourManagement.Web.Pages.Tours.IndexModel/TourViewModel::get_Place()
FNDA:0,System.String TourManagement.Web.Pages.Tours.IndexModel/TourViewModel::get_Place()
DA:70,0
FN:70,System.Int32 TourManagement.Web.Pages.Tours.IndexModel/TourViewModel::get_Days()
FNDA:0,System.Int32 TourManagement.Web.Pages.Tours.IndexModel/TourViewModel::get_Days()
DA:71,0
FN:71,System.Decimal TourManagement.Web.Pages.Tours.IndexModel/TourViewModel::get_Price()
FNDA:0,System.Decimal TourManagement.Web.Pages.Tours.IndexModel/TourViewModel::get_Price()
DA:72,0
FN:72,System.String TourManagement.Web.Pages.Tours.IndexModel/TourViewModel::get_Locations()
FNDA:0,System.String TourManagement.Web.Pages.Tours.IndexModel/TourViewModel::get_Locations()
DA:73,0
FN:73,System.String TourManagement.Web.Pages.Tours.IndexModel/TourViewModel::get_TourInfo()
FNDA:0,System.String TourManagement.Web.Pages.Tours.IndexModel/TourViewModel::get_TourInfo()
DA:74,0
FN:74,System.String TourManagement.Web.Pages.Tours.IndexModel/TourViewModel::get_PictureFileName()
FNDA:0,System.String TourManagement.Web.Pages.Tours.IndexModel/TourViewModel::get_PictureFileName()
DA:75,0
FN:75,System.DateTime TourManagement.Web.Pages.Tours.IndexModel/TourViewModel::get_CreatedDate()
FNDA:0,System.DateTime TourManagement.Web.Pages.Tours.IndexModel/TourViewModel::get_CreatedDate()
DA:76,0
FN:76,System.Nullable`1<System.DateTime> TourManagement.Web.Pages.Tours.IndexModel/TourViewModel::get_ModifiedDate()
FNDA:0,System.Nullable`1<System.DateTime> TourManagement.Web.Pages.Tours.IndexModel/TourViewModel::get_ModifiedDate()
DA:77,0
FN:77,System.Boolean TourManagement.Web.Pages.Tours.IndexModel/TourViewModel::get_IsActive()
FNDA:0,System.Boolean TourManagement.Web.Pages.Tours.IndexModel/TourViewModel::get_IsActive()
DA:78,0
FN:39,TourManagement.Web.Pages.Tours.IndexModel/TourViewModel TourManagement.Web.Pages.Tours.IndexModel/<>c::<OnGetAsync>b__11_0(TourManagement.Application.DTOs.TourDto)
FNDA:0,TourManagement.Web.Pages.Tours.IndexModel/TourViewModel TourManagement.Web.Pages.Tours.IndexModel/<>c::<OnGetAsync>b__11_0(TourManagement.Application.DTOs.TourDto)
DA:40,0
DA:41,0
DA:42,0
DA:43,0
DA:44,0
DA:45,0
DA:46,0
DA:47,0
DA:48,0
DA:49,0
DA:50,0
DA:51,0
DA:52,0
DA:53,0
FN:24,System.Void TourManagement.Web.Pages.Tours.IndexModel/<OnGetAsync>d__11::MoveNext()
FNDA:0,System.Void TourManagement.Web.Pages.Tours.IndexModel/<OnGetAsync>d__11::MoveNext()
DA:25,0
DA:27,0
DA:30,0
DA:31,0
DA:32,0
DA:33,0
DA:35,0
DA:36,0
DA:37,0
DA:55,0
DA:57,0
DA:58,0
DA:59,0
DA:60,0
DA:61,0
DA:62,0
DA:64,0
BRDA:30,57,0,0
BRDA:30,57,1,0
LF:49
LH:0
BRF:2
BRH:0
FNF:16
FNH:0
end_of_record
SF:/modernize-data/studio-data/TNT1001/APP2643/transformed-code/773/studio-workspace/TourManagmen3/src/TourManagement.Web/Pages/Tours/Create.cshtml
FN:22,System.Void TourManagement.Web.Pages.Tours.Pages_Tours_Create/<<ExecuteAsync>b__38_0>d::MoveNext()
FNDA:0,System.Void TourManagement.Web.Pages.Tours.Pages_Tours_Create/<<ExecuteAsync>b__38_0>d::MoveNext()
DA:23,0
DA:24,0
DA:29,0
BRDA:23,504,0,0
BRDA:23,504,1,0
BRDA:29,1025,0,0
BRDA:29,1025,1,0
BRDA:29,1683,0,0
BRDA:29,1683,1,0
BRDA:29,2319,0,0
BRDA:29,2319,1,0
BRDA:29,2941,0,0
BRDA:29,2941,1,0
BRDA:29,3599,0,0
BRDA:29,3599,1,0
BRDA:29,4237,0,0
BRDA:29,4237,1,0
BRDA:29,4861,0,0
BRDA:29,4861,1,0
BRDA:29,5521,0,0
BRDA:29,5521,1,0
BRDA:29,6159,0,0
BRDA:29,6159,1,0
BRDA:29,6783,0,0
BRDA:29,6783,1,0
BRDA:29,7519,0,0
BRDA:29,7519,1,0
BRDA:29,8157,0,0
BRDA:29,8157,1,0
BRDA:29,8781,0,0
BRDA:29,8781,1,0
BRDA:29,9539,0,0
BRDA:29,9539,1,0
BRDA:29,10177,0,0
BRDA:29,10177,1,0
BRDA:29,10801,0,0
BRDA:29,10801,1,0
BRDA:29,11483,0,0
BRDA:29,11483,1,0
BRDA:29,12121,0,0
BRDA:29,12121,1,0
BRDA:29,12745,0,0
BRDA:29,12745,1,0
BRDA:29,13459,0,0
BRDA:29,13459,1,0
BRDA:29,14097,0,0
BRDA:29,14097,1,0
BRDA:29,14873,0,0
BRDA:29,14873,1,0
BRDA:29,15497,0,0
BRDA:29,15497,1,0
BRDA:29,16015,0,0
BRDA:29,16015,1,0
FN:3,System.Void TourManagement.Web.Pages.Tours.Pages_Tours_Create/<ExecuteAsync>d__38::MoveNext()
FNDA:0,System.Void TourManagement.Web.Pages.Tours.Pages_Tours_Create/<ExecuteAsync>d__38::MoveNext()
DA:4,0
BRDA:4,447,0,0
BRDA:4,447,1,0
LF:4
LH:0
BRF:52
BRH:0
FNF:2
FNH:0
end_of_record
SF:/modernize-data/studio-data/TNT1001/APP2643/transformed-code/773/studio-workspace/TourManagmen3/src/TourManagement.Web/Pages/Tours/Delete.cshtml
FN:3,System.Void TourManagement.Web.Pages.Tours.Pages_Tours_Delete/<ExecuteAsync>d__20::MoveNext()
FNDA:0,System.Void TourManagement.Web.Pages.Tours.Pages_Tours_Delete/<ExecuteAsync>d__20::MoveNext()
DA:4,0
DA:20,0
DA:21,0
DA:26,0
DA:28,0
DA:29,0
DA:52,0
DA:53,0
DA:60,0
DA:80,0
DA:81,0
DA:83,0
DA:85,0
DA:87,0
DA:105,0
DA:106,0
DA:109,0
DA:151,0
DA:153,0
DA:160,0
BRDA:4,452,0,0
BRDA:4,452,1,0
BRDA:4,944,0,0
BRDA:4,944,1,0
BRDA:20,1167,0,0
BRDA:20,1167,1,0
BRDA:28,1278,0,0
BRDA:52,1351,0,0
BRDA:53,1928,0,0
BRDA:53,1928,1,0
BRDA:52,1351,1,0
BRDA:60,2211,0,0
BRDA:60,2211,1,0
BRDA:80,2567,0,0
BRDA:80,2567,1,0
BRDA:105,2824,0,0
BRDA:105,2824,1,0
BRDA:109,3314,0,0
BRDA:109,3314,1,0
BRDA:28,1278,1,0
BRDA:153,3852,0,0
BRDA:153,3852,1,0
LF:20
LH:0
BRF:22
BRH:0
FNF:1
FNH:0
end_of_record
SF:/modernize-data/studio-data/TNT1001/APP2643/transformed-code/773/studio-workspace/TourManagmen3/src/TourManagement.Web/Pages/Tours/Details.cshtml
FN:3,System.Void TourManagement.Web.Pages.Tours.Pages_Tours_Details/<ExecuteAsync>d__21::MoveNext()
FNDA:0,System.Void TourManagement.Web.Pages.Tours.Pages_Tours_Details/<ExecuteAsync>d__21::MoveNext()
DA:4,0
DA:20,0
DA:21,0
DA:26,0
DA:28,0
DA:29,0
DA:33,0
DA:34,0
DA:39,0
DA:41,0
DA:46,0
DA:50,0
DA:51,0
DA:53,0
DA:55,0
DA:57,0
DA:95,0
DA:96,0
DA:98,0
DA:106,0
DA:107,0
DA:109,0
DA:170,0
DA:171,0
DA:173,0
DA:175,0
DA:177,0
DA:186,0
DA:188,0
DA:195,0
BRDA:4,524,0,0
BRDA:4,524,1,0
BRDA:4,1016,0,0
BRDA:4,1016,1,0
BRDA:20,1239,0,0
BRDA:20,1239,1,0
BRDA:28,1350,0,0
BRDA:33,1406,0,0
BRDA:34,1983,0,0
BRDA:34,1983,1,0
BRDA:33,1406,1,0
BRDA:50,2282,0,0
BRDA:50,2282,1,0
BRDA:95,2718,1,0
BRDA:95,2718,0,0
BRDA:106,2842,0,0
BRDA:106,2842,1,0
BRDA:109,3135,0,0
BRDA:109,3135,1,0
BRDA:109,3499,0,0
BRDA:109,3499,1,0
BRDA:109,3866,0,0
BRDA:109,3866,1,0
BRDA:109,4230,0,0
BRDA:109,4230,1,0
BRDA:109,4598,0,0
BRDA:109,4598,1,0
BRDA:109,4963,0,0
BRDA:109,4963,1,0
BRDA:109,5331,0,0
BRDA:109,5331,1,0
BRDA:109,5696,0,0
BRDA:109,5696,1,0
BRDA:109,6212,0,0
BRDA:109,6212,1,0
BRDA:170,6647,0,0
BRDA:170,6647,1,0
BRDA:28,1350,1,0
BRDA:188,7060,0,0
BRDA:188,7060,1,0
LF:30
LH:0
BRF:40
BRH:0
FNF:1
FNH:0
end_of_record
SF:/modernize-data/studio-data/TNT1001/APP2643/transformed-code/773/studio-workspace/TourManagmen3/src/TourManagement.Web/Pages/Tours/Edit.cshtml
FN:32,System.Void TourManagement.Web.Pages.Tours.Pages_Tours_Edit/<<ExecuteAsync>b__46_2>d::MoveNext()
[...]
FNDA:0,System.Void TourManagement.Application.Services.TourService/<GetAllAsync>d__4::MoveNext()
DA:30,0
DA:32,0
DA:33,0
DA:34,0
DA:35,0
DA:37,0
DA:38,0
DA:39,0
DA:40,0
DA:42,0
FN:44,System.Void TourManagement.Application.Services.TourService/<GetByIdAsync>d__5::MoveNext()
FNDA:0,System.Void TourManagement.Application.Services.TourService/<GetByIdAsync>d__5::MoveNext()
DA:45,0
DA:47,0
DA:48,0
DA:49,0
DA:50,0
DA:52,0
DA:53,0
DA:54,0
DA:55,0
DA:57,0
BRDA:50,214,0,0
BRDA:50,214,1,0
FN:138,System.Void TourManagement.Application.Services.TourService/<GetByPlaceAsync>d__10::MoveNext()
FNDA:0,System.Void TourManagement.Application.Services.TourService/<GetByPlaceAsync>d__10::MoveNext()
DA:139,0
DA:141,0
DA:142,0
DA:143,0
DA:144,0
DA:146,0
DA:147,0
DA:148,0
DA:149,0
DA:151,0
FN:123,System.Void TourManagement.Application.Services.TourService/<SearchAsync>d__9::MoveNext()
FNDA:0,System.Void TourManagement.Application.Services.TourService/<SearchAsync>d__9::MoveNext()
DA:124,0
DA:126,0
DA:127,0
DA:128,0
DA:129,0
DA:131,0
DA:132,0
DA:133,0
DA:134,0
DA:136,0
FN:78,System.Void TourManagement.Application.Services.TourService/<UpdateAsync>d__7::MoveNext()
FNDA:0,System.Void TourManagement.Application.Services.TourService/<UpdateAsync>d__7::MoveNext()
DA:79,0
DA:81,0
DA:82,0
DA:84,0
DA:85,0
DA:86,0
DA:87,0
DA:90,0
DA:91,0
DA:93,0
DA:94,0
DA:95,0
DA:96,0
DA:97,0
DA:98,0
DA:100,0
BRDA:85,234,0,0
BRDA:85,234,1,0
LF:91
LH:0
BRF:12
BRH:0
FNF:8
FNH:0
end_of_record
SF:/modernize-data/studio-data/TNT1001/APP2643/transformed-code/773/studio-workspace/TourManagmen3/src/TourManagement.Application/Services/UserService.cs
FN:18,System.Void TourManagement.Application.Services.UserService::.ctor(TourManagement.Domain.Interfaces.Repositories.IUserRepository,AutoMapper.IMapper,Microsoft.Extensions.Logging.ILogger`1<TourManagement.Application.Services.UserService>)
FNDA:0,System.Void TourManagement.Application.Services.UserService::.ctor(TourManagement.Domain.Interfaces.Repositories.IUserRepository,AutoMapper.IMapper,Microsoft.Extensions.Logging.ILogger`1<TourManagement.Application.Services.UserService>)
DA:19,0
DA:20,0
DA:21,0
DA:22,0
DA:23,0
DA:24,0
DA:25,0
DA:26,0
DA:27,0
BRDA:24,11,0,0
BRDA:24,11,1,0
BRDA:25,33,0,0
BRDA:25,33,1,0
BRDA:26,55,0,0
BRDA:26,55,1,0
FN:163,System.Void TourManagement.Application.Services.UserService/<AuthenticateAsync>d__11::MoveNext()
FNDA:0,System.Void TourManagement.Application.Services.UserService/<AuthenticateAsync>d__11::MoveNext()
DA:164,0
DA:166,0
DA:167,0
DA:169,0
DA:170,0
DA:171,0
DA:172,0
DA:173,0
DA:177,0
DA:178,0
DA:179,0
DA:180,0
DA:183,0
DA:184,0
DA:186,0
DA:187,0
DA:188,0
DA:189,0
DA:191,0
BRDA:170,216,0,0
BRDA:170,216,1,0
BRDA:177,294,0,0
BRDA:177,294,1,0
FN:74,System.Void TourManagement.Application.Services.UserService/<CreateAsync>d__7::MoveNext()
FNDA:0,System.Void TourManagement.Application.Services.UserService/<CreateAsync>d__7::MoveNext()
DA:75,0
DA:77,0
DA:78,0
DA:81,0
DA:82,0
DA:83,0
DA:86,0
DA:89,0
DA:91,0
DA:92,0
DA:94,0
DA:96,0
DA:97,0
DA:98,0
DA:99,0
DA:101,0
BRDA:81,218,0,0
BRDA:81,218,1,0
FN:127,System.Void TourManagement.Application.Services.UserService/<DeleteAsync>d__9::MoveNext()
FNDA:0,System.Void TourManagement.Application.Services.UserService/<DeleteAsync>d__9::MoveNext()
DA:128,0
DA:130,0
DA:131,0
DA:133,0
DA:134,0
DA:135,0
DA:138,0
DA:139,0
DA:140,0
DA:141,0
DA:142,0
DA:143,0
DA:144,0
DA:146,0
BRDA:133,215,0,0
BRDA:133,215,1,0
FN:29,System.Void TourManagement.Application.Services.UserService/<GetAllAsync>d__4::MoveNext()
FNDA:0,System.Void TourManagement.Application.Services.UserService/<GetAllAsync>d__4::MoveNext()
DA:30,0
DA:32,0
DA:33,0
DA:34,0
DA:35,0
DA:37,0
DA:38,0
DA:39,0
DA:40,0
DA:42,0
FN:59,System.Void TourManagement.Application.Services.UserService/<GetByEmailAsync>d__6::MoveNext()
FNDA:0,System.Void TourManagement.Application.Services.UserService/<GetByEmailAsync>d__6::MoveNext()
DA:60,0
DA:62,0
DA:63,0
DA:64,0
DA:65,0
DA:67,0
DA:68,0
DA:69,0
DA:70,0
DA:72,0
BRDA:65,209,0,0
BRDA:65,209,1,0
FN:44,System.Void TourManagement.Application.Services.UserService/<GetByIdAsync>d__5::MoveNext()
FNDA:0,System.Void TourManagement.Application.Services.UserService/<GetByIdAsync>d__5::MoveNext()
DA:45,0
DA:47,0
DA:48,0
DA:49,0
DA:50,0
DA:52,0
DA:53,0
DA:54,0
DA:55,0
DA:57,0
BRDA:50,214,0,0
BRDA:50,214,1,0
FN:148,System.Void TourManagement.Application.Services.UserService/<SearchAsync>d__10::MoveNext()
FNDA:0,System.Void TourManagement.Application.Services.UserService/<SearchAsync>d__10::MoveNext()
DA:149,0
DA:151,0
DA:152,0
DA:153,0
DA:154,0
DA:156,0
DA:157,0
DA:158,0
DA:159,0
DA:161,0
FN:103,System.Void TourManagement.Application.Services.UserService/<UpdateAsync>d__8::MoveNext()
FNDA:0,System.Void TourManagement.Application.Services.UserService/<UpdateAsync>d__8::MoveNext()
DA:104,0
DA:106,0
DA:107,0
DA:109,0
DA:110,0
DA:111,0
DA:112,0
DA:115,0
DA:116,0
DA:118,0
DA:119,0
DA:120,0
DA:121,0
DA:122,0
DA:123,0
DA:125,0
BRDA:110,234,0,0
BRDA:110,234,1,0
LF:114
LH:0
BRF:20
BRH:0
FNF:9
FNH:0
end_of_record
SF:/modernize-data/studio-data/TNT1001/APP2643/transformed-code/773/studio-workspace/TourManagmen3/src/TourManagement.Application/Mappings/MappingProfile.cs
FN:11,System.Void TourManagement.Application.Mappings.MappingProfile::.ctor()
FNDA:0,System.Void TourManagement.Application.Mappings.MappingProfile::.ctor()
DA:12,0
DA:13,0
DA:15,0
DA:16,0
DA:17,0
DA:18,0
DA:19,0
DA:20,0
DA:21,0
DA:23,0
DA:24,0
DA:25,0
DA:28,0
DA:29,0
DA:30,0
DA:31,0
DA:32,0
DA:33,0
DA:35,0
DA:36,0
DA:37,0
DA:40,0
DA:41,0
DA:42,0
DA:43,0
DA:44,0
DA:45,0
DA:46,0
DA:47,0
DA:49,0
DA:50,0
DA:51,0
DA:52,0
LF:33
LH:0
BRF:0
BRH:0
FNF:1
FNH:0
end_of_record
SF:/modernize-data/studio-data/TNT1001/APP2643/transformed-code/773/studio-workspace/TourManagmen3/src/TourManagement.Application/Extensions/ServiceCollectionExtensions.cs
FN:12,Microsoft.Extensions.DependencyInjection.IServiceCollection TourManagement.Application.Extensions.ServiceCollectionExtensions::AddApplicationServices(Microsoft.Extensions.DependencyInjection.IServiceCollection)
FNDA:0,Microsoft.Extensions.DependencyInjection.IServiceCollection TourManagement.Application.Extensions.ServiceCollectionExtensions::AddApplicationServices(Microsoft.Extensions.DependencyInjection.IServiceCollection)
DA:13,0
DA:15,0
DA:18,0
DA:19,0
DA:20,0
DA:22,0
DA:23,0
LF:7
LH:0
BRF:0
BRH:0
FNF:1
FNH:0
end_of_record
SF:/modernize-data/studio-data/TNT1001/APP2643/transformed-code/773/studio-workspace/TourManagmen3/src/TourManagement.Application/DTOs/BookingDto.cs
FN:7,System.Int32 TourManagement.Application.DTOs.BookingDto::get_Id()
FNDA:0,System.Int32 TourManagement.Application.DTOs.BookingDto::get_Id()
DA:8,0
FN:8,System.String TourManagement.Application.DTOs.BookingDto::get_TourName()
FNDA:0,System.String TourManagement.Application.DTOs.BookingDto::get_TourName()
DA:9,0
FN:9,System.String TourManagement.Application.DTOs.BookingDto::get_Place()
FNDA:0,System.String TourManagement.Application.DTOs.BookingDto::get_Place()
DA:10,0
FN:10,System.String TourManagement.Application.DTOs.BookingDto::get_Email()
FNDA:0,System.String TourManagement.Application.DTOs.BookingDto::get_Email()
DA:11,0
FN:11,System.String TourManagement.Application.DTOs.BookingDto::get_FirstName()
FNDA:0,System.String TourManagement.Application.DTOs.BookingDto::get_FirstName()
DA:12,0
FN:12,System.Nullable`1<System.Int32> TourManagement.Application.DTOs.BookingDto::get_TourId()
FNDA:0,System.Nullable`1<System.Int32> TourManagement.Application.DTOs.BookingDto::get_TourId()
DA:13,0
FN:13,System.Nullable`1<System.Int32> TourManagement.Application.DTOs.BookingDto::get_UserId()
FNDA:0,System.Nullable`1<System.Int32> TourManagement.Application.DTOs.BookingDto::get_UserId()
DA:14,0
FN:14,System.DateTime TourManagement.Application.DTOs.BookingDto::get_BookingDate()
FNDA:0,System.DateTime TourManagement.Application.DTOs.BookingDto::get_BookingDate()
DA:15,0
FN:15,System.String TourManagement.Application.DTOs.BookingDto::get_Status()
FNDA:0,System.String TourManagement.Application.DTOs.BookingDto::get_Status()
DA:16,0
FN:16,System.DateTime TourManagement.Application.DTOs.BookingDto::get_CreatedDate()
FNDA:0,System.DateTime TourManagement.Application.DTOs.BookingDto::get_CreatedDate()
DA:17,0
FN:17,System.Nullable`1<System.DateTime> TourManagement.Application.DTOs.BookingDto::get_ModifiedDate()
FNDA:0,System.Nullable`1<System.DateTime> TourManagement.Application.DTOs.BookingDto::get_ModifiedDate()
DA:18,0
FN:18,System.Boolean TourManagement.Application.DTOs.BookingDto::get_IsActive()
FNDA:0,System.Boolean TourManagement.Application.DTOs.BookingDto::get_IsActive()
DA:19,0
FN:26,System.String TourManagement.Application.DTOs.BookingCreateDto::get_TourName()
FNDA:0,System.String TourManagement.Application.DTOs.BookingCreateDto::get_TourName()
DA:27,0
FN:27,System.String TourManagement.Application.DTOs.BookingCreateDto::get_Place()
FNDA:0,System.String TourManagement.Application.DTOs.BookingCreateDto::get_Place()
DA:28,0
FN:28,System.String TourManagement.Application.DTOs.BookingCreateDto::get_Email()
FNDA:0,System.String TourManagement.Application.DTOs.BookingCreateDto::get_Email()
DA:29,0
FN:29,System.String TourManagement.Application.DTOs.BookingCreateDto::get_FirstName()
FNDA:0,System.String TourManagement.Application.DTOs.BookingCreateDto::get_FirstName()
DA:30,0
FN:30,System.Nullable`1<System.Int32> TourManagement.Application.DTOs.BookingCreateDto::get_TourId()
FNDA:0,System.Nullable`1<System.Int32> TourManagement.Application.DTOs.BookingCreateDto::get_TourId()
DA:31,0
FN:31,System.Nullable`1<System.Int32> TourManagement.Application.DTOs.BookingCreateDto::get_UserId()
FNDA:0,System.Nullable`1<System.Int32> TourManagement.Application.DTOs.BookingCreateDto::get_UserId()
DA:32,0
FN:39,System.String TourManagement.Application.DTOs.BookingUpdateDto::get_Status()
FNDA:0,System.String TourManagement.Application.DTOs.BookingUpdateDto::get_Status()
DA:40,0
FN:40,System.String TourManagement.Application.DTOs.BookingUpdateDto::get_TourName()
FNDA:0,System.String TourManagement.Application.DTOs.BookingUpdateDto::get_TourName()
DA:41,0
FN:41,System.String TourManagement.Application.DTOs.BookingUpdateDto::get_Place()
FNDA:0,System.String TourManagement.Application.DTOs.BookingUpdateDto::get_Place()
DA:42,0
FN:42,System.String TourManagement.Application.DTOs.BookingUpdateDto::get_Email()
FNDA:0,System.String TourManagement.Application.DTOs.BookingUpdateDto::get_Email()
DA:43,0
FN:43,System.String TourManagement.Application.DTOs.BookingUpdateDto::get_FirstName()
FNDA:0,System.String TourManagement.Application.DTOs.BookingUpdateDto::get_FirstName()
DA:44,0
LF:23
LH:0
BRF:0
BRH:0
FNF:23
FNH:0
end_of_record
SF:/modernize-data/studio-data/TNT1001/APP2643/transformed-code/773/studio-workspace/TourManagmen3/src/TourManagement.Application/DTOs/TourDto.cs
FN:7,System.Int32 TourManagement.Application.DTOs.TourDto::get_Id()
FNDA:0,System.Int32 TourManagement.Application.DTOs.TourDto::get_Id()
DA:8,0
FN:8,System.String TourManagement.Application.DTOs.TourDto::get_TourName()
FNDA:0,System.String TourManagement.Application.DTOs.TourDto::get_TourName()
DA:9,0
FN:9,System.String TourManagement.Application.DTOs.TourDto::get_Place()
FNDA:0,System.String TourManagement.Application.DTOs.TourDto::get_Place()
DA:10,0
FN:10,System.Int32 TourManagement.Application.DTOs.TourDto::get_Days()
FNDA:0,System.Int32 TourManagement.Application.DTOs.TourDto::get_Days()
DA:11,0
FN:11,System.Decimal TourManagement.Application.DTOs.TourDto::get_Price()
FNDA:0,System.Decimal TourManagement.Application.DTOs.TourDto::get_Price()
DA:12,0
FN:12,System.String TourManagement.Application.DTOs.TourDto::get_Locations()
FNDA:0,System.String TourManagement.Application.DTOs.TourDto::get_Locations()
DA:13,0
FN:13,System.String TourManagement.Application.DTOs.TourDto::get_TourInfo()
FNDA:0,System.String TourManagement.Application.DTOs.TourDto::get_TourInfo()
DA:14,0
FN:14,System.String TourManagement.Application.DTOs.TourDto::get_PictureFileName()
FNDA:0,System.String TourManagement.Application.DTOs.TourDto::get_PictureFileName()
DA:15,0
FN:15,System.DateTime TourManagement.Application.DTOs.TourDto::get_CreatedDate()
FNDA:0,System.DateTime TourManagement.Application.DTOs.TourDto::get_CreatedDate()
DA:16,0
FN:16,System.Nullable`1<System.DateTime> TourManagement.Application.DTOs.TourDto::get_ModifiedDate()
FNDA:0,System.Nullable`1<System.DateTime> TourManagement.Application.DTOs.TourDto::get_ModifiedDate()
DA:17,0
FN:17,System.Boolean TourManagement.Application.DTOs.TourDto::get_IsActive()
FNDA:0,System.Boolean TourManagement.Application.DTOs.TourDto::get_IsActive()
DA:18,0
FN:25,System.String TourManagement.Application.DTOs.TourCreateDto::get_TourName()
FNDA:0,System.String TourManagement.Application.DTOs.TourCreateDto::get_TourName()
DA:26,0
FN:26,System.String TourManagement.Application.DTOs.TourCreateDto::get_Place()
FNDA:0,System.String TourManagement.Application.DTOs.TourCreateDto::get_Place()
DA:27,0
FN:27,System.Int32 TourManagement.Application.DTOs.TourCreateDto::get_Days()
FNDA:0,System.Int32 TourManagement.Application.DTOs.TourCreateDto::get_Days()
DA:28,0
FN:28,System.Decimal TourManagement.Application.DTOs.TourCreateDto::get_Price()
FNDA:0,System.Decimal TourManagement.Application.DTOs.TourCreateDto::get_Price()
DA:29,0
FN:29,System.String TourManagement.Application.DTOs.TourCreateDto::get_Locations()
FNDA:0,System.String TourManagement.Application.DTOs.TourCreateDto::get_Locations()
DA:30,0
FN:30,System.String TourManagement.Application.DTOs.TourCreateDto::get_TourInfo()
FNDA:0,System.String TourManagement.Application.DTOs.TourCreateDto::get_TourInfo()
DA:31,0
FN:31,System.String TourManagement.Application.DTOs.TourCreateDto::get_PictureFileName()
FNDA:0,System.String TourManagement.Application.DTOs.TourCreateDto::get_PictureFileName()
DA:32,0
FN:39,System.String TourManagement.Application.DTOs.TourUpdateDto::get_TourName()
FNDA:0,System.String TourManagement.Application.DTOs.TourUpdateDto::get_TourName()
DA:40,0
FN:40,System.String TourManagement.Application.DTOs.TourUpdateDto::get_Place()
FNDA:0,System.String TourManagement.Application.DTOs.TourUpdateDto::get_Place()
DA:41,0
FN:41,System.Int32 TourManagement.Application.DTOs.TourUpdateDto::get_Days()
FNDA:0,System.Int32 TourManagement.Application.DTOs.TourUpdateDto::get_Days()
DA:42,0
FN:42,System.Decimal TourManagement.Application.DTOs.TourUpdateDto::get_Price()
FNDA:0,System.Decimal TourManagement.Application.DTOs.TourUpdateDto::get_Price()
DA:43,0
FN:43,System.String TourManagement.Application.DTOs.TourUpdateDto::get_Locations()
FNDA:0,System.String TourManagement.Application.DTOs.TourUpdateDto::get_Locations()
DA:44,0
FN:44,System.String TourManagement.Application.DTOs.TourUpdateDto::get_TourInfo()
FNDA:0,System.String TourManagement.Application.DTOs.TourUpdateDto::get_TourInfo()
DA:45,0
FN:45,System.String TourManagement.Application.DTOs.TourUpdateDto::get_PictureFileName()
FNDA:0,System.String TourManagement.Application.DTOs.TourUpdateDto::get_PictureFileName()
DA:46,0
LF:25
LH:0
BRF:0
BRH:0
FNF:25
FNH:0
end_of_record
SF:/modernize-data/studio-data/TNT1001/APP2643/transformed-code/773/studio-workspace/TourManagmen3/src/TourManagement.Application/DTOs/UserDto.cs
FN:7,System.Int32 TourManagement.Application.DTOs.UserDto::get_Id()
FNDA:0,System.Int32 TourManagement.Application.DTOs.UserDto::get_Id()
DA:8,0
FN:8,System.String TourManagement.Application.DTOs.UserDto::get_Email()
FNDA:0,System.String TourManagement.Application.DTOs.UserDto::get_Email()
DA:9,0
FN:9,System.String TourManagement.Application.DTOs.UserDto::get_FirstName()
FNDA:0,System.String TourManagement.Application.DTOs.UserDto::get_FirstName()
DA:10,0
FN:10,System.String TourManagement.Application.DTOs.UserDto::get_LastName()
FNDA:0,System.String TourManagement.Application.DTOs.UserDto::get_LastName()
DA:11,0
FN:11,System.String TourManagement.Application.DTOs.UserDto::get_Gender()
FNDA:0,System.String TourManagement.Application.DTOs.UserDto::get_Gender()
DA:12,0
FN:12,System.DateTime TourManagement.Application.DTOs.UserDto::get_DateOfBirth()
FNDA:0,System.DateTime TourManagement.Application.DTOs.UserDto::get_DateOfBirth()
DA:13,0
FN:13,System.String TourManagement.Application.DTOs.UserDto::get_Street()
FNDA:0,System.String TourManagement.Application.DTOs.UserDto::get_Street()
DA:14,0
FN:14,System.String TourManagement.Application.DTOs.UserDto::get_City()
FNDA:0,System.String TourManagement.Application.DTOs.UserDto::get_City()
DA:15,0
FN:15,System.String TourManagement.Application.DTOs.UserDto::get_State()
FNDA:0,System.String TourManagement.Application.DTOs.UserDto::get_State()
DA:16,0
FN:16,System.DateTime TourManagement.Application.DTOs.UserDto::get_CreatedDate()
FNDA:0,System.DateTime TourManagement.Application.DTOs.UserDto::get_CreatedDate()
DA:17,0
FN:17,System.Nullable`1<System.DateTime> TourManagement.Application.DTOs.UserDto::get_ModifiedDate()
FNDA:0,System.Nullable`1<System.DateTime> TourManagement.Application.DTOs.UserDto::get_ModifiedDate()
DA:18,0
FN:18,System.Boolean TourManagement.Application.DTOs.UserDto::get_IsActive()
FNDA:0,System.Boolean TourManagement.Application.DTOs.UserDto::get_IsActive()
DA:19,0
FN:26,System.String TourManagement.Application.DTOs.UserCreateDto::get_Email()
FNDA:0,System.String TourManagement.Application.DTOs.UserCreateDto::get_Email()
DA:27,0
FN:27,System.String TourManagement.Application.DTOs.UserCreateDto::get_FirstName()
FNDA:0,System.String TourManagement.Application.DTOs.UserCreateDto::get_FirstName()
DA:28,0
FN:28,System.String TourManagement.Application.DTOs.UserCreateDto::get_LastName()
FNDA:0,System.String TourManagement.Application.DTOs.UserCreateDto::get_LastName()
DA:29,0
FN:29,System.String TourManagement.Application.DTOs.UserCreateDto::get_Gender()
FNDA:0,System.String TourManagement.Application.DTOs.UserCreateDto::get_Gender()
DA:30,0
FN:30,System.String TourManagement.Application.DTOs.UserCreateDto::get_Password()
FNDA:0,System.String TourManagement.Application.DTOs.UserCreateDto::get_Password()
DA:31,0
FN:31,System.DateTime TourManagement.Application.DTOs.UserCreateDto::get_DateOfBirth()
FNDA:0,System.DateTime TourManagement.Application.DTOs.UserCreateDto::get_DateOfBirth()
DA:32,0
FN:32,System.String TourManagement.Application.DTOs.UserCreateDto::get_Street()
FNDA:0,System.String TourManagement.Application.DTOs.UserCreateDto::get_Street()
DA:33,0
FN:33,System.String TourManagement.Application.DTOs.UserCreateDto::get_City()
FNDA:0,System.String TourManagement.Application.DTOs.UserCreateDto::get_City()
DA:34,0
FN:34,System.String TourManagement.Application.DTOs.UserCreateDto::get_State()
FNDA:0,System.String TourManagement.Application.DTOs.UserCreateDto::get_State()
DA:35,0
FN:42,System.String TourManagement.Application.DTOs.UserUpdateDto::get_FirstName()
FNDA:0,System.String TourManagement.Application.DTOs.UserUpdateDto::get_FirstName()
DA:43,0
FN:43,System.String TourManagement.Application.DTOs.UserUpdateDto::get_LastName()
FNDA:0,System.String TourManagement.Application.DTOs.UserUpdateDto::get_LastName()
DA:44,0
FN:44,System.String TourManagement.Application.DTOs.UserUpdateDto::get_Gender()
FNDA:0,System.String TourManagement.Application.DTOs.UserUpdateDto::get_Gender()
DA:45,0
FN:45,System.DateTime TourManagement.Application.DTOs.UserUpdateDto::get_DateOfBirth()
FNDA:0,System.DateTime TourManagement.Application.DTOs.UserUpdateDto::get_DateOfBirth()
DA:46,0
FN:46,System.String TourManagement.Application.DTOs.UserUpdateDto::get_Street()
FNDA:0,System.String TourManagement.Application.DTOs.UserUpdateDto::get_Street()
DA:47,0
FN:47,System.String TourManagement.Application.DTOs.UserUpdateDto::get_City()
FNDA:0,System.String TourManagement.Application.DTOs.UserUpdateDto::get_City()
DA:48,0
FN:48,System.String TourManagement.Application.DTOs.UserUpdateDto::get_State()
FNDA:0,System.String TourManagement.Application.DTOs.UserUpdateDto::get_State()
DA:49,0
LF:28
LH:0
BRF:0
BRH:0
FNF:28
FNH:0
end_of_record