SF:/home/studioai/.nuget/packages/microsoft.net.test.sdk/17.8.0/build/netcoreapp3.1/Microsoft.NET.Test.Sdk.Program.cs
FN:3,System.Void AutoGeneratedProgram::Main(System.String[])
FNDA:0,System.Void AutoGeneratedProgram::Main(System.String[])
DA:4,0
LF:1
LH:0
BRF:0
BRH:0
FNF:1
FNH:0
end_of_record
SF:/modernize-data/studio-data/TNT1001/APP2723/transformed-code/862/studio-workspace/TourManagementAspcmp05/src/TourManagement.Infrastructure/Repositories/BookingRepository.cs
FN:16,System.Void TourManagement.Infrastructure.Repositories.BookingRepository::.ctor(TourManagement.Infrastructure.Data.TourManagementDbContext,Microsoft.Extensions.Logging.ILogger`1<TourManagement.Infrastructure.Repositories.BookingRepository>)
FNDA:22,System.Void TourManagement.Infrastructure.Repositories.BookingRepository::.ctor(TourManagement.Infrastructure.Data.TourManagementDbContext,Microsoft.Extensions.Logging.ILogger`1<TourManagement.Infrastructure.Repositories.BookingRepository>)
DA:17,22
DA:18,22
DA:19,22
DA:20,21
DA:21,20
BRDA:19,11,0,1
BRDA:19,11,1,21
BRDA:20,33,0,1
BRDA:20,33,1,20
FN:78,System.Void TourManagement.Infrastructure.Repositories.BookingRepository/<AddAsync>d__6::MoveNext()
FNDA:2,System.Void TourManagement.Infrastructure.Repositories.BookingRepository/<AddAsync>d__6::MoveNext()
DA:79,2
DA:81,2
DA:82,2
DA:83,2
DA:84,2
DA:86,0
DA:87,0
DA:88,0
DA:89,0
DA:91,2
FN:107,System.Void TourManagement.Infrastructure.Repositories.BookingRepository/<DeleteAsync>d__8::MoveNext()
FNDA:3,System.Void TourManagement.Infrastructure.Repositories.BookingRepository/<DeleteAsync>d__8::MoveNext()
DA:108,3
DA:110,3
DA:111,3
DA:112,3
DA:113,2
DA:114,2
DA:115,2
DA:116,2
DA:117,2
DA:118,3
DA:119,0
DA:120,0
DA:121,0
DA:122,0
DA:124,3
BRDA:112,213,0,2
BRDA:112,213,1,3
FN:126,System.Void TourManagement.Infrastructure.Repositories.BookingRepository/<ExistsAsync>d__9::MoveNext()
FNDA:3,System.Void TourManagement.Infrastructure.Repositories.BookingRepository/<ExistsAsync>d__9::MoveNext()
DA:127,3
DA:129,3
DA:130,3
DA:131,3
DA:133,0
DA:134,0
DA:135,0
DA:136,0
DA:138,3
FN:23,System.Void TourManagement.Infrastructure.Repositories.BookingRepository/<GetAllAsync>d__3::MoveNext()
FNDA:3,System.Void TourManagement.Infrastructure.Repositories.BookingRepository/<GetAllAsync>d__3::MoveNext()
DA:24,3
DA:26,3
DA:27,3
DA:28,3
DA:29,3
DA:30,3
DA:31,3
DA:32,3
DA:33,3
DA:35,0
DA:36,0
DA:37,0
DA:38,0
DA:40,3
FN:42,System.Void TourManagement.Infrastructure.Repositories.BookingRepository/<GetByIdAsync>d__4::MoveNext()
FNDA:3,System.Void TourManagement.Infrastructure.Repositories.BookingRepository/<GetByIdAsync>d__4::MoveNext()
DA:43,3
DA:45,3
DA:46,3
DA:47,3
DA:48,3
DA:49,3
DA:50,3
DA:52,0
DA:53,0
DA:54,0
DA:55,0
DA:57,3
FN:59,System.Void TourManagement.Infrastructure.Repositories.BookingRepository/<GetByUserEmailAsync>d__5::MoveNext()
FNDA:4,System.Void TourManagement.Infrastructure.Repositories.BookingRepository/<GetByUserEmailAsync>d__5::MoveNext()
DA:60,4
DA:62,4
DA:63,4
DA:64,4
DA:65,4
DA:66,4
DA:67,4
DA:68,4
DA:69,4
DA:71,0
DA:72,0
DA:73,0
DA:74,0
DA:76,4
FN:93,System.Void TourManagement.Infrastructure.Repositories.BookingRepository/<UpdateAsync>d__7::MoveNext()
FNDA:1,System.Void TourManagement.Infrastructure.Repositories.BookingRepository/<UpdateAsync>d__7::MoveNext()
DA:94,1
DA:96,1
DA:97,1
DA:98,1
DA:99,1
DA:100,0
DA:101,0
DA:102,0
DA:103,0
DA:105,1
LF:89
LH:61
BRF:6
BRH:6
FNF:8
FNH:8
end_of_record
SF:/modernize-data/studio-data/TNT1001/APP2723/transformed-code/862/studio-workspace/TourManagementAspcmp05/src/TourManagement.Infrastructure/Repositories/TourRepository.cs
FN:16,System.Void TourManagement.Infrastructure.Repositories.TourRepository::.ctor(TourManagement.Infrastructure.Data.TourManagementDbContext,Microsoft.Extensions.Logging.ILogger`1<TourManagement.Infrastructure.Repositories.TourRepository>)
FNDA:23,System.Void TourManagement.Infrastructure.Repositories.TourRepository::.ctor(TourManagement.Infrastructure.Data.TourManagementDbContext,Microsoft.Extensions.Logging.ILogger`1<TourManagement.Infrastructure.Repositories.TourRepository>)
DA:17,23
DA:18,23
DA:19,23
DA:20,22
DA:21,21
BRDA:19,11,0,1
BRDA:19,11,1,22
BRDA:20,33,0,1
BRDA:20,33,1,21
FN:55,System.Void TourManagement.Infrastructure.Repositories.TourRepository/<AddAsync>d__5::MoveNext()
FNDA:2,System.Void TourManagement.Infrastructure.Repositories.TourRepository/<AddAsync>d__5::MoveNext()
DA:56,2
DA:58,2
DA:59,2
DA:60,2
DA:61,2
DA:63,0
DA:64,0
DA:65,0
DA:66,0
DA:68,2
FN:84,System.Void TourManagement.Infrastructure.Repositories.TourRepository/<DeleteAsync>d__7::MoveNext()
FNDA:3,System.Void TourManagement.Infrastructure.Repositories.TourRepository/<DeleteAsync>d__7::MoveNext()
DA:85,3
DA:87,3
DA:88,3
DA:89,3
DA:90,2
DA:91,2
DA:92,2
DA:93,2
DA:94,2
DA:95,3
DA:96,0
DA:97,0
DA:98,0
DA:99,0
DA:101,3
BRDA:89,213,0,2
BRDA:89,213,1,3
FN:103,System.Void TourManagement.Infrastructure.Repositories.TourRepository/<ExistsAsync>d__8::MoveNext()
FNDA:3,System.Void TourManagement.Infrastructure.Repositories.TourRepository/<ExistsAsync>d__8::MoveNext()
DA:104,3
DA:106,3
DA:107,3
DA:108,3
DA:110,0
DA:111,0
DA:112,0
DA:113,0
DA:115,3
FN:23,System.Void TourManagement.Infrastructure.Repositories.TourRepository/<GetAllAsync>d__3::MoveNext()
FNDA:3,System.Void TourManagement.Infrastructure.Repositories.TourRepository/<GetAllAsync>d__3::MoveNext()
DA:24,3
DA:26,3
DA:27,3
DA:28,3
DA:29,3
DA:30,3
DA:31,3
DA:33,0
DA:34,0
DA:35,0
DA:36,0
DA:38,3
FN:40,System.Void TourManagement.Infrastructure.Repositories.TourRepository/<GetByIdAsync>d__4::MoveNext()
FNDA:3,System.Void TourManagement.Infrastructure.Repositories.TourRepository/<GetByIdAsync>d__4::MoveNext()
DA:41,3
DA:43,3
DA:44,3
DA:45,3
DA:46,3
DA:48,0
DA:49,0
DA:50,0
DA:51,0
DA:53,3
FN:117,System.Void TourManagement.Infrastructure.Repositories.TourRepository/<SearchAsync>d__9::MoveNext()
FNDA:5,System.Void TourManagement.Infrastructure.Repositories.TourRepository/<SearchAsync>d__9::MoveNext()
DA:118,5
DA:120,5
DA:121,5
DA:122,5
DA:123,5
DA:124,5
DA:125,5
DA:126,5
DA:127,5
DA:128,5
DA:130,0
DA:131,0
DA:132,0
DA:133,0
DA:135,5
FN:70,System.Void TourManagement.Infrastructure.Repositories.TourRepository/<UpdateAsync>d__6::MoveNext()
FNDA:1,System.Void TourManagement.Infrastructure.Repositories.TourRepository/<UpdateAsync>d__6::MoveNext()
DA:71,1
DA:73,1
DA:74,1
DA:75,1
DA:76,1
DA:77,0
DA:78,0
DA:79,0
DA:80,0
DA:82,1
LF:86
LH:58
BRF:6
BRH:6
FNF:8
FNH:8
end_of_record
SF:/modernize-data/studio-data/TNT1001/APP2723/transformed-code/862/studio-workspace/TourManagementAspcmp05/src/TourManagement.Infrastructure/Repositories/UserRepository.cs
FN:16,System.Void TourManagement.Infrastructure.Repositories.UserRepository::.ctor(TourManagement.Infrastructure.Data.TourManagementDbContext,Microsoft.Extensions.Logging.ILogger`1<TourManagement.Infrastructure.Repositories.UserRepository>)
FNDA:22,System.Void TourManagement.Infrastructure.Repositories.UserRepository::.ctor(TourManagement.Infrastructure.Data.TourManagementDbContext,Microsoft.Extensions.Logging.ILogger`1<TourManagement.Infrastructure.Repositories.UserRepository>)
DA:17,22
DA:18,22
DA:19,22
DA:20,21
DA:21,20
BRDA:19,11,0,1
BRDA:19,11,1,21
BRDA:20,33,0,1
BRDA:20,33,1,20
FN:55,System.Void TourManagement.Infrastructure.Repositories.UserRepository/<AddAsync>d__5::MoveNext()
FNDA:2,System.Void TourManagement.Infrastructure.Repositories.UserRepository/<AddAsync>d__5::MoveNext()
DA:56,2
DA:58,2
DA:59,2
DA:60,2
DA:61,2
DA:63,0
DA:64,0
DA:65,0
DA:66,0
DA:68,2
FN:117,System.Void TourManagement.Infrastructure.Repositories.UserRepository/<AuthenticateAsync>d__9::MoveNext()
FNDA:4,System.Void TourManagement.Infrastructure.Repositories.UserRepository/<AuthenticateAsync>d__9::MoveNext()
DA:118,4
DA:120,4
DA:121,4
DA:122,4
DA:123,4
DA:125,4
DA:126,3
DA:127,3
DA:130,1
DA:132,0
DA:133,0
DA:134,0
DA:135,0
DA:137,4
BRDA:125,339,0,3
BRDA:125,339,1,1
FN:84,System.Void TourManagement.Infrastructure.Repositories.UserRepository/<DeleteAsync>d__7::MoveNext()
FNDA:3,System.Void TourManagement.Infrastructure.Repositories.UserRepository/<DeleteAsync>d__7::MoveNext()
DA:85,3
DA:87,3
DA:88,3
DA:89,3
DA:90,2
DA:91,2
DA:92,2
DA:93,2
DA:94,2
DA:95,3
DA:96,0
DA:97,0
DA:98,0
DA:99,0
DA:101,3
BRDA:89,208,0,2
BRDA:89,208,1,3
FN:103,System.Void TourManagement.Infrastructure.Repositories.UserRepository/<ExistsAsync>d__8::MoveNext()
FNDA:3,System.Void TourManagement.Infrastructure.Repositories.UserRepository/<ExistsAsync>d__8::MoveNext()
DA:104,3
DA:106,3
DA:107,3
DA:108,3
DA:110,0
DA:111,0
DA:112,0
DA:113,0
DA:115,3
FN:23,System.Void TourManagement.Infrastructure.Repositories.UserRepository/<GetAllAsync>d__3::MoveNext()
FNDA:3,System.Void TourManagement.Infrastructure.Repositories.UserRepository/<GetAllAsync>d__3::MoveNext()
DA:24,3
DA:26,3
DA:27,3
DA:28,3
DA:29,3
DA:30,3
DA:31,3
DA:33,0
DA:34,0
DA:35,0
DA:36,0
DA:38,3
FN:40,System.Void TourManagement.Infrastructure.Repositories.UserRepository/<GetByEmailAsync>d__4::MoveNext()
FNDA:3,System.Void TourManagement.Infrastructure.Repositories.UserRepository/<GetByEmailAsync>d__4::MoveNext()
DA:41,3
DA:43,3
DA:44,3
DA:45,3
DA:46,3
DA:48,0
DA:49,0
DA:50,0
DA:51,0
DA:53,3
FN:70,System.Void TourManagement.Infrastructure.Repositories.UserRepository/<UpdateAsync>d__6::MoveNext()
FNDA:1,System.Void TourManagement.Infrastructure.Repositories.UserRepository/<UpdateAsync>d__6::MoveNext()
DA:71,1
DA:73,1
DA:74,1
DA:75,1
DA:76,1
DA:77,0
DA:78,0
DA:79,0
DA:80,0
DA:82,1
LF:85
LH:57
BRF:8
BRH:8
FNF:8
FNH:8
end_of_record
SF:/modernize-data/studio-data/TNT1001/APP2723/transformed-code/862/studio-workspace/TourManagementAspcmp05/src/TourManagement.Infrastructure/Extensions/ServiceCollectionExtensions.cs
FN:15,Microsoft.Extensions.DependencyInjection.IServiceCollection TourManagement.Infrastructure.Extensions.ServiceCollectionExtensions::AddInfrastructureServices(Microsoft.Extensions.DependencyInjection.IServiceCollection,Microsoft.Extensions.Configuration.IConfiguration)
FNDA:0,Microsoft.Extensions.DependencyInjection.IServiceCollection TourManagement.Infrastructure.Extensions.ServiceCollectionExtensions::AddInfrastructureServices(Microsoft.Extensions.DependencyInjection.IServiceCollection,Microsoft.Extensions.Configuration.IConfiguration)
DA:16,0
DA:17,0
DA:18,0
DA:19,0
DA:20,0
DA:22,0
DA:23,0
DA:24,0
DA:26,0
DA:27,0
LF:10
LH:0
BRF:0
BRH:0
FNF:1
FNH:0
end_of_record
SF:/modernize-data/studio-data/TNT1001/APP2723/transformed-code/862/studio-workspace/TourManagementAspcmp05/src/TourManagement.Infrastructure/Data/TourManagementDbContext.cs
FN:15,Microsoft.EntityFrameworkCore.DbSet`1<TourManagement.Domain.Entities.Tour> TourManagement.Infrastructure.Data.TourManagementDbContext::get_Tours()
FNDA:229,Microsoft.EntityFrameworkCore.DbSet`1<TourManagement.Domain.Entities.Tour> TourManagement.Infrastructure.Data.TourManagementDbContext::get_Tours()
DA:16,229
FN:16,Microsoft.EntityFrameworkCore.DbSet`1<TourManagement.Domain.Entities.User> TourManagement.Infrastructure.Data.TourManagementDbContext::get_Users()
FNDA:211,Microsoft.EntityFrameworkCore.DbSet`1<TourManagement.Domain.Entities.User> TourManagement.Infrastructure.Data.TourManagementDbContext::get_Users()
DA:17,211
FN:17,Microsoft.EntityFrameworkCore.DbSet`1<TourManagement.Domain.Entities.Booking> TourManagement.Infrastructure.Data.TourManagementDbContext::get_Bookings()
FNDA:212,Microsoft.EntityFrameworkCore.DbSet`1<TourManagement.Domain.Entities.Booking> TourManagement.Infrastructure.Data.TourManagementDbContext::get_Bookings()
DA:18,212
FN:20,System.Void TourManagement.Infrastructure.Data.TourManagementDbContext::OnModelCreating(Microsoft.EntityFrameworkCore.ModelBuilder)
FNDA:1,System.Void TourManagement.Infrastructure.Data.TourManagementDbContext::OnModelCreating(Microsoft.EntityFrameworkCore.ModelBuilder)
DA:21,1
DA:22,1
DA:24,1
DA:25,1
FN:11,System.Void TourManagement.Infrastructure.Data.TourManagementDbContext::.ctor(Microsoft.EntityFrameworkCore.DbContextOptions`1<TourManagement.Infrastructure.Data.TourManagementDbContext>)
FNDA:86,System.Void TourManagement.Infrastructure.Data.TourManagementDbContext::.ctor(Microsoft.EntityFrameworkCore.DbContextOptions`1<TourManagement.Infrastructure.Data.TourManagementDbContext>)
DA:12,86
DA:13,86
DA:14,86
LF:10
LH:10
BRF:0
BRH:0
FNF:5
FNH:5
end_of_record
SF:/modernize-data/studio-data/TNT1001/APP2723/transformed-code/862/studio-workspace/TourManagementAspcmp05/src/TourManagement.Infrastructure/Data/Configurations/BookingConfiguration.cs
FN:12,System.Void TourManagement.Infrastructure.Data.Configurations.BookingConfiguration::Configure(Microsoft.EntityFrameworkCore.Metadata.Builders.EntityTypeBuilder`1<TourManagement.Domain.Entities.Booking>)
FNDA:1,System.Void TourManagement.Infrastructure.Data.Configurations.BookingConfiguration::Configure(Microsoft.EntityFrameworkCore.Metadata.Builders.EntityTypeBuilder`1<TourManagement.Domain.Entities.Booking>)
DA:13,1
DA:14,1
DA:16,1
DA:18,1
DA:19,1
DA:20,1
DA:22,1
DA:23,1
DA:24,1
DA:26,1
DA:27,1
DA:28,1
DA:29,1
DA:31,1
DA:32,1
DA:33,1
DA:35,1
DA:36,1
DA:37,1
DA:38,1
DA:40,1
DA:41,1
DA:43,1
DA:44,1
DA:46,1
DA:47,1
DA:48,1
DA:49,1
DA:51,1
DA:52,1
DA:53,1
DA:54,1
DA:55,1
LF:33
LH:33
BRF:0
BRH:0
FNF:1
FNH:1
end_of_record
SF:/modernize-data/studio-data/TNT1001/APP2723/transformed-code/862/studio-workspace/TourManagementAspcmp05/src/TourManagement.Infrastructure/Data/Configurations/TourConfiguration.cs
FN:12,System.Void TourManagement.Infrastructure.Data.Configurations.TourConfiguration::Configure(Microsoft.EntityFrameworkCore.Metadata.Builders.EntityTypeBuilder`1<TourManagement.Domain.Entities.Tour>)
FNDA:1,System.Void TourManagement.Infrastructure.Data.Configurations.TourConfiguration::Configure(Microsoft.EntityFrameworkCore.Metadata.Builders.EntityTypeBuilder`1<TourManagement.Domain.Entities.Tour>)
DA:13,1
DA:14,1
DA:16,1
DA:18,1
DA:19,1
DA:20,1
DA:22,1
DA:23,1
DA:24,1
DA:25,1
DA:27,1
DA:28,1
DA:29,1
DA:30,1
DA:32,1
DA:33,1
DA:34,1
DA:36,1
DA:37,1
DA:38,1
DA:39,1
DA:41,1
DA:42,1
DA:43,1
DA:44,1
DA:46,1
DA:47,1
DA:48,1
DA:49,1
DA:51,1
DA:52,1
DA:53,1
DA:55,1
DA:56,1
DA:58,1
DA:59,1
DA:61,1
DA:62,1
DA:63,1
DA:64,1
DA:65,1
LF:41
LH:41
BRF:0
BRH:0
FNF:1
FNH:1
end_of_record
SF:/modernize-data/studio-data/TNT1001/APP2723/transformed-code/862/studio-workspace/TourManagementAspcmp05/src/TourManagement.Infrastructure/Data/Configurations/UserConfiguration.cs
FN:12,System.Void TourManagement.Infrastructure.Data.Configurations.UserConfiguration::Configure(Microsoft.EntityFrameworkCore.Metadata.Builders.EntityTypeBuilder`1<TourManagement.Domain.Entities.User>)
FNDA:1,System.Void TourManagement.Infrastructure.Data.Configurations.UserConfiguration::Configure(Microsoft.EntityFrameworkCore.Metadata.Builders.EntityTypeBuilder`1<TourManagement.Domain.Entities.User>)
DA:13,1
DA:14,1
DA:16,1
DA:18,1
DA:19,1
DA:20,1
DA:21,1
DA:23,1
DA:24,1
DA:25,1
DA:26,1
DA:28,1
DA:29,1
DA:30,1
DA:31,1
DA:33,1
DA:34,1
DA:35,1
DA:36,1
DA:38,1
DA:39,1
DA:40,1
DA:41,1
DA:43,1
DA:44,1
DA:45,1
DA:47,1
DA:48,1
DA:49,1
DA:50,1
DA:52,1
DA:53,1
DA:54,1
DA:55,1
DA:57,1
DA:58,1
DA:59,1
DA:60,1
DA:62,1
DA:63,1
DA:65,1
DA:66,1
DA:68,1
DA:69,1
DA:70,1
DA:71,1
DA:72,1
LF:47
LH:47
BRF:0
BRH:0
FNF:1
FNH:1
end_of_record
SF:/home/studioai/.nuget/packages/microsoft.net.test.sdk/17.8.0/build/netcoreapp3.1/Microsoft.NET.Test.Sdk.Program.cs
FN:3,System.Void AutoGeneratedProgram::Main(System.String[])
FNDA:0,System.Void AutoGeneratedProgram::Main(System.String[])
DA:4,0
LF:1
LH:0
BRF:0
BRH:0
FNF:1
FNH:0
end_of_record
SF:/modernize-data/studio-data/TNT1001/APP2723/transformed-code/862/studio-workspace/TourManagementAspcmp05/src/TourManagement.Domain/Entities/Booking.cs
FN:7,System.Int32 TourManagement.Domain.Entities.Booking::get_BookingId()
FNDA:57,System.Int32 TourManagement.Domain.Entities.Booking::get_BookingId()
DA:8,57
FN:8,System.Int32 TourManagement.Domain.Entities.Booking::get_TourId()
FNDA:53,System.Int32 TourManagement.Domain.Entities.Booking::get_TourId()
DA:9,53
FN:9,System.String TourManagement.Domain.Entities.Booking::get_Email()
FNDA:144,System.String TourManagement.Domain.Entities.Booking::get_Email()
DA:10,144
FN:10,System.DateTime TourManagement.Domain.Entities.Booking::get_BookingDate()
FNDA:26,System.DateTime TourManagement.Domain.Entities.Booking::get_BookingDate()
DA:11,26
FN:11,System.DateTime TourManagement.Domain.Entities.Booking::get_CreatedDate()
FNDA:12,System.DateTime TourManagement.Domain.Entities.Booking::get_CreatedDate()
DA:12,12
FN:12,System.Nullable`1<System.DateTime> TourManagement.Domain.Entities.Booking::get_ModifiedDate()
FNDA:17,System.Nullable`1<System.DateTime> TourManagement.Domain.Entities.Booking::get_ModifiedDate()
DA:13,17
FN:13,System.Boolean TourManagement.Domain.Entities.Booking::get_IsActive()
FNDA:36,System.Boolean TourManagement.Domain.Entities.Booking::get_IsActive()
DA:14,36
FN:14,System.String TourManagement.Domain.Entities.Booking::get_Status()
FNDA:96,System.String TourManagement.Domain.Entities.Booking::get_Status()
DA:15,96
FN:16,TourManagement.Domain.Entities.Tour TourManagement.Domain.Entities.Booking::get_Tour()
FNDA:78,TourManagement.Domain.Entities.Tour TourManagement.Domain.Entities.Booking::get_Tour()
DA:17,78
FN:17,TourManagement.Domain.Entities.User TourManagement.Domain.Entities.Booking::get_User()
FNDA:78,TourManagement.Domain.Entities.User TourManagement.Domain.Entities.Booking::get_User()
DA:18,78
LF:10
LH:10
BRF:0
BRH:0
FNF:10
FNH:10
end_of_record
SF:/modernize-data/studio-data/TNT1001/APP2723/transformed-code/862/studio-workspace/TourManagementAspcmp05/src/TourManagement.Domain/Entities/Tour.cs
FN:7,System.Int32 TourManagement.Domain.Entities.Tour::get_TourId()
FNDA:77,System.Int32 TourManagement.Domain.Entities.Tour::get_TourId()
DA:8,77
FN:8,System.String TourManagement.Domain.Entities.Tour::get_TourName()
FNDA:160,System.String TourManagement.Domain.Entities.Tour::get_TourName()
DA:9,160
FN:9,System.String TourManagement.Domain.Entities.Tour::get_Place()
FNDA:106,System.String TourManagement.Domain.Entities.Tour::get_Place()
DA:10,106
FN:10,System.Int32 TourManagement.Domain.Entities.Tour::get_Days()
FNDA:10,System.Int32 TourManagement.Domain.Entities.Tour::get_Days()
DA:11,10
FN:11,System.Decimal TourManagement.Domain.Entities.Tour::get_Price()
FNDA:12,System.Decimal TourManagement.Domain.Entities.Tour::get_Price()
DA:12,12
FN:12,System.String TourManagement.Domain.Entities.Tour::get_Locations()
FNDA:98,System.String TourManagement.Domain.Entities.Tour::get_Locations()
DA:13,98
FN:13,System.String TourManagement.Domain.Entities.Tour::get_TourInfo()
FNDA:96,System.String TourManagement.Domain.Entities.Tour::get_TourInfo()
DA:14,96
FN:14,System.String TourManagement.Domain.Entities.Tour::get_ImageFileName()
FNDA:8,System.String TourManagement.Domain.Entities.Tour::get_ImageFileName()
DA:15,8
FN:15,System.DateTime TourManagement.Domain.Entities.Tour::get_CreatedDate()
FNDA:27,System.DateTime TourManagement.Domain.Entities.Tour::get_CreatedDate()
DA:16,27
FN:16,System.Nullable`1<System.DateTime> TourManagement.Domain.Entities.Tour::get_ModifiedDate()
FNDA:16,System.Nullable`1<System.DateTime> TourManagement.Domain.Entities.Tour::get_ModifiedDate()
DA:17,16
FN:17,System.Boolean TourManagement.Domain.Entities.Tour::get_IsActive()
FNDA:44,System.Boolean TourManagement.Domain.Entities.Tour::get_IsActive()
DA:18,44
FN:19,System.Collections.Generic.ICollection`1<TourManagement.Domain.Entities.Booking> TourManagement.Domain.Entities.Tour::get_Bookings()
FNDA:104,System.Collections.Generic.ICollection`1<TourManagement.Domain.Entities.Booking> TourManagement.Domain.Entities.Tour::get_Bookings()
DA:20,104
LF:12
LH:12
BRF:0
BRH:0
FNF:12
FNH:12
end_of_record
SF:/modernize-data/studio-data/TNT1001/APP2723/transformed-code/862/studio-workspace/TourManagementAspcmp05/src/TourManagement.Domain/Entities/User.cs
FN:7,System.String TourManagement.Domain.Entities.User::get_Email()
FNDA:180,System.String TourManagement.Domain.Entities.User::get_Email()
DA:8,180
FN:8,System.String TourManagement.Domain.Entities.User::get_FirstName()
FNDA:114,System.String TourManagement.Domain.Entities.User::get_FirstName()
DA:9,114
FN:9,System.String TourManagement.Domain.Entities.User::get_LastName()
FNDA:79,System.String TourManagement.Domain.Entities.User::get_LastName()
DA:10,79
FN:10,System.String TourManagement.Domain.Entities.User::get_Gender()
FNDA:78,System.String TourManagement.Domain.Entities.User::get_Gender()
DA:11,78
FN:11,System.String TourManagement.Domain.Entities.User::get_PasswordHash()
FNDA:92,System.String TourManagement.Domain.Entities.User::get_PasswordHash()
DA:12,92
FN:12,System.DateTime TourManagement.Domain.Entities.User::get_DateOfBirth()
FNDA:5,System.DateTime TourManagement.Domain.Entities.User::get_DateOfBirth()
DA:13,5
FN:13,System.String TourManagement.Domain.Entities.User::get_Street()
FNDA:78,System.String TourManagement.Domain.Entities.User::get_Street()
DA:14,78
FN:14,System.String TourManagement.Domain.Entities.User::get_City()
FNDA:78,System.String TourManagement.Domain.Entities.User::get_City()
DA:15,78
FN:15,System.String TourManagement.Domain.Entities.User::get_State()
FNDA:78,System.String TourManagement.Domain.Entities.User::get_State()
DA:16,78
FN:16,System.DateTime TourManagement.Domain.Entities.User::get_CreatedDate()
FNDA:12,System.DateTime TourManagement.Domain.Entities.User::get_CreatedDate()
DA:17,12
FN:17,System.Nullable`1<System.DateTime> TourManagement.Domain.Entities.User::get_ModifiedDate()
FNDA:17,System.Nullable`1<System.DateTime> TourManagement.Domain.Entities.User::get_ModifiedDate()
DA:18,17
FN:18,System.Boolean TourManagement.Domain.Entities.User::get_IsActive()
FNDA:35,System.Boolean TourManagement.Domain.Entities.User::get_IsActive()
DA:19,35
FN:20,System.Collections.Generic.ICollection`1<TourManagement.Domain.Entities.Booking> TourManagement.Domain.Entities.User::get_Bookings()
FNDA:86,System.Collections.Generic.ICollection`1<TourManagement.Domain.Entities.Booking> TourManagement.Domain.Entities.User::get_Bookings()
DA:21,86
LF:13
LH:13
BRF:0
BRH:0
FNF:13
FNH:13
end_of_record
SF:/home/studioai/.nuget/packages/microsoft.net.test.sdk/17.8.0/build/netcoreapp3.1/Microsoft.NET.Test.Sdk.Program.cs
FN:3,System.Void AutoGeneratedProgram::Main(System.String[])
FNDA:0,System.Void AutoGeneratedProgram::Main(System.String[])
DA:4,0
LF:1
LH:0
BRF:0
BRH:0
FNF:1
FNH:0
end_of_record
SF:/modernize-data/studio-data/TNT1001/APP2723/transformed-code/862/studio-workspace/TourManagementAspcmp05/src/TourManagement.Application/Services/BookingService.cs
FN:17,System.Void TourManagement.Application.Services.BookingService::.ctor(TourManagement.Domain.Interfaces.Repositories.IBookingRepository,TourManagement.Domain.Interfaces.Repositories.ITourRepository,TourManagement.Domain.Interfaces.Repositories.IUserRepository,Microsoft.Extensions.Logging.ILogger`1<TourManagement.Application.Services.BookingService>)
FNDA:33,System.Void TourManagement.Application.Services.BookingService::.ctor(TourManagement.Domain.Interfaces.Repositories.IBookingRepository,TourManagement.Domain.Interfaces.Repositories.ITourRepository,TourManagement.Domain.Interfaces.Repositories.IUserRepository,Microsoft.Extensions.Logging.ILogger`1<TourManagement.Application.Services.BookingService>)
DA:18,33
DA:19,33
DA:20,33
DA:21,33
DA:22,33
DA:23,33
DA:24,33
DA:25,32
DA:26,31
DA:27,30
DA:28,29
BRDA:24,11,0,1
BRDA:24,11,1,32
BRDA:25,33,0,1
BRDA:25,33,1,31
BRDA:26,55,0,1
BRDA:26,55,1,30
BRDA:27,78,0,1
BRDA:27,78,1,29
FN:81,System.Void TourManagement.Application.Services.BookingService/<CreateBookingAsync>d__8::MoveNext()
FNDA:7,System.Void TourManagement.Application.Services.BookingService/<CreateBookingAsync>d__8::MoveNext()
DA:82,7
DA:84,7
DA:85,7
DA:87,7
DA:88,6
DA:89,1
DA:90,1
DA:91,1
DA:94,5
DA:95,5
DA:96,1
DA:97,1
DA:98,1
DA:101,4
DA:102,4
DA:103,4
DA:104,4
DA:106,4
DA:107,4
DA:108,4
DA:110,3
DA:111,3
DA:112,3
DA:113,3
DA:115,4
BRDA:88,267,0,1
BRDA:88,267,1,5
BRDA:95,541,0,1
BRDA:95,541,1,4
FN:141,System.Void TourManagement.Application.Services.BookingService/<DeleteBookingAsync>d__10::MoveNext()
FNDA:3,System.Void TourManagement.Application.Services.BookingService/<DeleteBookingAsync>d__10::MoveNext()
DA:142,3
DA:144,3
DA:145,3
DA:147,3
DA:148,2
DA:149,1
DA:150,1
DA:151,1
DA:154,1
DA:155,1
DA:156,1
DA:157,2
DA:158,2
DA:159,2
DA:160,2
DA:162,1
BRDA:148,227,0,1
BRDA:148,227,1,1
FN:30,System.Void TourManagement.Application.Services.BookingService/<GetAllBookingsAsync>d__5::MoveNext()
FNDA:3,System.Void TourManagement.Application.Services.BookingService/<GetAllBookingsAsync>d__5::MoveNext()
DA:31,3
DA:33,3
DA:34,3
DA:35,3
DA:36,2
DA:37,2
DA:39,1
DA:40,1
DA:41,1
DA:42,1
DA:44,2
FN:46,System.Void TourManagement.Application.Services.BookingService/<GetBookingByIdAsync>d__6::MoveNext()
FNDA:3,System.Void TourManagement.Application.Services.BookingService/<GetBookingByIdAsync>d__6::MoveNext()
DA:47,3
DA:49,3
DA:50,3
DA:51,3
DA:52,2
DA:53,1
DA:54,1
DA:55,1
DA:56,2
DA:58,1
DA:59,1
DA:60,1
DA:61,1
DA:63,2
BRDA:52,221,0,1
BRDA:52,221,1,2
FN:65,System.Void TourManagement.Application.Services.BookingService/<GetUserBookingsAsync>d__7::MoveNext()
FNDA:3,System.Void TourManagement.Application.Services.BookingService/<GetUserBookingsAsync>d__7::MoveNext()
DA:66,3
DA:68,3
DA:69,3
DA:70,3
DA:71,2
DA:72,2
DA:74,1
DA:75,1
DA:76,1
DA:77,1
DA:79,2
FN:117,System.Void TourManagement.Application.Services.BookingService/<UpdateBookingAsync>d__9::MoveNext()
FNDA:4,System.Void TourManagement.Application.Services.BookingService/<UpdateBookingAsync>d__9::MoveNext()
DA:118,4
DA:120,4
DA:121,4
DA:123,4
DA:124,3
DA:125,1
DA:126,1
DA:127,1
DA:130,2
DA:131,2
DA:132,2
DA:133,2
DA:134,2
DA:135,2
DA:136,2
DA:137,2
DA:139,2
BRDA:124,244,0,1
BRDA:124,244,1,2
LF:105
LH:105
BRF:18
BRH:18
FNF:7
FNH:7
end_of_record
SF:/modernize-data/studio-data/TNT1001/APP2723/transformed-code/862/studio-workspace/TourManagementAspcmp05/src/TourManagement.Application/Services/TourService.cs
FN:15,System.Void TourManagement.Application.Services.TourService::.ctor(TourManagement.Domain.Interfaces.Repositories.ITourRepository,Microsoft.Extensions.Logging.ILogger`1<TourManagement.Application.Services.TourService>)
FNDA:29,System.Void TourManagement.Application.Services.TourService::.ctor(TourManagement.Domain.Interfaces.Repositories.ITourRepository,Microsoft.Extensions.Logging.ILogger`1<TourManagement.Application.Services.TourService>)
DA:16,29
DA:17,29
DA:18,29
DA:19,28
DA:20,27
BRDA:18,11,0,1
BRDA:18,11,1,28
BRDA:19,33,0,1
BRDA:19,33,1,27
FN:57,System.Void TourManagement.Application.Services.TourService/<CreateTourAsync>d__5::MoveNext()
FNDA:4,System.Void TourManagement.Application.Services.TourService/<CreateTourAsync>d__5::MoveNext()
DA:58,4
DA:60,4
DA:61,4
DA:63,4
DA:64,4
DA:66,4
DA:67,3
DA:68,3
DA:70,1
DA:71,1
DA:72,1
DA:73,1
DA:75,3
FN:101,System.Void TourManagement.Application.Services.TourService/<DeleteTourAsync>d__7::MoveNext()
FNDA:3,System.Void TourManagement.Application.Services.TourService/<DeleteTourAsync>d__7::MoveNext()
DA:102,3
DA:104,3
DA:105,3
DA:107,3
DA:108,2
DA:109,1
DA:110,1
DA:111,1
DA:114,1
DA:115,1
DA:116,1
DA:117,2
DA:118,2
DA:119,2
DA:120,2
DA:122,1
BRDA:108,227,0,1
BRDA:108,227,1,1
FN:22,System.Void TourManagement.Application.Services.TourService/<GetAllToursAsync>d__3::MoveNext()
FNDA:4,System.Void TourManagement.Application.Services.TourService/<GetAllToursAsync>d__3::MoveNext()
DA:23,4
DA:25,4
DA:26,4
DA:27,4
DA:28,3
DA:29,3
DA:31,1
DA:32,1
DA:33,1
DA:34,1
DA:36,3
FN:38,System.Void TourManagement.Application.Services.TourService/<GetTourByIdAsync>d__4::MoveNext()
FNDA:4,System.Void TourManagement.Application.Services.TourService/<GetTourByIdAsync>d__4::MoveNext()
DA:39,4
DA:41,4
DA:42,4
DA:43,4
DA:44,3
DA:45,2
DA:46,2
DA:47,2
DA:48,3
DA:50,1
DA:51,1
DA:52,1
DA:53,1
DA:55,3
BRDA:44,221,0,2
BRDA:44,221,1,3
FN:124,System.Void TourManagement.Application.Services.TourService/<SearchToursAsync>d__8::MoveNext()
FNDA:4,System.Void TourManagement.Application.Services.TourService/<SearchToursAsync>d__8::MoveNext()
DA:125,4
DA:127,4
DA:128,4
DA:129,4
DA:130,3
DA:131,3
DA:133,1
DA:134,1
DA:135,1
DA:136,1
DA:138,3
FN:77,System.Void TourManagement.Application.Services.TourService/<UpdateTourAsync>d__6::MoveNext()
FNDA:4,System.Void TourManagement.Application.Services.TourService/<UpdateTourAsync>d__6::MoveNext()
DA:78,4
DA:80,4
DA:81,4
DA:83,4
DA:84,3
DA:85,1
DA:86,1
DA:87,1
DA:90,2
DA:91,2
DA:92,2
DA:93,2
DA:94,2
DA:95,2
DA:96,2
DA:97,2
DA:99,2
BRDA:84,244,0,1
BRDA:84,244,1,2
LF:87
LH:87
BRF:10
BRH:10
FNF:7
FNH:7
end_of_record
SF:/modernize-data/studio-data/TNT1001/APP2723/transformed-code/862/studio-workspace/TourManagementAspcmp05/src/TourManagement.Application/Services/UserService.cs
FN:15,System.Void TourManagement.Application.Services.UserService::.ctor(TourManagement.Domain.Interfaces.Repositories.IUserRepository,Microsoft.Extensions.Logging.ILogger`1<TourManagement.Application.Services.UserService>)
FNDA:30,System.Void TourManagement.Application.Services.UserService::.ctor(TourManagement.Domain.Interfaces.Repositories.IUserRepository,Microsoft.Extensions.Logging.ILogger`1<TourManagement.Application.Services.UserService>)
DA:16,30
DA:17,30
DA:18,30
DA:19,29
DA:20,28
BRDA:18,11,0,1
BRDA:18,11,1,29
BRDA:19,33,0,1
BRDA:19,33,1,28
FN:132,System.Void TourManagement.Application.Services.UserService/<AuthenticateAsync>d__8::MoveNext()
FNDA:5,System.Void TourManagement.Application.Services.UserService/<AuthenticateAsync>d__8::MoveNext()
DA:133,5
DA:135,5
DA:136,5
DA:138,5
DA:139,4
DA:140,1
DA:141,1
DA:142,1
DA:145,3
DA:146,2
DA:147,2
DA:148,2
DA:151,1
DA:152,1
DA:154,1
DA:155,1
DA:156,1
DA:157,1
DA:159,4
BRDA:139,216,0,1
BRDA:139,216,1,3
BRDA:145,294,0,2
BRDA:145,294,1,1
FN:109,System.Void TourManagement.Application.Services.UserService/<DeleteUserAsync>d__7::MoveNext()
FNDA:3,System.Void TourManagement.Application.Services.UserService/<DeleteUserAsync>d__7::MoveNext()
DA:110,3
DA:112,3
DA:113,3
DA:115,3
DA:116,2
DA:117,1
DA:118,1
DA:119,1
DA:122,1
DA:123,1
DA:124,1
DA:125,2
DA:126,2
DA:127,2
DA:128,2
DA:130,1
BRDA:116,219,0,1
BRDA:116,219,1,1
FN:22,System.Void TourManagement.Application.Services.UserService/<GetAllUsersAsync>d__3::MoveNext()
FNDA:3,System.Void TourManagement.Application.Services.UserService/<GetAllUsersAsync>d__3::MoveNext()
DA:23,3
DA:25,3
DA:26,3
DA:27,3
DA:28,2
DA:29,2
DA:31,1
DA:32,1
DA:33,1
DA:34,1
DA:36,2
FN:38,System.Void TourManagement.Application.Services.UserService/<GetUserByEmailAsync>d__4::MoveNext()
FNDA:3,System.Void TourManagement.Application.Services.UserService/<GetUserByEmailAsync>d__4::MoveNext()
DA:39,3
DA:41,3
DA:42,3
DA:43,3
DA:44,2
DA:45,1
DA:46,1
DA:47,1
DA:48,2
DA:50,1
DA:51,1
DA:52,1
DA:53,1
DA:55,2
BRDA:44,216,0,1
BRDA:44,216,1,2
FN:57,System.Void TourManagement.Application.Services.UserService/<RegisterUserAsync>d__5::MoveNext()
FNDA:6,System.Void TourManagement.Application.Services.UserService/<RegisterUserAsync>d__5::MoveNext()
DA:58,6
DA:60,6
DA:61,6
DA:63,6
DA:64,5
DA:65,1
DA:66,1
DA:67,1
DA:70,4
DA:71,4
DA:72,4
DA:74,4
DA:75,4
DA:76,4
DA:78,2
DA:79,2
DA:80,2
DA:81,2
DA:83,4
BRDA:64,241,0,1
BRDA:64,241,1,4
FN:85,System.Void TourManagement.Application.Services.UserService/<UpdateUserAsync>d__6::MoveNext()
FNDA:4,System.Void TourManagement.Application.Services.UserService/<UpdateUserAsync>d__6::MoveNext()
DA:86,4
DA:88,4
DA:89,4
DA:91,4
DA:92,3
DA:93,1
DA:94,1
DA:95,1
DA:98,2
DA:99,2
DA:100,2
DA:101,2
DA:102,2
DA:103,2
DA:104,2
DA:105,2
DA:107,2
BRDA:92,239,0,1
BRDA:92,239,1,2
LF:101
LH:101
BRF:16
BRH:16
FNF:7
FNH:7
end_of_record
SF:/modernize-data/studio-data/TNT1001/APP2723/transformed-code/862/studio-workspace/TourManagementAspcmp05/src/TourManagement.Application/Extensions/ServiceCollectionExtensions.cs
FN:12,Microsoft.Extensions.DependencyInjection.IServiceCollection TourManagement.Application.Extensions.ServiceCollectionExtensions::AddApplicationServices(Microsoft.Extensions.DependencyInjection.IServiceCollection)
FNDA:10,Microsoft.Extensions.DependencyInjection.IServiceCollection TourManagement.Application.Extensions.ServiceCollectionExtensions::AddApplicationServices(Microsoft.Extensions.DependencyInjection.IServiceCollection)
DA:13,10
DA:14,10
DA:15,10
DA:16,10
DA:18,10
DA:19,10
LF:6
LH:6
BRF:0
BRH:0
FNF:1
FNH:1
end_of_record